Scenario - PerceptionDeplacement
Logfile written - 01/05/2021 18:24:51

Subject	Trial	Event Type	Code	Time	TTime	Uncertainty	Duration	Uncertainty	ReqTime	ReqDur	Stim Type	Pair Index

Achille	1	Response	1	18214	17982	1
Achille	2	Response	11	576259	557876	1
Achille	18	Response	11	736578	9955	1
Achille	19	Response	11	753196	16441	1
Achille	26	Response	11	814056	733	1
Achille	27	Response	11	833257	9910	1
Achille	42	Response	11	977451	4023	1
Achille	43	Response	11	989941	6401	1
Achille	52	Response	11	1070155	32	1
Achille	53	Response	11	1086040	5751	1
Achille	66	Response	11	1213989	7761	1
Achille	67	Response	11	1222987	6650	1
Achille	76	Response	11	1309375	6253	1
Achille	77	Response	11	1321003	7751	1
Achille	78	Response	11	1340675	19330	1
Achille	78	Response	11	1389511	68166	1
Achille	78	Response	11	1419466	98121	1
Achille	78	Response	11	1509540	188195	1
Achille	78	Response	11	1602464	281119	1
Achille	473	Response	10	1724958	132	1
Achille	859	Response	10	1824728	156	1
Achille	984	Response	10	1880880	24	1
Achille	1202	Response	10	1952740	113	1
Achille	1204	Response	10	1956878	3918	1
Achille	1316	Response	10	2007080	1	6
Achille	1318	Response	10	2009545	2133	1
Achille	1637	Response	10	2096118	116	1
Achille	1639	Response	11	2111145	14910	1
Achille	1921	Response	10	2193844	94	1
Achille	2026	Response	10	2246731	28	1
Achille	2114	Response	10	2296865	39	1
Achille	2229	Response	10	2351490	44	1
Achille	2297	Response	10	2400825	90	1
Achille	2377	Response	10	2449581	55	1
Achille	2436	Response	10	2495075	89	1
Achille	2509	Response	10	2542673	61	1
Achille	2703	Response	10	2610477	92	1
Achille	2705	Response	8	2647868	37149	1
Achille	2809	Response	10	2700955	149	1
Achille	2883	Response	10	2748623	25	1
Achille	2900	Response	10	2787015	117	1
Achille	3363	Response	10	2899617	151	0
Achille	3365	Response	10	2903607	3807	1
Achille	3501	Response	10	2993440	56	1
Achille	3702	Response	10	3062325	1	4
Achille	3704	Response	10	3067174	4517	1
Achille	3898	Response	10	3168167	102	1
Achille	3900	Response	10	3172656	4258	1
Achille	3903	Response	5	3251524	47158	1
Achille	4087	Response	10	3317839	72	1
Achille	4156	Response	10	3364787	61	1
Achille	4195	Response	10	3406800	111	1
Achille	4325	Response	10	3464099	126	1
Achille	4437	Response	10	3518138	46	1
Achille	4545	Response	10	3571600	54	1
Achille	4642	Response	10	3623320	153	1
Achille	4710	Response	10	3670086	126	1
Achille	4712	Response	10	3672508	2215	1
Achille	5014	Response	10	3793843	158	1
Achille	5016	Response	7	3822624	28607	1
Achille	5162	Response	10	3882578	137	1
Achille	5287	Response	10	3938861	137	1
Achille	5389	Response	10	3991449	103	1
Achille	5455	Response	10	4037954	150	1
Achille	5506	Response	10	4081853	86	1
Achille	5593	Response	10	4131835	112	1
Achille	5678	Response	10	4181453	107	1
Achille	5769	Response	10	4232085	117	1
Achille	5849	Response	10	4280873	113	1
Achille	5851	Response	10	4285662	4570	1
Achille	5854	Response	7	4359074	42013	1
Achille	5855	Response	10	4376641	17284	1
Achille	6067	Response	10	4465626	28	1
Achille	6131	Response	10	4511883	159	1
Achille	10381	Response	10	5254927	19	1
Achille	10422	Response	10	5297326	122	1
Achille	10546	Response	10	5353327	5	1
Achille	10603	Response	10	5398284	1	3
Achille	10681	Response	10	5446845	104	1
Achille	10696	Response	10	5485485	111	1
Achille	10747	Response	10	5529405	71	1
Achille	10749	Response	4	5555572	25904	1
Achille	10794	Response	10	5598684	77	1
Achille	10830	Response	10	5640126	54	1
Achille	10901	Response	10	5687405	41	1
Achille	10903	Response	11	5732195	44598	1
Achille	10987	Response	10	5781885	104	1
Achille	11017	Response	10	5822284	38	1
Achille	11374	Response	10	5917164	1	1
Achille	11472	Response	10	5969084	134	1
Achille	11502	Response	10	6009564	149	1
Achille	11604	Response	10	6061885	15	1
Achille	11676	Response	10	6109484	156	1
Achille	11678	Response	7	6130475	20814	1
Achille	11732	Response	10	6175164	60	1
Achille	11952	Response	10	6247324	116	1
Achille	11982	Response	10	6287724	52	1
Achille	12084	Response	10	6340283	157	1
Achille	12195	Response	10	6394124	44	1
Achille	12276	Response	10	6443163	127	1
Achille	12303	Response	10	6483003	1	1
Achille	12305	Response	10	6485644	2310	1
Achille	12407	Response	10	6571323	65	1
Achille	12516	Response	10	6624923	45	1
Achille	12518	Response	3	6643713	18502	1
Achille	12545	Response	10	6683884	58	1
Achille	12589	Response	10	6726764	141	1
Achille	12622	Response	10	6767724	137	1
Achille	12639	Response	10	6805963	77	1
Achille	12667	Response	10	6846123	106	1
Achille	12693	Response	10	6885883	67	1
Achille	12770	Response	10	6934203	96	1
Achille	12805	Response	10	6975562	158	1
Achille	12845	Response	10	7017643	108	1
Achille	12957	Response	10	7071802	148	1
Achille	12959	Response	7	7088987	17000	1
Achille	13011	Response	10	7133482	49	1
Achille	13034	Response	10	7172763	31	1
Achille	13072	Response	10	7214683	154	1
Achille	13134	Response	10	7260362	39	1
Achille	13173	Response	10	7302443	157	1
Achille	13217	Response	10	7345242	160	1
Achille	13262	Response	10	7388202	158	1
Achille	13314	Response	10	7432282	110	1
Achille	13349	Response	10	7473482	13	1
Achille	13370	Response	10	7512442	7	1
Achille	13372	Response	8	7530622	17853	1
Achille	13401	Response	10	7571082	31	1
Achille	13427	Response	10	7610921	71	1
Achille	13452	Response	10	7650521	40	1
Achille	13492	Response	10	7692681	70	1
Achille	13504	Response	10	7730121	43	1
Achille	13545	Response	10	7772442	67	1
Achille	13584	Response	10	7814441	103	1
Achille	13656	Response	10	7861881	84	1
Achille	13711	Response	10	7906520	96	1
Achille	13713	Response	10	7942281	35523	1
Achille	13716	Response	7	7961789	19063	1
Achille	13758	Response	10	8004440	101	1
Achille	13830	Response	10	8051881	83	1
Achille	13858	Response	10	8091960	31	1
Achille	13894	Response	10	8133480	88	1
Achille	13924	Response	10	8173960	102	1
Achille	14173	Response	10	8250840	50	1
Achille	14175	Response	10	8264200	13176	1
Achille	14176	Response	10	8273239	8794	1
Achille	14214	Response	10	8341800	89	1
Achille	14275	Response	10	8387479	142	1
Achille	14299	Response	10	8426920	116	1
Achille	14343	Response	10	8469719	120	1
Achille	14361	Response	10	8508119	54	1
Achille	14369	Response	10	8545000	133	1
Achille	14433	Response	10	8591079	86	1
Achille	14462	Response	10	8633480	24	1
Achille	14513	Response	10	8677479	62	1
Achille	14609	Response	10	8729000	127	1
Achille	14640	Response	10	8769639	135	1
Achille	14696	Response	10	8814358	60	1
Achille	14698	Response	10	8816759	2128	1
Achille	14701	Response	10	8856759	6159	1
Achille	14705	Response	10	8900118	7056	1
Achille	14708	Response	10	8934519	5488	1
Achille	14800	Response	10	9015399	110	1
Achille	14863	Response	10	9061319	70	1
Achille	14871	Response	10	9098199	149	1
Achille	14873	Response	10	9134518	36135	1
Achille	14986	Response	10	9190518	49	1
Achille	14988	Response	10	9192838	2035	1
Achille	14991	Response	10	9235238	5969	1
Achille	14994	Response	1	9306031	40794	1
Achille	15032	Response	10	9348038	39	1
Achille	15077	Response	10	9391077	117	1
Achille	15094	Response	10	9429317	57	1
Achille	15127	Response	10	9470277	53	1
Achille	15148	Response	10	9509238	47	1
Achille	15196	Response	10	9552757	105	1
Achille	15343	Response	10	9612757	157	1
Achille	15422	Response	10	9661237	13	1
Achille	15453	Response	10	9701957	101	1
Achille	15599	Response	10	9761798	161	1
Achille	15601	Response	8	9781498	19528	1
Achille	15674	Response	10	9829316	72	1
Achille	15700	Response	10	9869157	114	1
Achille	15737	Response	10	9910677	4	1
Achille	15757	Response	10	9949637	164	1
Achille	15829	Response	10	9997076	145	1
Achille	15872	Response	10	10041956	64	1
Achille	15935	Response	10	10087956	104	1
Achille	15953	Response	10	10126356	38	1
Achille	15992	Response	10	10168435	154	1
Achille	16032	Response	10	10210436	24	1
Achille	16034	Response	7	10227425	16681	1
Achille	16055	Response	10	10266676	147	1
Achille	16057	Response	10	10282275	15414	1
Achille	16060	Response	10	10302996	166	1
Achille	16063	Response	10	10342595	3796	1
Achille	16141	Response	10	10422996	103	1
Achille	16184	Response	10	10465634	113	1
Achille	16238	Response	10	10510036	53	1
Achille	16268	Response	10	10550516	68	1
Achille	16280	Response	10	10587955	47	1
Achille	16282	Response	10	10600435	12287	1
Achille	16283	Response	10	10612595	11858	1
Achille	16355	Response	10	10683715	51	1
Achille	16455	Response	10	10735876	90	1
Achille	16468	Response	10	10775714	130	1
Achille	16507	Response	10	10817555	8	1
Achille	16553	Response	10	10860835	159	1
Achille	16663	Response	10	10914595	132	1
Achille	16727	Response	10	10960754	165	1
Achille	16757	Response	10	11001154	101	1
Achille	16760	Response	10	11037155	133	1
Achille	16816	Response	10	11081954	138	1
Achille	16818	Response	7	11106414	24264	1
Achille	16819	Response	10	11143554	36926	1
Achille	16834	Response	10	11182355	126	1
Achille	16838	Response	10	11220594	66	1
Achille	16860	Response	10	11259794	133	1
Achille	16896	Response	10	11301394	102	1
Achille	16928	Response	10	11342114	25	1
Achille	16977	Response	10	11385793	76	1
Achille	17026	Response	10	11431714	37	1
Achille	17061	Response	10	11473233	92	1
Achille	17102	Response	10	11515553	115	1
Achille	17104	Response	7	11531631	15860	1
Achille	17156	Response	10	11578113	63	1
Achille	17287	Response	10	11635394	61	1
Achille	17379	Response	10	11686193	71	1
Achille	17412	Response	10	11727153	67	1
Achille	17469	Response	10	11772112	65	1
Achille	17503	Response	10	11813312	135	1
Achille	17605	Response	10	11865713	81	1
Achille	17607	Response	10	11867952	1988	1
Achille	17607	Response	10	11872912	6948	1
Achille	17610	Response	10	11913712	11779	1
Achille	17786	Response	10	12002192	14	1
Achille	17788	Response	7	12021098	18586	1
Achille	17857	Response	10	12068191	70	1
Achille	17957	Response	10	12120352	110	1
Achille	18008	Response	10	12164352	148	1
Achille	18010	Response	10	12166752	2215	1
Achille	18077	Response	10	12246752	120	1
Achille	18162	Response	10	12296273	18	1
Achille	18208	Response	10	12339473	88	1
Achille	18257	Response	10	12383151	139	1
Achille	18350	Response	10	12434032	64	1
Achille	18428	Response	10	12482512	86	1
Achille	18430	Response	10	12492431	9672	1
Achille	18431	Response	10	12500111	7361	1
Achille	18464	Response	10	12569231	47	1
Achille	18564	Response	10	12621392	88	1
Achille	18569	Response	10	12657871	98	1
Achille	18614	Response	10	12700751	16	1
Achille	18643	Response	10	12741071	37	1
Achille	18662	Response	10	12779711	45	1
Achille	18718	Response	10	12824510	50	1
Achille	18759	Response	10	12866830	73	1
Achille	18788	Response	10	12907150	95	1
Achille	18835	Response	10	12950430	79	1
Achille	18975	Response	10	13009151	19	1
Achille	19013	Response	10	13053151	57	1


{
   "app": "Presentation Version 22.0 Build 05.10.20",
   "device": "Dell Inc. G5 5590",
   "experiment": "{511FFCDC-2E1A-453A-8288-A45BB0DEC473}",
   "os": "Windows 10 64 bit",
   "package": "",
   "parameters": {
      "configuration": "Default configuration"
   },
   "scenario": "ExpePerceptionApproche.sce",
   "subject": "Achille",
   "timestamp": "2021/01/05 17:03:02 GMT"
}
