Scenario - PerceptionDeplacement
Logfile written - 01/10/2021 14:38:35

Subject	Trial	Event Type	Code	Time	TTime	Uncertainty	Duration	Uncertainty	ReqTime	ReqDur	Stim Type	Pair Index

Adele	1	Response	2	54938	54706	1
Adele	2	Response	11	81425	26240	1
Adele	17	Response	11	222041	160	1
Adele	18	Response	11	243368	11338	1
Adele	25	Response	11	312002	8522	1
Adele	26	Response	11	327618	13992	1
Adele	40	Response	11	466793	9114	1
Adele	41	Response	11	474738	6913	1
Adele	52	Response	11	582349	7469	1
Adele	53	Response	11	595166	10276	1
Adele	66	Response	11	725047	9768	1
Adele	67	Response	11	732792	7359	1
Adele	75	Response	11	811116	8236	1
Adele	76	Response	11	818815	5791	1
Adele	77	Response	11	920222	101104	1
Adele	77	Response	11	978582	159463	1
Adele	77	Response	11	1094678	275559	1
Adele	77	Response	11	1394442	575323	1
Adele	77	Response	11	1755474	936356	1
Adele	1698	Response	10	2078687	1	4
Adele	1897	Response	10	2147330	37	1
Adele	1963	Response	10	2193908	156	1
Adele	2265	Response	10	2279589	78	1
Adele	2428	Response	10	2342288	165	1
Adele	2478	Response	10	2385949	31	1
Adele	2480	Response	11	2547704	161553	1
Adele	2747	Response	10	2627848	141	1
Adele	2800	Response	10	2672028	26	1
Adele	2858	Response	10	2717228	99	1
Adele	2914	Response	10	2762029	106	1
Adele	2993	Response	10	2812909	30	1
Adele	3115	Response	10	2868749	86	1
Adele	3266	Response	10	2929588	145	1
Adele	3455	Response	10	2996529	144	1
Adele	3701	Response	10	3072949	130	1
Adele	3703	Response	8	3110821	37669	1
Adele	3760	Response	10	3155929	16	1
Adele	4006	Response	10	3232508	162	1
Adele	4050	Response	10	3275309	166	1
Adele	4113	Response	10	3321129	27	1
Adele	4219	Response	10	3374348	126	1
Adele	4390	Response	10	3438209	42	1
Adele	4443	Response	10	3482608	147	1
Adele	4493	Response	10	3528488	67	1
Adele	4704	Response	10	3599129	102	1
Adele	4775	Response	10	3646467	149	1
Adele	4777	Response	8	3680711	34059	1
Adele	4882	Response	10	3733828	86	1
Adele	4946	Response	10	3780028	159	1
Adele	5017	Response	10	3827287	127	1
Adele	5080	Response	10	3873328	41	1
Adele	5144	Response	10	3919448	35	1
Adele	5218	Response	10	3967327	122	1
Adele	5358	Response	10	4026009	22	1
Adele	5409	Response	10	4070048	100	1
Adele	5467	Response	10	4117307	67	1
Adele	5543	Response	10	4165448	83	1
Adele	5545	Response	9	4185221	19522	1
Adele	5622	Response	10	4233689	50	1
Adele	5687	Response	10	4279967	35	1
Adele	5888	Response	10	4348988	116	1
Adele	5954	Response	10	4395408	77	1
Adele	6065	Response	10	4449308	24	1
Adele	6151	Response	10	4499208	134	1
Adele	6194	Response	10	4541848	144	1
Adele	6249	Response	10	4586408	77	1
Adele	6300	Response	10	4630447	154	1
Adele	6355	Response	10	4674927	6	1
Adele	6357	Response	9	4692014	16760	1
Adele	6502	Response	10	4751808	121	1
Adele	6672	Response	10	4815488	23	1
Adele	6739	Response	10	4862228	137	1
Adele	6880	Response	10	4921047	8	1
Adele	7096	Response	10	4992528	51	1
Adele	7188	Response	10	5043267	1	1
Adele	7235	Response	10	5086667	105	1
Adele	7281	Response	10	5129847	156	1
Adele	7337	Response	10	5174567	82	1
Adele	7501	Response	10	5237326	63	1
Adele	7503	Response	5	5267283	29687	1
Adele	7562	Response	10	5312807	110	1
Adele	7619	Response	10	5357666	8	1
Adele	7775	Response	10	5419127	22	1
Adele	7777	Response	11	5467500	48162	1
Adele	7909	Response	10	5525046	34	1
Adele	8027	Response	10	5580186	55	1
Adele	8081	Response	10	5624747	155	1
Adele	8131	Response	10	5668466	79	1
Adele	8193	Response	10	5714207	27	1
Adele	8243	Response	10	5757986	10	1
Adele	8290	Response	10	5801327	56	1
Adele	8292	Response	8	5829990	28386	1
Adele	8362	Response	10	5877346	141	1
Adele	8515	Response	10	5938266	114	1
Adele	8629	Response	10	5992626	22	1
Adele	8683	Response	10	6037186	120	1
Adele	8728	Response	10	6080046	18	1
Adele	8856	Response	10	6136946	134	1
Adele	8914	Response	10	6181966	27	1
Adele	9109	Response	10	6249967	87	1
Adele	9152	Response	10	6292526	17	1
Adele	9208	Response	10	6337326	22	1
Adele	9210	Response	9	6357969	20333	1
Adele	9274	Response	10	6404246	1	1
Adele	9332	Response	10	6449507	134	1
Adele	9618	Response	10	6532546	80	1
Adele	9686	Response	10	6579265	6	1
Adele	9731	Response	10	6622286	64	1
Adele	9778	Response	10	6665527	9	1
Adele	9833	Response	10	6710167	22	1
Adele	9881	Response	10	6753727	120	1
Adele	9922	Response	10	6796046	143	1
Adele	9987	Response	10	6842206	9	1
Adele	9989	Response	9	6874254	31724	1
Adele	10084	Response	10	6925865	75	1
Adele	10176	Response	10	6976586	7	1
Adele	10221	Response	10	7019606	65	1
Adele	10296	Response	10	7067565	65	1
Adele	10358	Response	10	7113445	152	1
Adele	10425	Response	10	7160026	107	1
Adele	10469	Response	10	7202745	30	1
Adele	10521	Response	10	7246984	141	1
Adele	10593	Response	10	7294324	23	1
Adele	10653	Response	10	7339805	43	1
Adele	10655	Response	9	7357314	17218	1
Adele	10733	Response	10	7405885	14	1
Adele	10787	Response	10	7450445	113	1
Adele	10843	Response	10	7495226	99	1
Adele	10892	Response	10	7538784	29	1
Adele	10968	Response	10	7587046	166	1
Adele	11034	Response	10	7633384	45	1
Adele	11164	Response	10	7690604	148	1
Adele	11244	Response	10	7739405	158	1
Adele	11366	Response	10	7795145	114	1
Adele	11438	Response	10	7842626	135	1
Adele	11440	Response	7	7896114	53290	1
Adele	11513	Response	10	7944065	163	1
Adele	11602	Response	10	7994245	54	1
Adele	11673	Response	10	8041506	22	1
Adele	11791	Response	10	8096705	103	1
Adele	11980	Response	10	8163684	141	1
Adele	12051	Response	10	8210885	50	1
Adele	12053	Response	11	8441499	230430	1
Adele	12150	Response	10	8493285	29	1
Adele	12194	Response	10	8536144	92	1
Adele	12249	Response	10	8580684	4	1
Adele	12318	Response	10	8627724	86	1
Adele	12320	Response	10	8628804	833	1
Adele	12385	Response	10	8709745	11	1
Adele	12442	Response	10	8754705	11	1
Adele	12501	Response	10	8800044	56	1
Adele	12567	Response	10	8848684	72	1
Adele	12634	Response	10	8895325	86	1
Adele	12762	Response	10	8952084	62	1
Adele	12811	Response	10	8995725	74	1
Adele	12867	Response	10	9040524	79	1
Adele	12900	Response	10	9081523	114	1
Adele	12902	Response	8	9104096	22354	1
Adele	12960	Response	10	9149383	33	1
Adele	12994	Response	10	9190625	144	1
Adele	13074	Response	10	9239363	92	1
Adele	13148	Response	10	9287144	81	1
Adele	13235	Response	10	9337183	164	0
Adele	13290	Response	10	9381804	157	1
Adele	13381	Response	10	9434785	17	1
Adele	13590	Response	10	9505087	47	1
Adele	13703	Response	10	9561824	0	1
Adele	13768	Response	10	9608144	27	1
Adele	13770	Response	9	9639388	30939	1
Adele	13870	Response	10	9691644	100	1
Adele	13912	Response	10	9734124	117	1
Adele	13945	Response	10	9775123	152	1
Adele	13991	Response	10	9818143	44	1
Adele	14124	Response	10	9875803	87	1
Adele	14252	Response	10	9932543	43	1
Adele	14312	Response	10	9978103	143	1
Adele	14370	Response	10	10023203	116	1
Adele	14411	Response	10	10065523	139	1
Adele	14454	Response	10	10108062	49	1
Adele	14456	Response	9	10130728	22381	1
Adele	14622	Response	10	10193943	4	1
Adele	14686	Response	10	10240123	58	1
Adele	14736	Response	10	10284004	144	1
Adele	14819	Response	10	10333264	114	1
Adele	14882	Response	10	10379223	113	1
Adele	14943	Response	10	10427163	94	1
Adele	15080	Response	10	10485463	112	1
Adele	15147	Response	10	10532102	125	1
Adele	15327	Response	10	10597484	64	1
Adele	15416	Response	10	10647743	34	1
Adele	15418	Response	6	10725031	76988	1
Adele	15518	Response	10	10777322	59	1
Adele	15596	Response	10	10825744	23	1
Adele	15652	Response	10	10870602	87	1
Adele	15711	Response	10	10915843	35	1
Adele	15758	Response	10	10959243	139	1
Adele	15816	Response	10	11004262	30	1
Adele	15909	Response	10	11055223	36	1
Adele	16003	Response	10	11106323	14	1
Adele	16087	Response	10	11155883	117	1
Adele	16089	Response	11	11501070	345071	1
Adele	16187	Response	10	11553062	142	1
Adele	16242	Response	10	11597682	135	1
Adele	16285	Response	10	11640243	66	1
Adele	16329	Response	10	11685183	45	1
Adele	16401	Response	10	11732603	7	1
Adele	16426	Response	10	11772382	153	1
Adele	16493	Response	10	11818863	9	1
Adele	16652	Response	10	11880922	122	1
Adele	16714	Response	10	11926642	49	1
Adele	16770	Response	10	11971422	34	1
Adele	16838	Response	10	12018203	23	1
Adele	16840	Response	9	12039176	20663	1
Adele	16942	Response	10	12093981	34	1
Adele	16965	Response	10	12133283	36	1
Adele	17035	Response	10	12182622	86	1
Adele	17170	Response	10	12240502	16	1
Adele	17299	Response	10	12297622	19	1
Adele	17357	Response	10	12342801	71	1
Adele	17402	Response	10	12385742	49	1
Adele	17447	Response	10	12431141	154	1
Adele	17489	Response	10	12473681	65	1
Adele	17526	Response	10	12515401	155	1
Adele	17528	Response	9	12537376	21796	1
Adele	17642	Response	10	12594183	5	1
Adele	17745	Response	10	12646901	103	1
Adele	17904	Response	10	12708882	138	1
Adele	18027	Response	10	12764861	166	1
Adele	18056	Response	10	12805022	28	1
Adele	18091	Response	10	12846341	50	1
Adele	18177	Response	10	12896221	140	1
Adele	18224	Response	10	12939542	165	1
Adele	18272	Response	10	12982861	23	1
Adele	18296	Response	10	13022341	37	1
Adele	18298	Response	9	13072251	49614	1
Adele	18519	Response	10	13144822	125	1
Adele	18614	Response	10	13196001	15	1
Adele	18684	Response	10	13243181	70	1
Adele	18769	Response	10	13292741	7	1
Adele	18802	Response	10	13333841	142	1
Adele	18804	Response	10	13368441	34409	1
Adele	18807	Response	10	13392740	22740	1
Adele	18837	Response	10	13446082	147	1
Adele	18897	Response	10	13491541	147	1
Adele	19002	Response	10	13544501	153	1
Adele	19004	Response	9	13579447	34766	1
Adele	19096	Response	10	13630381	108	1
Adele	19143	Response	10	13673701	132	1
Adele	19174	Response	10	13714241	40	1
Adele	19212	Response	10	13756181	17	1
Adele	19235	Response	10	13795500	37	1
Adele	19331	Response	10	13846981	63	1
Adele	19428	Response	10	13898680	141	1
Adele	19492	Response	10	13944781	115	1
Adele	19554	Response	10	13990481	21	1
Adele	19600	Response	10	14033640	52	1
Adele	19657	Response	10	14078660	111	1
Adele	19833	Response	10	14143481	155	1
Adele	19883	Response	10	14189421	135	1


{
   "app": "Presentation Version 22.0 Build 05.10.20",
   "device": "Dell Inc. G5 5590",
   "experiment": "{511FFCDC-2E1A-453A-8288-A45BB0DEC473}",
   "os": "Windows 10 64 bit",
   "package": "",
   "parameters": {
      "configuration": "Default configuration"
   },
   "scenario": "ExpePerceptionApproche.sce",
   "subject": "Adele",
   "timestamp": "2021/01/10 13:14:54 GMT"
}
