Scenario - PerceptionDeplacement
Logfile written - 10/26/2020 15:16:04

Subject	Trial	Event Type	Code	Time	TTime	Uncertainty	Duration	Uncertainty	ReqTime	ReqDur	Stim Type	Pair Index

Alex26_10	1	Response	11	119952	119886	1
Alex26_10	5	Response	11	158980	8632	1
Alex26_10	6	Response	11	170112	9773	1
Alex26_10	7	Response	11	213507	43089	1
Alex26_10	8	Response	11	382358	168545	1
Alex26_10	8	Response	11	449077	235264	1
Alex26_10	8	Response	11	520476	306663	1
Alex26_10	8	Response	11	703410	489597	1
Alex26_10	8	Response	11	1662819	1449006	1
Alex26_10	8	Response	11	1707904	1494091	1
Alex26_10	8	Response	11	1769703	1555889	1
Alex26_10	9	Response	11	1906894	136939	1
Alex26_10	10	Response	6	2002895	95727	1
Alex26_10	11	Response	9	2025623	22372	1
Alex26_10	342	Response	10	2080862	12	1
Alex26_10	344	Response	2	2169529	88346	1
Alex26_10	345	Response	5	2192809	23037	1
Alex26_10	449	Response	10	2210271	34	1
Alex26_10	451	Response	8	2283873	73303	1
Alex26_10	452	Response	4	2311049	26877	1
Alex26_10	546	Response	10	2326961	159	1
Alex26_10	548	Response	2	2622833	295699	1
Alex26_10	549	Response	9	2636425	13382	1
Alex26_10	719	Response	10	2664901	61	1
Alex26_10	721	Response	8	2745593	80420	1
Alex26_10	722	Response	5	2759580	13644	1
Alex26_10	914	Response	10	2791850	121	1
Alex26_10	916	Response	8	2851601	59539	1
Alex26_10	917	Response	9	2856541	4698	1
Alex26_10	1071	Response	10	2882330	13	1
Alex26_10	1073	Response	6	2967207	84557	1
Alex26_10	1074	Response	9	2981916	14507	1
Alex26_10	1172	Response	10	2998490	107	1
Alex26_10	1174	Response	8	3061241	62526	1
Alex26_10	1175	Response	5	3076438	14944	1
Alex26_10	1285	Response	10	3094911	113	1
Alex26_10	1287	Response	2	3152188	57057	1
Alex26_10	1288	Response	9	3161822	9407	1
Alex26_10	1363	Response	10	3174490	95	1
Alex26_10	1365	Response	8	3230268	55540	1
Alex26_10	1366	Response	9	3267234	36721	1
Alex26_10	1423	Response	10	3276920	114	1
Alex26_10	1425	Response	2	3361348	84209	1
Alex26_10	1426	Response	9	3372424	10858	1
Alex26_10	1552	Response	10	3393659	122	1
Alex26_10	1554	Response	6	3490943	97073	1
Alex26_10	1555	Response	4	3510657	19372	1
Alex26_10	1685	Response	10	3532439	23	1
Alex26_10	1687	Response	4	3611732	78982	1
Alex26_10	1688	Response	6	3639479	27466	1
Alex26_10	1743	Response	10	3648959	145	1
Alex26_10	1745	Response	4	3701255	52108	1
Alex26_10	1746	Response	9	3716433	14831	1
Alex26_10	1814	Response	10	3727940	28	1
Alex26_10	1816	Response	6	3833533	105288	1
Alex26_10	1817	Response	5	3850840	17020	1
Alex26_10	1869	Response	10	3859789	159	1
Alex26_10	1871	Response	4	3907181	47218	1
Alex26_10	1872	Response	5	3937291	29869	1
Alex26_10	1944	Response	10	3949549	163	1
Alex26_10	1946	Response	6	3991899	42181	1
Alex26_10	1947	Response	9	4023739	31558	1
Alex26_10	2120	Response	10	4052639	10	1
Alex26_10	2122	Response	8	4098235	45274	1
Alex26_10	2123	Response	9	4105582	6993	1
Alex26_10	2204	Response	10	4119299	62	1
Alex26_10	2206	Response	4	4214283	94713	1
Alex26_10	2207	Response	8	4233541	19054	1
Alex26_10	2260	Response	10	4242578	116	1
Alex26_10	2262	Response	2	4293588	50793	1
Alex26_10	2263	Response	9	4303576	9658	1
Alex26_10	2375	Response	10	4322478	85	1
Alex26_10	2377	Response	4	4384143	61417	1
Alex26_10	2378	Response	9	4392974	8635	1
Alex26_10	2497	Response	10	4413128	148	1
Alex26_10	2499	Response	4	4546057	132743	1
Alex26_10	2500	Response	4	4572383	26019	1
Alex26_10	2580	Response	10	4585969	139	1
Alex26_10	2582	Response	8	4629100	42937	1
Alex26_10	2583	Response	9	4644061	14602	1
Alex26_10	2670	Response	10	4658759	160	1
Alex26_10	2672	Response	4	4711325	52393	1
Alex26_10	2673	Response	9	4721273	9719	1
Alex26_10	2801	Response	10	4742728	35	1
Alex26_10	2803	Response	6	4790353	47327	1
Alex26_10	2804	Response	7	4807603	16952	1
Alex26_10	2885	Response	10	4821238	114	1
Alex26_10	2887	Response	6	4947956	126499	1
Alex26_10	2888	Response	3	4973780	25600	1
Alex26_10	2998	Response	10	4992188	46	1
Alex26_10	3000	Response	6	5040627	48153	1
Alex26_10	3001	Response	8	5059926	18994	1
Alex26_10	3146	Response	10	5084377	149	1
Alex26_10	3148	Response	4	5131048	46487	1
Alex26_10	3149	Response	9	5143811	12458	1
Alex26_10	3200	Response	10	5152417	82	1
Alex26_10	3202	Response	6	5230045	77377	1
Alex26_10	3203	Response	9	5241025	10758	1
Alex26_10	3386	Response	10	5271637	73	1
Alex26_10	3388	Response	2	5364452	92555	1
Alex26_10	3389	Response	6	5382908	18092	1
Alex26_10	3493	Response	10	5400367	82	1
Alex26_10	3495	Response	8	5478651	78032	1
Alex26_10	3496	Response	5	5494635	15751	1
Alex26_10	3673	Response	10	5524227	50	1
Alex26_10	3675	Response	4	5569652	45141	1
Alex26_10	3676	Response	7	5584351	14381	1
Alex26_10	3768	Response	10	5599938	160	1
Alex26_10	3770	Response	8	5644739	44628	1
Alex26_10	3771	Response	9	5651833	6761	1
Alex26_10	4038	Response	10	5696387	27	1
Alex26_10	4040	Response	8	5776252	79559	1
Alex26_10	4041	Response	8	5789797	13340	1
Alex26_10	4101	Response	10	5800067	130	1
Alex26_10	4103	Response	2	5850264	49994	1
Alex26_10	4104	Response	9	5861113	10554	1
Alex26_10	4233	Response	10	5882737	39	1
Alex26_10	4235	Response	8	5926305	43274	1
Alex26_10	4236	Response	9	5936676	10017	1
Alex26_10	4307	Response	10	5948707	67	1
Alex26_10	4309	Response	6	6016506	67533	1
Alex26_10	4310	Response	2	6035763	19016	1
Alex26_10	4418	Response	10	6053936	55	1
Alex26_10	4420	Response	8	6095113	40899	1
Alex26_10	4421	Response	9	6102115	6770	1
Alex26_10	4518	Response	10	6118336	11	1
Alex26_10	4520	Response	2	6167735	49077	1
Alex26_10	4521	Response	8	6179720	11772	1
Alex26_10	4683	Response	10	6206827	79	1
Alex26_10	4685	Response	6	6315352	108271	1
Alex26_10	4686	Response	6	6334972	19319	1
Alex26_10	4738	Response	10	6343946	151	1
Alex26_10	4740	Response	2	6391962	47834	1
Alex26_10	4741	Response	9	6413118	20866	1
Alex26_10	4843	Response	10	6430327	107	1
Alex26_10	4845	Response	2	6537600	107047	1
Alex26_10	4846	Response	9	6547299	9340	1
Alex26_10	4949	Response	10	6564656	53	1
Alex26_10	4951	Response	4	6607427	42492	1
Alex26_10	4952	Response	9	6616471	8740	1
Alex26_10	5036	Response	10	6630576	31	1
Alex26_10	5038	Response	2	6730358	99481	1
Alex26_10	5039	Response	6	6748548	17924	1
Alex26_10	5099	Response	10	6758647	47	1
Alex26_10	5101	Response	4	6849216	90283	1
Alex26_10	5102	Response	9	6863420	13900	1
Alex26_10	5149	Response	10	6871405	71	1
Alex26_10	5151	Response	6	6956625	84958	1
Alex26_10	5152	Response	5	6969426	12499	1
Alex26_10	5203	Response	10	6978125	51	1
Alex26_10	5205	Response	8	7045902	67495	1
Alex26_10	5206	Response	2	7065789	19607	1
Alex26_10	5279	Response	10	7077995	7	1
Alex26_10	5281	Response	6	7131507	53187	1
Alex26_10	5282	Response	2	7160034	28260	1
Alex26_10	5348	Response	10	7171165	92	1
Alex26_10	5350	Response	4	7214252	42846	1
Alex26_10	5351	Response	9	7227579	13044	1
Alex26_10	5477	Response	10	7248766	94	1
Alex26_10	5479	Response	8	7313954	64949	1
Alex26_10	5480	Response	7	7357445	43164	1
Alex26_10	5574	Response	10	7373285	55	1
Alex26_10	5576	Response	8	7414964	41401	1
Alex26_10	5577	Response	9	7436194	21001	1
Alex26_10	5702	Response	10	7457255	98	1
Alex26_10	5704	Response	2	7578109	120619	1
Alex26_10	5705	Response	9	7588047	9663	1
Alex26_10	5770	Response	10	7599055	22	1
Alex26_10	5772	Response	8	7641574	42209	1
Alex26_10	5773	Response	9	7651386	9557	1
Alex26_10	5827	Response	10	7660496	17	1
Alex26_10	5829	Response	4	7704864	44052	1
Alex26_10	5830	Response	9	7714930	9823	1
Alex26_10	5873	Response	10	7722404	146	1
Alex26_10	5875	Response	6	7766208	43616	1
Alex26_10	5876	Response	9	7774310	7757	1
Alex26_10	5991	Response	10	7793684	155	1
Alex26_10	5993	Response	6	7844061	50198	1
Alex26_10	5994	Response	9	7856330	12011	1
Alex26_10	6060	Response	10	7867514	49	1
Alex26_10	6062	Response	4	7930887	63089	1
Alex26_10	6063	Response	9	7940048	8806	1
Alex26_10	6116	Response	10	7949154	94	1
Alex26_10	6118	Response	6	7991089	41695	1
Alex26_10	6119	Response	6	8012475	21118	1
Alex26_10	6173	Response	10	8021534	37	1
Alex26_10	6175	Response	6	8082386	60556	1
Alex26_10	6176	Response	5	8098643	16033	1
Alex26_10	6251	Response	10	8111264	12	1
Alex26_10	6253	Response	8	8152942	41357	1
Alex26_10	6254	Response	9	8164982	11766	1
Alex26_10	6314	Response	10	8175154	124	1
Alex26_10	6316	Response	4	8230938	55575	1
Alex26_10	6317	Response	9	8239210	8062	1
Alex26_10	6373	Response	10	8248654	22	1
Alex26_10	6375	Response	10	8252183	3218	1
Alex26_10	6375	Response	2	8345427	96461	1
Alex26_10	6376	Response	5	8358916	13202	1
Alex26_10	6432	Response	10	8368464	103	1
Alex26_10	6434	Response	6	8432581	63887	1
Alex26_10	6435	Response	9	8444207	11403	1
Alex26_10	6535	Response	10	8460974	28	1
Alex26_10	6537	Response	8	8503374	42094	1
Alex26_10	6538	Response	9	8508595	5019	1
Alex26_10	6625	Response	10	8523254	28	1
Alex26_10	6627	Response	2	8580212	56653	1
Alex26_10	6628	Response	9	8587769	7260	1
Alex26_10	6753	Response	10	8608734	83	1
Alex26_10	6755	Response	4	8674732	65747	1
Alex26_10	6756	Response	6	8701495	26402	1
Alex26_10	6823	Response	10	8712864	143	1
Alex26_10	6825	Response	8	8754349	41289	1
Alex26_10	6826	Response	9	8766574	11884	1
Alex26_10	6875	Response	10	8774883	44	1
Alex26_10	6877	Response	6	8823142	47969	1
Alex26_10	6878	Response	9	8833686	10223	1
Alex26_10	6953	Response	10	8846343	66	1
Alex26_10	6955	Response	8	8887433	40823	1
Alex26_10	6956	Response	5	8908940	21200	1
Alex26_10	7042	Response	10	8923395	19	1
Alex26_10	7044	Response	6	8964670	40961	1
Alex26_10	7045	Response	7	8978273	13267	1
Alex26_10	7115	Response	10	8990113	128	1
Alex26_10	7117	Response	4	9030254	39936	1
Alex26_10	7118	Response	7	9043316	12867	1
Alex26_10	7164	Response	10	9051194	96	1
Alex26_10	7166	Response	6	9090768	39337	1
Alex26_10	7167	Response	9	9098097	7034	1
Alex26_10	7204	Response	10	9104403	18	1
Alex26_10	7206	Response	2	9152632	47914	1
Alex26_10	7207	Response	8	9167318	14475	1
Alex26_10	7284	Response	10	9180323	4	1
Alex26_10	7286	Response	4	9236091	55439	1
Alex26_10	7287	Response	9	9245804	9368	1
Alex26_10	7382	Response	10	9261803	55	1
Alex26_10	7384	Response	2	9307302	45222	1
Alex26_10	7385	Response	9	9317561	10020	1
Alex26_10	7467	Response	10	9331453	99	1
Alex26_10	7469	Response	2	9376911	45224	1
Alex26_10	7470	Response	5	9391880	14733	1
Alex26_10	7522	Response	10	9400742	116	1
Alex26_10	7524	Response	6	9441942	40982	1
Alex26_10	7525	Response	5	9455252	12995	1
Alex26_10	7594	Response	10	9466962	61	1
Alex26_10	7596	Response	4	9509842	42607	1
Alex26_10	7597	Response	8	9519005	8807	1
Alex26_10	7640	Response	10	9526412	62	1
Alex26_10	7642	Response	6	9569224	42541	1
Alex26_10	7643	Response	8	9585515	16036	1
Alex26_10	7702	Response	10	9595513	56	1
Alex26_10	7704	Response	6	9665870	70081	1
Alex26_10	7705	Response	8	9673962	7734	1
Alex26_10	7767	Response	10	9684512	133	1
Alex26_10	7769	Response	2	9726072	41361	1
Alex26_10	7770	Response	8	9737078	10736	1
Alex26_10	7841	Response	10	9748989	0	3
Alex26_10	7843	Response	6	9792887	43565	1
Alex26_10	7844	Response	9	9806327	13210	1
Alex26_10	7884	Response	10	9813172	72	1
Alex26_10	7886	Response	6	9861900	48467	1
Alex26_10	7887	Response	8	9872585	10361	1
Alex26_10	7924	Response	10	9878962	86	1
Alex26_10	7926	Response	6	9929503	50295	1
Alex26_10	7927	Response	8	9939436	9604	1
Alex26_10	7973	Response	10	9947282	133	1
Alex26_10	7975	Response	4	9998526	51043	1
Alex26_10	7976	Response	5	10015023	16252	1
Alex26_10	8029	Response	10	10024062	146	1
Alex26_10	8031	Response	2	10072686	48437	1
Alex26_10	8032	Response	9	10081268	8229	1
Alex26_10	8092	Response	10	10091432	75	1
Alex26_10	8094	Response	4	10130784	39094	1
Alex26_10	8095	Response	8	10153079	22090	1
Alex26_10	8170	Response	10	10165731	106	1
Alex26_10	8172	Response	2	10224833	58875	1
Alex26_10	8173	Response	9	10236285	11212	1
Alex26_10	8223	Response	10	10244832	109	1
Alex26_10	8225	Response	8	10294374	49318	1
Alex26_10	8226	Response	9	10312841	18162	1
Alex26_10	8279	Response	10	10321881	59	1
Alex26_10	8281	Response	2	10361545	39390	1
Alex26_10	8282	Response	8	10376573	14785	1
Alex26_10	8340	Response	10	10386291	25	1
Alex26_10	8342	Response	6	10431659	45060	1
Alex26_10	8343	Response	9	10434190	2297	1
Alex26_10	8439	Response	10	10450292	82	1
Alex26_10	8441	Response	4	10498922	48379	1
Alex26_10	8442	Response	8	10509720	10553	1
Alex26_10	8523	Response	10	10523351	38	1
Alex26_10	8525	Response	4	10568365	44726	1
Alex26_10	8526	Response	8	10578639	10032	1
Alex26_10	8641	Response	10	10598021	106	1
Alex26_10	8643	Response	8	10639378	41131	1
Alex26_10	8644	Response	9	10651219	11507	1
Alex26_10	8754	Response	10	10669811	126	1
Alex26_10	8756	Response	2	10732009	61991	1
Alex26_10	8757	Response	9	10742264	9967	1
Alex26_10	8855	Response	10	10758931	157	1
Alex26_10	8857	Response	4	10805694	46587	1
Alex26_10	8858	Response	9	10816728	10828	1
Alex26_10	8920	Response	10	10827261	47	1
Alex26_10	8922	Response	6	10868320	40772	1
Alex26_10	8923	Response	9	10878128	9450	1
Alex26_10	9025	Response	10	10895181	26	1
Alex26_10	9027	Response	4	10935601	40113	1
Alex26_10	9028	Response	9	10942014	6061	1
Alex26_10	9086	Response	10	10951861	88	1
Alex26_10	9088	Response	6	10992814	40709	1
Alex26_10	9089	Response	9	11000771	7702	1
Alex26_10	9238	Response	10	11025750	43	1
Alex26_10	9240	Response	4	11068167	42127	1
Alex26_10	9241	Response	9	11073162	4658	1
Alex26_10	9305	Response	10	11084121	130	1
Alex26_10	9307	Response	6	11134625	50302	1
Alex26_10	9308	Response	9	11145442	10496	1
Alex26_10	9367	Response	10	11155440	13	1
Alex26_10	9369	Response	4	11203794	48033	1
Alex26_10	9370	Response	9	11210707	6655	1
Alex26_10	9481	Response	10	11229440	77	1
Alex26_10	9483	Response	8	11286959	57263	1
Alex26_10	9484	Response	2	11302777	15465	1
Alex26_10	9583	Response	10	11319520	69	1
Alex26_10	9585	Response	8	11368798	49014	1
Alex26_10	9586	Response	2	11393465	24390	1
Alex26_10	9646	Response	10	11403621	76	1
Alex26_10	9648	Response	2	11479596	75718	1
Alex26_10	9649	Response	1	11495989	16177	1
Alex26_10	9729	Response	10	11509610	158	1
Alex26_10	9731	Response	4	11602410	92625	1
Alex26_10	9732	Response	2	11616759	14055	1
Alex26_10	9802	Response	10	11628629	115	1
Alex26_10	9804	Response	6	11671230	42382	1
Alex26_10	9805	Response	5	11684763	13286	1
Alex26_10	9860	Response	10	11694050	92	1
Alex26_10	9862	Response	8	11735834	41544	1
Alex26_10	9863	Response	5	11744420	8333	1
Alex26_10	9947	Response	10	11758610	42	1
Alex26_10	9949	Response	8	11797389	38488	1
Alex26_10	9950	Response	9	11807672	9972	1
Alex26_10	10004	Response	10	11816900	49	1
Alex26_10	10006	Response	8	11857816	40632	1
Alex26_10	10007	Response	9	11866076	7928	1
Alex26_10	10058	Response	10	11874660	27	1
Alex26_10	10060	Response	4	11914837	39871	1
Alex26_10	10061	Response	9	11919769	4671	1
Alex26_10	10140	Response	10	11933179	97	1
Alex26_10	10142	Response	6	11974903	41488	1
Alex26_10	10143	Response	9	11976786	1574	1
Alex26_10	10204	Response	10	11987036	0	4
Alex26_10	10206	Response	2	12035946	48578	1
Alex26_10	10207	Response	9	12046870	10711	1
Alex26_10	10290	Response	10	12060919	115	1
Alex26_10	10292	Response	4	12114106	52969	1
Alex26_10	10293	Response	5	12145475	31051	1
Alex26_10	10347	Response	10	12154720	164	1
Alex26_10	10349	Response	6	12197836	42947	1
Alex26_10	10350	Response	2	12202781	4597	1
Alex26_10	10389	Response	10	12209399	58	1
Alex26_10	10391	Response	6	12288307	78632	1
Alex26_10	10392	Response	2	12295512	6907	1
Alex26_10	10443	Response	10	12304249	157	1


{
   "app": "Presentation Version 22.0 Build 05.10.20",
   "device": "Dell Inc. G5 5590",
   "experiment": "{511FFCDC-2E1A-453A-8288-A45BB0DEC473}",
   "os": "Windows 10 64 bit",
   "package": "",
   "parameters": {
      "configuration": "Default configuration"
   },
   "scenario": "ExpePerceptionDeplacement.sce",
   "subject": "Alex26_10",
   "timestamp": "2020/10/26 13:55:31 GMT"
}
