Scenario - PerceptionDeplacement
Logfile written - 10/06/2020 16:40:11

Subject	Trial	Event Type	Code	Time	TTime	Uncertainty	Duration	Uncertainty	ReqTime	ReqDur	Stim Type	Pair Index

Alex	1	Response	4	60919	60753	1
Alex	2	Response	9	105849	44569	1
Alex	3	Response	6	147596	41522	1
Alex	4	Response	9	171402	23531	1
Alex	5	Response	8	236427	64743	1
Alex	6	Response	5	244209	7582	1
Alex	7	Quit		276658	32204	NA


{
   "app": "Presentation Version 22.0 Build 05.10.20",
   "device": "Dell Inc. G5 5590",
   "experiment": "{511FFCDC-2E1A-453A-8288-A45BB0DEC473}",
   "os": "Windows 10 64 bit",
   "package": "",
   "parameters": {
      "configuration": "Default configuration"
   },
   "scenario": "ExpePerceptionDeplacement.sce",
   "subject": "Alex",
   "timestamp": "2020/10/06 14:39:40 GMT"
}
