Scenario - PerceptionDeplacement
Logfile written - 10/26/2020 14:55:22

Subject	Trial	Event Type	Code	Time	TTime	Uncertainty	Duration	Uncertainty	ReqTime	ReqDur	Stim Type	Pair Index

Alex26_10	1	Response	2	133952	133786	1
Alex26_10	2	Response	9	182858	48642	1
Alex26_10	722	Response	10	302949	47	1
Alex26_10	724	Response	2	396674	93439	1
Alex26_10	725	Response	9	414148	17161	1
Alex26_10	840	Response	10	433519	64	1
Alex26_10	842	Quit		556750	122962	NA


{
   "app": "Presentation Version 22.0 Build 05.10.20",
   "device": "Dell Inc. G5 5590",
   "experiment": "{511FFCDC-2E1A-453A-8288-A45BB0DEC473}",
   "os": "Windows 10 64 bit",
   "package": "",
   "parameters": {
      "configuration": "Default configuration"
   },
   "scenario": "ExpePerceptionDeplacementContinu.sce",
   "subject": "Alex26_10",
   "timestamp": "2020/10/26 13:54:15 GMT"
}
