Scenario - PerceptionDeplacement
Logfile written - 12/26/2020 13:16:24

Subject	Trial	Event Type	Code	Time	TTime	Uncertainty	Duration	Uncertainty	ReqTime	ReqDur	Stim Type	Pair Index

AmBrOiSe	1	Response	1	18748	18515	1
AmBrOiSe	2	Response	11	224411	205528	1
AmBrOiSe	17	Response	11	373944	8943	1
AmBrOiSe	18	Response	11	407683	32611	1
AmBrOiSe	25	Response	11	469052	1251	1
AmBrOiSe	26	Response	11	493248	15432	1
AmBrOiSe	41	Response	11	633675	273	1
AmBrOiSe	41	Response	11	642251	8849	1
AmBrOiSe	42	Response	11	678360	34856	1
AmBrOiSe	50	Response	11	750681	2280	1
AmBrOiSe	51	Response	11	779448	20878	1
AmBrOiSe	65	Response	11	914578	5076	1
AmBrOiSe	66	Response	11	932678	13082	1
AmBrOiSe	75	Response	11	1016755	3954	1
AmBrOiSe	76	Response	11	1047787	24948	1
AmBrOiSe	77	Response	11	1205811	157727	1
AmBrOiSe	77	Response	11	1248227	200143	1
AmBrOiSe	77	Response	11	1285695	237611	1
AmBrOiSe	77	Response	11	1470957	422873	1
AmBrOiSe	77	Response	11	1745768	697684	1
AmBrOiSe	290	Response	10	1832039	140	1
AmBrOiSe	456	Response	10	1895069	59	1
AmBrOiSe	605	Response	10	1955407	116	1
AmBrOiSe	705	Response	10	2007548	136	1
AmBrOiSe	801	Response	10	2058961	94	1
AmBrOiSe	970	Response	10	2122619	141	1
AmBrOiSe	972	Response	11	2268165	145454	1
AmBrOiSe	1084	Response	10	2322547	76	1
AmBrOiSe	1222	Response	10	2380980	61	1
AmBrOiSe	1224	Response	10	2383131	1878	1
AmBrOiSe	1414	Response	10	2483943	113	1
AmBrOiSe	1582	Response	10	2547313	40	1
AmBrOiSe	1708	Response	10	2603792	68	1
AmBrOiSe	1942	Response	10	2678249	89	1
AmBrOiSe	2062	Response	10	2733711	100	1
AmBrOiSe	2185	Response	10	2789683	120	1
AmBrOiSe	2187	Response	7	2843943	54048	1
AmBrOiSe	2311	Response	10	2900246	114	1
AmBrOiSe	2409	Response	10	2951939	18	1
AmBrOiSe	2599	Response	10	3019140	112	1
AmBrOiSe	2692	Response	10	3070036	52	1
AmBrOiSe	2786	Response	10	3121149	43	1
AmBrOiSe	2878	Response	10	3172043	149	1
AmBrOiSe	2997	Response	10	3227291	111	1
AmBrOiSe	3183	Response	10	3293771	149	1
AmBrOiSe	3323	Response	10	3352568	165	1
AmBrOiSe	3509	Response	10	3418976	130	1
AmBrOiSe	3511	Response	8	3445275	26096	1
AmBrOiSe	3741	Response	10	3519239	147	1
AmBrOiSe	3852	Response	10	3573176	131	1
AmBrOiSe	3998	Response	10	3632987	161	1
AmBrOiSe	4176	Response	10	3698090	155	1
AmBrOiSe	4327	Response	10	3758622	73	1
AmBrOiSe	4492	Response	10	3821609	116	1
AmBrOiSe	4644	Response	10	3882359	85	1
AmBrOiSe	4838	Response	10	3950130	81	1
AmBrOiSe	5002	Response	10	4012903	77	1
AmBrOiSe	5118	Response	10	4067637	25	1
AmBrOiSe	5120	Response	8	4088862	20917	1
AmBrOiSe	5214	Response	10	4140057	8	1
AmBrOiSe	5343	Response	10	4197109	109	1
AmBrOiSe	5498	Response	10	4258292	13	1
AmBrOiSe	5704	Response	10	4328173	122	1
AmBrOiSe	5776	Response	10	4375654	145	1
AmBrOiSe	5952	Response	10	4440392	105	1
AmBrOiSe	6201	Response	10	4517305	85	1
AmBrOiSe	6297	Response	10	4568700	26	1
AmBrOiSe	6379	Response	10	4617851	53	1
AmBrOiSe	6589	Response	10	4688238	1	2
AmBrOiSe	6591	Response	8	4708792	20223	1
AmBrOiSe	6739	Response	10	4769140	140	1
AmBrOiSe	6874	Response	10	4827063	114	1
AmBrOiSe	7091	Response	10	4898683	130	1
AmBrOiSe	7155	Response	10	4944715	35	1
AmBrOiSe	7327	Response	10	5008791	1	3
AmBrOiSe	7512	Response	10	5075121	55	1
AmBrOiSe	7758	Response	10	5151524	25	1
AmBrOiSe	7856	Response	10	5203424	138	1
AmBrOiSe	7946	Response	10	5253801	59	1
AmBrOiSe	8045	Response	10	5305774	77	1
AmBrOiSe	8047	Response	8	5335591	29561	1
AmBrOiSe	8215	Response	10	5399138	23	1
AmBrOiSe	8507	Response	10	5485470	97	1
AmBrOiSe	8630	Response	10	5541429	104	1
AmBrOiSe	8632	Response	11	5597491	55934	1
AmBrOiSe	8754	Response	10	5653423	30	1
AmBrOiSe	8938	Response	10	5719602	100	1
AmBrOiSe	9048	Response	10	5773315	26	1
AmBrOiSe	9208	Response	10	5835436	35	1
AmBrOiSe	9417	Response	10	5905681	8	1
AmBrOiSe	9514	Response	10	5957435	140	1
AmBrOiSe	9666	Response	10	6018180	105	1
AmBrOiSe	9668	Response	7	6077280	58873	1
AmBrOiSe	9669	Response	7	6078988	1465	1
AmBrOiSe	9798	Response	10	6134523	50	1
AmBrOiSe	9896	Response	10	6186424	163	1
AmBrOiSe	10062	Response	10	6249488	116	1
AmBrOiSe	10282	Response	10	6321686	43	1
AmBrOiSe	10352	Response	10	6371266	1	1
AmBrOiSe	10605	Response	10	6448900	36	1
AmBrOiSe	10666	Response	10	6494642	151	1
AmBrOiSe	10898	Response	10	6568721	127	1
AmBrOiSe	11037	Response	10	6627293	84	1
AmBrOiSe	11126	Response	10	6677531	33	1
AmBrOiSe	11128	Response	9	6718355	40524	1
AmBrOiSe	11245	Response	10	6775821	75	1
AmBrOiSe	11334	Response	10	6826126	91	1
AmBrOiSe	11456	Response	10	6881867	48	1
AmBrOiSe	11589	Response	10	6941741	140	1
AmBrOiSe	11675	Response	10	6991682	125	1
AmBrOiSe	11883	Response	10	7061780	117	1
AmBrOiSe	12044	Response	10	7124045	103	1
AmBrOiSe	12147	Response	10	7176815	86	1
AmBrOiSe	12363	Response	10	7248215	49	1
AmBrOiSe	12446	Response	10	7297576	120	1
AmBrOiSe	12448	Response	7	7320375	22586	1
AmBrOiSe	12551	Response	10	7373181	124	1
AmBrOiSe	12643	Response	10	7423919	73	1
AmBrOiSe	12688	Response	10	7466903	94	1
AmBrOiSe	12749	Response	10	7512566	130	1
AmBrOiSe	12849	Response	10	7564680	123	1
AmBrOiSe	12999	Response	10	7625132	128	1
AmBrOiSe	13071	Response	10	7672531	69	1
AmBrOiSe	13244	Response	10	7736896	157	1
AmBrOiSe	13321	Response	10	7785096	65	1
AmBrOiSe	13414	Response	10	7836047	61	1
AmBrOiSe	13416	Response	7	7859830	23511	1
AmBrOiSe	13509	Response	10	7911066	145	1
AmBrOiSe	13570	Response	10	7956580	32	1
AmBrOiSe	13630	Response	10	8002026	18	1
AmBrOiSe	13738	Response	10	8055516	55	1
AmBrOiSe	13861	Response	10	8111469	57	1
AmBrOiSe	14019	Response	10	8173291	100	1
AmBrOiSe	14223	Response	10	8242650	19	1
AmBrOiSe	14374	Response	10	8303386	141	1
AmBrOiSe	14562	Response	10	8370068	48	1
AmBrOiSe	14678	Response	10	8424932	127	1
AmBrOiSe	14680	Response	7	8446401	21263	1
AmBrOiSe	14894	Response	10	8517706	149	1
AmBrOiSe	14998	Response	10	8570396	52	1
AmBrOiSe	15124	Response	10	8626850	54	1
AmBrOiSe	15229	Response	10	8679826	78	1
AmBrOiSe	15288	Response	10	8725044	1	1
AmBrOiSe	15376	Response	10	8775193	28	1
AmBrOiSe	15378	Response	11	8808544	33146	1
AmBrOiSe	15450	Response	10	8856219	124	1
AmBrOiSe	15595	Response	10	8915860	150	1
AmBrOiSe	15817	Response	10	8988181	35	1
AmBrOiSe	15924	Response	10	9041597	164	1
AmBrOiSe	16106	Response	10	9107333	125	1
AmBrOiSe	16189	Response	10	9156543	44	1
AmBrOiSe	16338	Response	10	9216914	135	1
AmBrOiSe	16408	Response	10	9263954	49	1
AmBrOiSe	16566	Response	10	9325848	164	1
AmBrOiSe	16655	Response	10	9376074	100	1
AmBrOiSe	16813	Response	10	9440146	62	1
AmBrOiSe	16899	Response	10	9490009	134	1
AmBrOiSe	17007	Response	10	9545810	151	1
AmBrOiSe	17088	Response	10	9594731	114	1
AmBrOiSe	17090	Response	8	9636108	41160	1
AmBrOiSe	17302	Response	10	9707069	51	1
AmBrOiSe	17432	Response	10	9764173	38	1
AmBrOiSe	17506	Response	10	9811927	1	2
AmBrOiSe	17684	Response	10	9877070	34	1
AmBrOiSe	17815	Response	10	9934331	11	1
AmBrOiSe	17930	Response	10	9988971	33	1
AmBrOiSe	18284	Response	10	10083686	164	1
AmBrOiSe	18358	Response	10	10131441	127	1
AmBrOiSe	18476	Response	10	10186441	9	1
AmBrOiSe	18585	Response	10	10240134	82	1
AmBrOiSe	18587	Response	7	10260298	19912	1
AmBrOiSe	18670	Response	10	10309707	49	1
AmBrOiSe	18848	Response	10	10374928	161	1
AmBrOiSe	18980	Response	10	10432326	108	1
AmBrOiSe	19050	Response	10	10479505	162	1
AmBrOiSe	19132	Response	10	10528571	104	1
AmBrOiSe	19356	Response	10	10601334	97	1
AmBrOiSe	19607	Response	10	10680763	96	1
AmBrOiSe	19672	Response	10	10727002	42	1
AmBrOiSe	19821	Response	10	10787374	133	1
AmBrOiSe	19931	Response	10	10841077	50	1
AmBrOiSe	19933	Response	7	10860563	19203	1
AmBrOiSe	20158	Response	10	10933771	159	1
AmBrOiSe	20320	Response	10	10996101	43	1
AmBrOiSe	20441	Response	10	11051688	12	1
AmBrOiSe	20540	Response	10	11103723	93	1
AmBrOiSe	20673	Response	10	11161339	92	1
AmBrOiSe	20896	Response	10	11233955	105	1
AmBrOiSe	21012	Response	10	11288745	109	1
AmBrOiSe	21147	Response	10	11346649	64	1
AmBrOiSe	21323	Response	10	11411511	149	1
AmBrOiSe	21404	Response	10	11460426	107	1
AmBrOiSe	21406	Response	8	11483804	23152	1
AmBrOiSe	21459	Response	10	11530505	81	1
AmBrOiSe	21603	Response	10	11590002	129	1
AmBrOiSe	21704	Response	10	11642179	19	1
AmBrOiSe	21773	Response	10	11689285	165	1
AmBrOiSe	21945	Response	10	11753279	49	1
AmBrOiSe	22211	Response	10	11833138	144	1
AmBrOiSe	22325	Response	10	11887491	45	1
AmBrOiSe	22391	Response	10	11934018	112	1
AmBrOiSe	22543	Response	10	11994749	63	1
AmBrOiSe	22545	Response	11	12030928	36010	1
AmBrOiSe	22619	Response	10	12078891	113	1
AmBrOiSe	22715	Response	10	12130274	40	1
AmBrOiSe	22800	Response	10	12179918	61	1
AmBrOiSe	23049	Response	10	12256951	161	1
AmBrOiSe	23369	Response	10	12345652	107	1
AmBrOiSe	23450	Response	10	12394571	68	1
AmBrOiSe	23514	Response	10	12440734	105	1
AmBrOiSe	23590	Response	10	12489072	152	1
AmBrOiSe	23592	Response	10	12516143	26889	1
AmBrOiSe	23748	Response	10	12586254	85	1
AmBrOiSe	23894	Response	10	12646042	92	1
AmBrOiSe	23896	Response	6	12717612	71329	1
AmBrOiSe	24017	Response	10	12773375	37	1
AmBrOiSe	24084	Response	10	12822222	93	1
AmBrOiSe	24234	Response	10	12882589	12	1
AmBrOiSe	24338	Response	10	12935492	129	1
AmBrOiSe	24436	Response	10	12989484	1	2
AmBrOiSe	24534	Response	10	13041375	104	1
AmBrOiSe	24626	Response	10	13092177	117	1
AmBrOiSe	24798	Response	10	13156316	146	1
AmBrOiSe	24927	Response	10	13213281	160	1
AmBrOiSe	25003	Response	10	13261257	12	1
AmBrOiSe	25005	Response	7	13314604	53025	1
AmBrOiSe	25315	Response	10	13401925	136	1
AmBrOiSe	25387	Response	10	13451569	156	1
AmBrOiSe	25484	Response	10	13503176	142	1
AmBrOiSe	25555	Response	10	13550421	94	1
AmBrOiSe	25618	Response	10	13596366	80	1
AmBrOiSe	25705	Response	10	13646443	34	1
AmBrOiSe	25817	Response	10	13700578	50	1
AmBrOiSe	25917	Response	10	13752686	36	1
AmBrOiSe	26120	Response	10	13822109	20	1
AmBrOiSe	26211	Response	10	13872839	128	1
AmBrOiSe	26213	Response	8	13893437	20392	1
AmBrOiSe	26299	Response	10	13945523	42	1
AmBrOiSe	26427	Response	10	14002409	145	1
AmBrOiSe	26508	Response	10	14051325	103	1
AmBrOiSe	26587	Response	10	14099881	35	1
AmBrOiSe	26723	Response	10	14158004	42	1
AmBrOiSe	26891	Response	10	14221413	6	1
AmBrOiSe	26991	Response	10	14273661	133	1
AmBrOiSe	27076	Response	10	14323233	82	1
AmBrOiSe	27193	Response	10	14378236	133	1
AmBrOiSe	27386	Response	10	14445996	119	1
AmBrOiSe	27388	Response	8	14463596	17386	1
AmBrOiSe	27445	Response	10	14508756	100	1
AmBrOiSe	27582	Response	10	14566950	12	1
AmBrOiSe	27666	Response	10	14618696	136	1
AmBrOiSe	27778	Response	10	14672758	79	1
AmBrOiSe	27848	Response	10	14719867	62	1
AmBrOiSe	28245	Response	10	14821394	12	1
AmBrOiSe	28320	Response	10	14869369	29	1
AmBrOiSe	28417	Response	10	14920970	8	1
AmBrOiSe	28609	Response	10	14988512	109	1
AmBrOiSe	28706	Response	10	15040112	88	1
AmBrOiSe	28829	Response	10	15096059	83	1
AmBrOiSe	28894	Response	10	15142366	98	1
AmBrOiSe	28977	Response	10	15191719	160	1


{
   "app": "Presentation Version 22.0 Build 05.10.20",
   "device": "Dell Inc. G5 5590",
   "experiment": "{511FFCDC-2E1A-453A-8288-A45BB0DEC473}",
   "os": "Windows 10 64 bit",
   "package": "",
   "parameters": {
      "configuration": "Default configuration"
   },
   "scenario": "ExpePerceptionApproche.sce",
   "subject": "AmBrOiSe",
   "timestamp": "2020/12/26 11:51:01 GMT"
}
