Scenario - PerceptionDeplacement
Logfile written - 01/03/2021 14:35:30

Subject	Trial	Event Type	Code	Time	TTime	Uncertainty	Duration	Uncertainty	ReqTime	ReqDur	Stim Type	Pair Index

Anais	1	Response	1	24058	23825	1
Anais	2	Response	11	600446	572571	1
Anais	19	Response	11	764991	4292	1
Anais	20	Response	11	799488	28761	1
Anais	30	Response	11	893281	3672	1
Anais	31	Response	11	912717	13104	1
Anais	45	Response	11	1048726	5922	1
Anais	46	Response	11	1075024	22211	1
Anais	55	Response	11	1162526	7516	1
Anais	56	Response	11	1173981	8933	1
Anais	69	Response	11	1299529	5426	1
Anais	70	Response	11	1313897	9637	1
Anais	79	Response	11	1402109	8106	1
Anais	80	Response	11	1413079	8907	1
Anais	81	Response	11	1489906	76474	1
Anais	81	Response	11	1570576	157144	1
Anais	81	Response	11	1623787	210355	1
Anais	81	Response	11	1848606	435174	1
Anais	81	Response	11	2157574	744143	1
Anais	892	Response	10	2345852	69	1
Anais	1067	Response	10	2410483	89	1
Anais	1224	Response	10	2472151	145	1
Anais	1311	Response	10	2522052	89	1
Anais	1420	Response	10	2575593	10	1
Anais	1500	Response	10	2624511	138	1
Anais	1502	Response	11	2702506	77899	1
Anais	1689	Response	10	2769282	35	1
Anais	1776	Response	10	2819351	148	1
Anais	1875	Response	10	2871172	14	1
Anais	1966	Response	10	2921791	11	1
Anais	2163	Response	10	2992701	150	1
Anais	2206	Response	10	3035330	149	1
Anais	2303	Response	10	3087061	92	1
Anais	2428	Response	10	3143321	68	1
Anais	2543	Response	10	3197930	58	1
Anais	2545	Response	4	3329688	131483	1
Anais	2640	Response	10	3381130	84	1
Anais	2732	Response	10	3431940	106	1
Anais	2827	Response	10	3483131	8	1
Anais	3026	Response	10	3551820	91	1
Anais	3176	Response	10	3612290	113	1
Anais	3228	Response	10	3656420	115	1
Anais	3335	Response	10	3709639	47	1
Anais	3461	Response	10	3768319	112	1
Anais	3511	Response	10	3812010	7	1
Anais	3554	Response	10	3854770	138	1
Anais	3556	Response	7	3924624	69659	1
Anais	3608	Response	10	3968948	83	1
Anais	3694	Response	10	4018809	154	1
Anais	3821	Response	10	4075389	117	1
Anais	3867	Response	10	4118718	151	1
Anais	3906	Response	10	4160558	27	1
Anais	4068	Response	10	4223138	162	1
Anais	4191	Response	10	4278949	21	1
Anais	4304	Response	10	4333379	165	1
Anais	4367	Response	10	4381238	66	1
Anais	4473	Response	10	4434358	66	1
Anais	4475	Response	7	4493018	58393	1
Anais	4712	Response	10	4568028	19	1
Anais	4786	Response	10	4615957	157	1
Anais	4841	Response	10	4660658	64	1
Anais	4890	Response	10	4704358	135	1
Anais	4958	Response	10	4751097	82	1
Anais	5072	Response	10	4805497	29	1
Anais	5144	Response	10	4852997	71	1
Anais	5201	Response	10	4898007	120	1
Anais	5404	Response	10	4967277	117	1
Anais	5497	Response	10	5018186	71	1
Anais	5499	Response	4	5045466	27018	1
Anais	5605	Response	10	5098836	125	1
Anais	5675	Response	10	5145917	80	1
Anais	5851	Response	10	5210766	153	1
Anais	5885	Response	10	5251806	62	1
Anais	6001	Response	10	5306656	126	1
Anais	6178	Response	10	5371556	83	1
Anais	6244	Response	10	5417956	23	1
Anais	6283	Response	10	5459917	21	1
Anais	6323	Response	10	5502175	149	1
Anais	6422	Response	10	5554016	36	1
Anais	6424	Response	7	5605793	51480	1
Anais	6499	Response	10	5654025	132	1
Anais	6620	Response	10	5709665	154	1
Anais	6664	Response	10	5752425	118	1
Anais	6666	Response	11	5876982	124442	1
Anais	6737	Response	10	5924435	112	1
Anais	6895	Response	10	5986235	132	1
Anais	6951	Response	10	6031054	158	1
Anais	6989	Response	10	6072784	91	1
Anais	7041	Response	10	6116914	92	1
Anais	7126	Response	10	6166504	59	1
Anais	7206	Response	10	6215274	39	1
Anais	7208	Response	7	6238377	22808	1
Anais	7271	Response	10	6284614	106	1
Anais	7336	Response	10	6330814	13	1
Anais	7369	Response	10	6371905	139	1
Anais	7404	Response	10	6413174	112	1
Anais	7432	Response	10	6453234	40	1
Anais	7457	Response	10	6492985	158	1
Anais	7532	Response	10	6540945	160	1
Anais	7563	Response	10	6581504	89	1
Anais	7622	Response	10	6626804	95	1
Anais	7698	Response	10	6674923	89	1
Anais	7700	Response	4	6694845	19678	1
Anais	7744	Response	10	6737833	54	1
Anais	7793	Response	10	6781443	36	1
Anais	7887	Response	10	6832673	143	1
Anais	7928	Response	10	6874923	97	1
Anais	8042	Response	10	6929342	64	1
Anais	8083	Response	10	6971713	138	1
Anais	8132	Response	10	7015264	60	1
Anais	8309	Response	10	7080273	126	1
Anais	8343	Response	10	7121383	106	1
Anais	8379	Response	10	7162904	163	1
Anais	8381	Response	5	7179727	16653	1
Anais	8442	Response	10	7225802	116	1
Anais	8491	Response	10	7269453	139	1
Anais	8548	Response	10	7314283	8	1
Anais	8662	Response	10	7368892	164	1
Anais	8698	Response	10	7410352	160	1
Anais	8740	Response	10	7452662	7	1
Anais	8768	Response	10	7492942	156	1
Anais	8807	Response	10	7534783	33	1
Anais	8856	Response	10	7578421	43	1
Anais	8952	Response	10	7629902	69	1
Anais	8954	Response	6	7674213	44047	1
Anais	8993	Response	10	7716411	154	1
Anais	9044	Response	10	7760371	152	1
Anais	9079	Response	10	7801581	65	1
Anais	9120	Response	10	7843832	20	1
Anais	9167	Response	10	7887201	93	1
Anais	9205	Response	10	7929000	96	1
Anais	9282	Response	10	7977292	96	1
Anais	9321	Response	10	8019241	82	1
Anais	9356	Response	10	8060551	94	1
Anais	9387	Response	10	8101171	83	1
Anais	9389	Response	6	8139383	37962	1
Anais	9435	Response	10	8182840	157	1
Anais	9476	Response	10	8225130	150	1
Anais	9514	Response	10	8266780	4	1
Anais	9565	Response	10	8310771	33	1
Anais	9589	Response	10	8350331	127	1
Anais	9632	Response	10	8392880	47	1
Anais	9634	Response	11	8533216	140151	1
Anais	9692	Response	10	8578531	27	1
Anais	9739	Response	10	8621879	80	1
Anais	9790	Response	10	8665799	38	1
Anais	9867	Response	10	8714219	166	1
Anais	9899	Response	10	8754949	99	1
Anais	9945	Response	10	8798130	152	1
Anais	10097	Response	10	8858870	111	1
Anais	10155	Response	10	8903980	94	1
Anais	10239	Response	10	8955609	101	1
Anais	10278	Response	10	8997508	37	1
Anais	10337	Response	10	9042829	64	1
Anais	10380	Response	10	9085469	75	1
Anais	10421	Response	10	9127809	118	1
Anais	10477	Response	10	9172559	74	1
Anais	10479	Response	4	9192355	19537	1
Anais	10570	Response	10	9243198	108	1
Anais	10641	Response	10	9290429	47	1
Anais	10683	Response	10	9332959	114	1
Anais	10713	Response	10	9373448	138	1
Anais	10740	Response	10	9413378	103	1
Anais	10791	Response	10	9457338	102	1
Anais	10830	Response	10	9501858	161	1
Anais	10865	Response	10	9543119	124	1
Anais	10925	Response	10	9590918	132	1
Anais	10985	Response	10	9636267	20	1
Anais	10987	Response	7	9656019	19439	1
Anais	11028	Response	10	9698507	149	1
Anais	11068	Response	10	9740587	99	1
Anais	11112	Response	10	9783438	153	1
Anais	11155	Response	10	9826067	153	1
Anais	11202	Response	10	9869217	7	1
Anais	11249	Response	10	9912517	12	1
Anais	11287	Response	10	9954447	145	1
Anais	11350	Response	10	10000338	76	1
Anais	11402	Response	10	10044507	117	1
Anais	11430	Response	10	10084656	135	1
Anais	11432	Response	7	10102428	17573	1
Anais	11487	Response	10	10147236	103	1
Anais	11531	Response	10	10189997	67	1
Anais	11573	Response	10	10232527	135	1
Anais	11621	Response	10	10275986	132	1
Anais	11671	Response	10	10319806	157	1
Anais	11716	Response	10	10365197	87	1
Anais	11748	Response	10	10406026	119	1
Anais	11789	Response	10	10448346	142	1
Anais	11822	Response	10	10489327	159	1
Anais	11866	Response	10	10532015	52	1
Anais	11868	Response	7	10550129	17832	1
Anais	11946	Response	10	10598785	47	1
Anais	11988	Response	10	10641316	114	1
Anais	12013	Response	10	10680936	102	0
Anais	12071	Response	10	10726166	39	1
Anais	12102	Response	10	10766856	98	1
Anais	12145	Response	10	10809524	137	1
Anais	12176	Response	10	10850095	76	1
Anais	12223	Response	10	10893415	101	1
Anais	12267	Response	10	10936115	5	1
Anais	12269	Response	11	11005247	68904	1
Anais	12332	Response	10	11051355	12	1
Anais	12373	Response	10	11093674	34	1
Anais	12428	Response	10	11138285	18	1
Anais	12476	Response	10	11184034	140	1
Anais	12525	Response	10	11227615	93	1
Anais	12571	Response	10	11270675	24	1
Anais	12647	Response	10	11318844	68	1
Anais	12690	Response	10	11361434	28	1
Anais	12741	Response	10	11405484	117	1
Anais	12777	Response	10	11446943	112	1
Anais	12803	Response	10	11486793	164	1
Anais	12805	Response	8	11516328	29366	1
Anais	12859	Response	10	11563144	82	1
Anais	12909	Response	10	11607023	165	1
Anais	12967	Response	10	11654314	164	1
Anais	13012	Response	10	11697165	53	1
Anais	13062	Response	10	11741183	109	1
Anais	13124	Response	10	11786963	96	1
Anais	13169	Response	10	11829864	34	1
Anais	13214	Response	10	11875443	153	1
Anais	13253	Response	10	11917523	103	1
Anais	13304	Response	10	11961464	83	1
Anais	13306	Response	7	11980343	18629	1
Anais	13349	Response	10	12025413	88	1
Anais	13426	Response	10	12073743	126	1
Anais	13632	Response	10	12143443	54	1
Anais	13738	Response	10	12196603	94	1
Anais	13785	Response	10	12239833	28	1
Anais	13830	Response	10	12282831	64	1
Anais	13888	Response	10	12327973	78	1
Anais	13927	Response	10	12369991	133	1
Anais	13994	Response	10	12416572	88	1
Anais	14028	Response	10	12457691	77	1
Anais	14030	Response	6	12488669	30721	1
Anais	14102	Response	10	12536352	139	1
Anais	14154	Response	10	12580383	42	1
Anais	14195	Response	10	12622801	164	1
Anais	14236	Response	10	12664962	28	1
Anais	14280	Response	10	12707891	162	1
Anais	14315	Response	10	12749081	55	1
Anais	14364	Response	10	12792761	106	1
Anais	14407	Response	10	12835412	128	1
Anais	14447	Response	10	12877461	47	1
Anais	14494	Response	10	12920781	71	1
Anais	14496	Response	5	12939944	18901	1
Anais	14551	Response	10	12984800	146	1
Anais	14597	Response	10	13027871	88	1
Anais	14638	Response	10	13070191	112	1
Anais	14755	Response	10	13125271	73	1
Anais	14812	Response	10	13170230	72	1
Anais	14856	Response	10	13212980	25	1
Anais	14892	Response	10	13254481	63	1
Anais	14941	Response	10	13298161	114	1
Anais	14974	Response	10	13339171	160	1
Anais	15053	Response	10	13387640	5	1
Anais	15096	Response	10	13430381	117	1
Anais	15128	Response	10	13471101	39	1
Anais	15170	Response	10	13515741	51	1


{
   "app": "Presentation Version 22.0 Build 05.10.20",
   "device": "Dell Inc. G5 5590",
   "experiment": "{511FFCDC-2E1A-453A-8288-A45BB0DEC473}",
   "os": "Windows 10 64 bit",
   "package": "",
   "parameters": {
      "configuration": "Default configuration"
   },
   "scenario": "ExpePerceptionApproche.sce",
   "subject": "Anais",
   "timestamp": "2021/01/03 13:12:56 GMT"
}
