Scenario - PerceptionDeplacement
Logfile written - 12/26/2020 16:52:05

Subject	Trial	Event Type	Code	Time	TTime	Uncertainty	Duration	Uncertainty	ReqTime	ReqDur	Stim Type	Pair Index

Annick	1	Response	1	19209	18976	1
Annick	2	Response	11	375694	356211	1
Annick	2	Response	11	382484	363002	1
Annick	2	Response	11	387337	367855	1
Annick	2	Response	10	495571	476089	1
Annick	2	Response	11	835195	815712	1
Annick	3	Response	11	850715	15279	1
Annick	595	Response	10	984721	82	1
Annick	787	Response	10	1052173	92	1
Annick	789	Response	10	1058475	6062	1
Annick	1225	Response	10	1160502	16	1
Annick	1710	Response	10	1276859	142	1
Annick	1844	Response	10	1334643	143	1
Annick	2292	Response	10	1444653	82	1
Annick	2294	Response	11	1604958	160154	1
Annick	2606	Response	10	1692666	145	1
Annick	2818	Response	10	1763445	153	1
Annick	3100	Response	10	1845816	96	1
Annick	3401	Response	10	1931438	126	1
Annick	3434	Response	10	1972404	128	1
Annick	3823	Response	10	2072560	38	1
Annick	4448	Response	10	2212150	84	1
Annick	4742	Response	10	2296614	121	1
Annick	5084	Response	10	2388970	58	1
Annick	5086	Response	15	2533782	144537	1
Annick	5529	Response	10	2643307	117	1
Annick	5847	Response	10	2731677	64	1
Annick	6143	Response	10	2816493	121	1
Annick	6676	Response	10	2940721	124	1
Annick	6701	Response	10	2980243	14	1
Annick	6703	Response	10	3015685	35123	1
Annick	6706	Response	10	3017641	1110	1
Annick	6706	Response	10	3023582	7051	1
Annick	6706	Response	10	3046624	30093	1
Annick	6731	Response	10	3091795	164	1
Annick	6881	Response	10	3152171	92	1
Annick	7034	Response	10	3213165	139	1
Annick	7036	Response	15	3267176	53817	1
Annick	7408	Response	10	3364848	121	1
Annick	7624	Response	10	3436265	101	1
Annick	7971	Response	10	3529477	61	1
Annick	8216	Response	10	3605743	61	1
Annick	8406	Response	10	3672879	89	1
Annick	8571	Response	10	3735881	145	1
Annick	8573	Response	10	3767741	31672	1
Annick	8691	Response	10	3826689	33	1
Annick	9623	Response	10	4017444	121	1
Annick	9625	Response	10	4043847	26192	1
Annick	9628	Response	16	4106316	52691	1
Annick	9882	Response	10	4184236	59	1
Annick	10094	Response	10	4254992	43	1
Annick	10492	Response	10	4356732	39	1
Annick	10788	Response	10	4441457	5	1
Annick	11053	Response	10	4521193	144	1
Annick	11185	Response	10	4578544	45	1
Annick	11353	Response	10	4641979	35	1
Annick	11355	Response	10	4652396	10119	1
Annick	11355	Response	10	4652974	10697	1
Annick	11454	Response	10	4729784	84	1
Annick	11456	Response	10	4747187	17154	1
Annick	11456	Response	10	4752520	22487	1
Annick	11459	Response	10	4775054	9052	1
Annick	11460	Response	10	4779346	4019	1
Annick	11460	Response	10	4785984	10657	1
Annick	11463	Response	17	4813765	2469	1
Annick	11884	Response	10	4916960	90	1
Annick	12172	Response	10	5000377	80	1
Annick	12329	Response	10	5061995	85	1
Annick	12443	Response	10	5116444	82	1
Annick	12637	Response	10	5184222	86	1
Annick	12846	Response	10	5254538	129	1
Annick	13030	Response	10	5320646	129	1
Annick	14249	Response	10	5559138	162	1
Annick	14251	Response	10	5572306	12997	1
Annick	14251	Response	10	5572666	13357	1
Annick	14251	Response	10	5575320	16012	1
Annick	14251	Response	10	5591247	31938	1
Annick	14254	Response	10	5613213	17935	1
Annick	14255	Response	16	5639400	25972	1
Annick	15071	Response	10	5822546	134	1
Annick	15281	Response	10	5892914	63	1
Annick	15283	Response	11	5989446	96362	1
Annick	15569	Response	10	6072738	44	1
Annick	15845	Response	10	6154262	140	1
Annick	16028	Response	10	6220167	102	1
Annick	16246	Response	10	6291927	92	1
Annick	16377	Response	10	6349205	86	1
Annick	16573	Response	10	6417346	121	1
Annick	16740	Response	10	6480632	129	1
Annick	16742	Response	16	6941857	461021	1
Annick	17252	Response	10	7062492	163	1
Annick	17254	Response	10	7071106	8444	1
Annick	17391	Response	10	7156510	97	1
Annick	17393	Response	10	7164887	8141	1
Annick	17501	Response	10	7248407	74	1
Annick	17552	Response	10	7292424	130	1
Annick	17712	Response	10	7354559	152	1
Annick	17896	Response	10	7420517	1	3
Annick	18017	Response	10	7476272	138	1
Annick	19033	Response	10	7680951	163	1
Annick	19035	Response	15	8154858	473736	1
Annick	19290	Response	10	8235597	127	1
Annick	19404	Response	10	8290062	139	1
Annick	19631	Response	10	8363203	11	1
Annick	19900	Response	10	8445684	64	1
Annick	20208	Response	10	8532588	44	1
Annick	20210	Response	10	8561617	28740	1
Annick	20352	Response	10	8627515	54	1
Annick	20354	Response	10	8629541	1747	1
Annick	20354	Response	10	8631694	3900	1
Annick	20354	Response	10	8641924	14130	1
Annick	20357	Response	10	8684939	21010	1
Annick	20357	Response	10	8687088	23159	1
Annick	20360	Response	10	8702318	2420	1
Annick	20360	Response	10	8703259	3361	1
Annick	20360	Response	10	8705286	5388	1
Annick	20360	Response	10	8711659	11761	1
Annick	20363	Response	10	8765514	29648	1
Annick	20876	Response	10	8922049	12	1
Annick	21064	Response	10	8988812	0	1
Annick	21254	Response	10	9055930	10	1
Annick	21466	Response	10	9126810	118	1
Annick	21674	Response	10	9196825	28	1
Annick	21877	Response	10	9266196	126	1
Annick	22097	Response	10	9338174	1	3
Annick	22260	Response	10	9400882	96	1
Annick	22461	Response	10	9469747	22	1
Annick	22463	Response	10	9480236	10178	1
Annick	22464	Response	10	9482698	2149	1
Annick	22464	Response	10	9486464	5915	1
Annick	22464	Response	10	9489723	9174	1
Annick	22464	Response	10	9491873	11324	1
Annick	22464	Response	10	9504253	23704	1
Annick	22800	Response	10	9607556	118	1
Annick	23027	Response	10	9680840	132	1
Annick	23185	Response	10	9742536	49	1
Annick	23286	Response	10	9794813	39	1
Annick	23550	Response	10	9874312	107	1
Annick	23578	Response	10	9914463	126	1
Annick	23967	Response	10	10014710	127	1
Annick	24112	Response	10	10074298	101	1
Annick	24114	Response	10	10076443	1913	1
Annick	24114	Response	10	10081659	7129	1
Annick	24114	Response	10	10087768	13238	1
Annick	24114	Response	10	10094575	20045	1
Annick	24114	Response	10	10101067	26537	1
Annick	24114	Response	10	10103772	29242	1
Annick	24114	Response	10	10109565	35035	1
Annick	24117	Response	16	10163524	53025	1
Annick	24253	Response	10	10221740	5	1
Annick	24487	Response	10	10296330	160	1
Annick	24858	Response	10	10393570	152	1
Annick	25833	Response	10	10591314	69	1
Annick	26067	Response	10	10665745	65	1
Annick	26185	Response	10	10720843	44	1
Annick	26187	Response	11	10916460	195429	1
Annick	26473	Response	10	10999880	159	1
Annick	26724	Response	10	11076996	9	1
Annick	26974	Response	10	11154113	26	1
Annick	27148	Response	10	11218558	28	1
Annick	27865	Response	10	11373492	97	1
Annick	28147	Response	10	11455960	137	1
Annick	28433	Response	10	11538933	16	1
Annick	28574	Response	10	11598014	149	1
Annick	28814	Response	10	11673462	163	1
Annick	28986	Response	10	11737472	62	1
Annick	29648	Response	10	11885476	29	1
Annick	29823	Response	10	11950130	72	1
Annick	30022	Response	10	12021294	132	1
Annick	30209	Response	10	12087831	61	1
Annick	30211	Response	11	12770823	682719	1
Annick	30640	Response	10	12878071	157	1
Annick	30780	Response	10	12936752	56	1
Annick	30950	Response	10	13000564	91	1
Annick	31046	Response	10	13052055	127	1
Annick	31186	Response	10	13110860	150	1
Annick	31469	Response	10	13193408	103	1
Annick	31650	Response	10	13259157	77	1
Annick	31768	Response	10	13314259	59	1
Annick	31888	Response	10	13369794	144	1
Annick	31890	Response	10	13393536	23552	1
Annick	31893	Response	10	13406641	689	1
Annick	32109	Response	10	13513740	55	1
Annick	32278	Response	10	13577388	85	1
Annick	32359	Response	10	13626411	151	1
Annick	32473	Response	10	13680719	6	1
Annick	32590	Response	10	13735828	164	1
Annick	32802	Response	10	13808747	147	1
Annick	32996	Response	10	13876528	154	1
Annick	33168	Response	10	13940548	62	1
Annick	33396	Response	10	14014051	130	1
Annick	33398	Response	10	14037341	23087	1
Annick	33530	Response	10	14130430	110	1
Annick	33532	Response	10	14140900	10248	1
Annick	33532	Response	10	14144980	14327	1
Annick	33532	Response	10	14145848	15196	1
Annick	33532	Response	10	14146862	16209	1
Annick	33535	Response	10	14193571	26950	1
Annick	33917	Response	10	14301334	164	1
Annick	33919	Response	10	14308911	7408	1
Annick	34039	Response	10	14392506	82	1
Annick	34209	Response	10	14456297	96	1
Annick	34381	Response	10	14520374	62	1
Annick	34594	Response	10	14591404	154	1
Annick	34596	Response	11	15311078	719495	1
Annick	34878	Response	10	15395772	59	1
Annick	34953	Response	10	15443808	136	1
Annick	35139	Response	10	15510164	50	1
Annick	35225	Response	10	15559931	28	1
Annick	35578	Response	10	15654241	86	1
Annick	35700	Response	10	15709940	1	1
Annick	35888	Response	10	15776866	152	1
Annick	35941	Response	10	15821103	94	1
Annick	35943	Response	10	15831535	10193	1
Annick	35943	Response	10	15843723	22381	1
Annick	35946	Response	10	15883461	26251	1
Annick	36794	Response	10	16095895	126	1
Annick	36796	Response	10	16118587	22486	1
Annick	36796	Response	10	16120741	24639	1
Annick	36976	Response	10	16197116	103	1
Annick	37075	Response	10	16249120	152	1
Annick	37263	Response	10	16315901	158	1
Annick	37406	Response	10	16375077	53	1
Annick	37610	Response	10	16444750	120	1
Annick	38058	Response	10	16554843	142	1
Annick	38345	Response	10	16638003	41	1
Annick	38587	Response	10	16713832	103	1
Annick	38589	Response	14	16783685	69623	1
Annick	38995	Response	10	16886931	20	1
Annick	39120	Response	10	16945447	87	1
Annick	39308	Response	10	17012218	83	1
Annick	39401	Response	10	17063126	36	1
Annick	39702	Response	10	17151040	27	1
Annick	39704	Response	10	17158978	7632	1
Annick	39704	Response	10	17175559	24213	1
Annick	39704	Response	10	17178333	26986	1
Annick	39704	Response	10	17183475	32129	1
Annick	40613	Response	10	17373775	123	1
Annick	40980	Response	10	17470368	133	1
Annick	41076	Response	10	17521847	157	1
Annick	41551	Response	10	17636324	68	1
Annick	41553	Response	15	17685992	49403	1
Annick	41939	Response	10	17785864	72	1
Annick	42111	Response	10	17852186	118	1
Annick	42313	Response	10	17921259	86	1
Annick	42493	Response	10	17986781	165	1
Annick	42786	Response	10	18070915	39	1
Annick	43000	Response	10	18142304	157	1
Annick	43162	Response	10	18204721	129	1
Annick	43365	Response	10	18273871	6	1
Annick	43518	Response	10	18334980	1	1
Annick	43939	Response	10	18440690	137	1
Annick	43941	Response	15	18482359	41473	1
Annick	44129	Response	10	18551489	32	1
Annick	44236	Response	10	18604782	39	1
Annick	44752	Response	10	18726143	6	1
Annick	44915	Response	10	18788854	105	1
Annick	45279	Response	10	18884945	114	1
Annick	45403	Response	10	18940989	39	1
Annick	45463	Response	10	18986532	122	1
Annick	47205	Response	10	19311995	36	1
Annick	47464	Response	10	19390570	13	1
Annick	47592	Response	10	19447624	117	1
Annick	47594	Response	10	19478159	30319	1
Annick	48054	Response	10	19625915	65	1
Annick	48540	Response	10	19744439	25	1
Annick	48713	Response	10	19808798	107	1
Annick	49008	Response	10	19893427	143	1
Annick	49218	Response	10	19963723	1	1
Annick	49316	Response	10	20015632	122	1
Annick	49515	Response	10	20084268	151	1
Annick	49841	Response	10	20173965	94	1
Annick	50108	Response	10	20253890	88	1
Annick	50239	Response	10	20311151	66	1
Annick	50360	Response	10	20366816	112	1
Annick	50692	Response	10	20457519	61	1


{
   "app": "Presentation Version 22.0 Build 05.10.20",
   "device": "Dell Inc. G5 5590",
   "experiment": "{511FFCDC-2E1A-453A-8288-A45BB0DEC473}",
   "os": "Windows 10 64 bit",
   "package": "",
   "parameters": {
      "configuration": "Default configuration"
   },
   "scenario": "ExpePerceptionApproche.sce",
   "subject": "Annick",
   "timestamp": "2020/12/26 15:17:56 GMT"
}
