Scenario - PerceptionDeplacement
Logfile written - 01/02/2021 21:59:03

Subject	Trial	Event Type	Code	Time	TTime	Uncertainty	Duration	Uncertainty	ReqTime	ReqDur	Stim Type	Pair Index

BV	1	Response	1	413946	413547	675
BV	2	Response	11	609515	191647	1
BV	19	Response	11	775393	5554	1
BV	20	Response	11	806604	26719	1
BV	27	Response	11	871264	4525	1
BV	28	Response	11	894943	18143	1
BV	41	Response	11	1022040	7004	1
BV	42	Response	11	1053775	28605	1
BV	49	Response	11	1118321	4382	1
BV	50	Response	11	1141465	17380	1
BV	64	Response	11	1276173	4734	1
BV	65	Response	11	1291111	9498	1
BV	72	Response	11	1359191	8053	1
BV	73	Response	11	1407011	45801	1
BV	74	Response	11	1622393	215123	1
BV	74	Response	11	1697796	290526	1
BV	74	Response	11	1757032	349762	1
BV	74	Response	10	1887357	480087	1
BV	74	Response	11	2120809	713539	1
BV	607	Response	10	2263007	152	1
BV	1182	Response	10	2394198	123	1
BV	1491	Response	10	2481140	141	1
BV	1653	Response	10	2543597	153	1
BV	1826	Response	10	2607808	87	1
BV	1977	Response	10	2668346	11	1
BV	1979	Response	11	2704578	36010	1
BV	2090	Response	10	2758722	133	1
BV	2204	Response	10	2813053	12	1
BV	2297	Response	10	2864011	14	1
BV	2387	Response	10	2914600	147	1
BV	2510	Response	10	2972878	143	1
BV	2613	Response	10	3025448	92	1
BV	2696	Response	10	3074877	64	1
BV	2741	Response	10	3117784	8	1
BV	2795	Response	10	3162242	5	1
BV	2797	Response	8	3238263	75694	1
BV	2947	Response	10	3298896	112	1
BV	3019	Response	10	3346340	97	1
BV	3167	Response	10	3406518	162	1
BV	3268	Response	10	3458787	142	1
BV	3337	Response	10	3505719	116	1
BV	3404	Response	10	3552292	63	1
BV	3479	Response	10	3600324	137	1
BV	3556	Response	10	3650765	122	1
BV	3753	Response	10	3718977	60	1
BV	3863	Response	10	3772769	66	1
BV	3865	Response	9	3786401	13365	1
BV	3906	Response	10	3828839	18	1
BV	3965	Response	10	3874170	56	1
BV	4055	Response	10	3924674	104	1
BV	4189	Response	10	3982655	135	1
BV	4292	Response	10	4035206	65	1
BV	4336	Response	10	4078039	103	1
BV	4454	Response	10	4133153	98	1
BV	4558	Response	10	4185943	101	1
BV	4684	Response	10	4244492	35	1
BV	4796	Response	10	4298663	86	1
BV	4798	Response	9	4316997	18087	1
BV	4905	Response	10	4370514	166	1
BV	5009	Response	10	4423138	3	1
BV	5102	Response	10	4474387	130	1
BV	5196	Response	10	4525485	106	1
BV	5298	Response	10	4577969	137	1
BV	5372	Response	10	4625781	157	1
BV	5471	Response	10	4677606	27	1
BV	5539	Response	10	4724382	10	1
BV	5668	Response	10	4781476	154	1
BV	5789	Response	10	4836961	21	1
BV	5791	Response	9	4855098	17825	1
BV	5932	Response	10	4914367	161	1
BV	6084	Response	10	4975040	54	1
BV	6216	Response	10	5032569	133	1
BV	6293	Response	10	5080742	15	1
BV	6503	Response	10	5151277	111	1
BV	6594	Response	10	5201849	62	1
BV	6820	Response	10	5274949	58	1
BV	6950	Response	10	5332035	28	1
BV	7058	Response	10	5385469	8	1
BV	7160	Response	10	5437962	47	1
BV	7162	Response	9	5482167	43919	1
BV	7347	Response	10	5548625	141	1
BV	7439	Response	10	5599424	150	1
BV	7512	Response	10	5647020	122	1
BV	7514	Response	11	6260253	613121	1
BV	7625	Response	10	6314417	101	1
BV	7679	Response	10	6358814	37	1
BV	7790	Response	10	6412779	50	1
BV	7858	Response	10	6459643	121	1
BV	7928	Response	10	6506720	72	1
BV	8001	Response	10	6554324	52	1
BV	8124	Response	10	6610256	32	1
BV	8126	Response	9	6800011	189454	1
BV	8258	Response	10	6857667	159	1
BV	8440	Response	10	6923310	27	1
BV	8584	Response	10	6982806	74	1
BV	8737	Response	10	7043715	37	1
BV	8828	Response	10	7094443	142	1
BV	8935	Response	10	7147588	1	3
BV	9002	Response	10	7194300	87	1
BV	9106	Response	10	7247147	147	1
BV	9267	Response	10	7309287	8	1
BV	9523	Response	10	7387508	130	1
BV	9525	Response	4	7409680	21969	1
BV	9634	Response	10	7463531	53	1
BV	9742	Response	10	7517039	108	1
BV	9875	Response	10	7574637	89	1
BV	10023	Response	10	7634798	136	1
BV	10097	Response	10	7682594	141	1
BV	10171	Response	10	7730256	11	1
BV	10283	Response	10	7784422	58	1
BV	10384	Response	10	7836688	36	1
BV	10596	Response	10	7907430	7	1
BV	10739	Response	10	7966789	84	1
BV	10741	Response	9	7993533	26495	1
BV	10883	Response	10	8052964	1	1
BV	11019	Response	10	8111153	74	1
BV	11095	Response	10	8159249	46	1
BV	11183	Response	10	8209397	70	1
BV	11259	Response	10	8257486	35	1
BV	11408	Response	10	8317788	56	1
BV	11488	Response	10	8366613	91	1
BV	11596	Response	10	8420045	70	1
BV	11709	Response	10	8474262	1	2
BV	11959	Response	10	8551458	97	1
BV	11961	Response	7	8571004	19310	1
BV	12074	Response	10	8625500	37	1
BV	12340	Response	10	8705240	13	1
BV	12431	Response	10	8755890	41	1
BV	12568	Response	10	8814214	83	1
BV	12691	Response	10	8870134	52	1
BV	12804	Response	10	8924512	144	1
BV	12928	Response	10	8980650	164	1
BV	13184	Response	10	9058632	47	1
BV	13282	Response	10	9110521	149	1
BV	13377	Response	10	9161765	104	1
BV	13379	Response	9	9178832	16838	1
BV	13497	Response	10	9234126	28	1
BV	13590	Response	10	9285217	164	1
BV	13704	Response	10	9339663	157	1
BV	13749	Response	10	9382573	105	1
BV	13793	Response	10	9425330	66	1
BV	13871	Response	10	9473863	141	1
BV	13873	Response	11	10022119	548165	1
BV	13974	Response	10	10074683	153	1
BV	14146	Response	10	10138668	28	1
BV	14202	Response	10	10183556	121	1
BV	14273	Response	10	10230778	51	1
BV	14275	Response	10	10254029	22969	1
BV	14278	Response	10	10280601	13572	1
BV	15137	Response	10	10481148	140	1
BV	15227	Response	10	10531581	117	1
BV	15283	Response	10	10578548	125	1
BV	15285	Response	10	10580703	1946	1
BV	15745	Response	10	10726440	146	1
BV	15839	Response	10	10777465	49	1
BV	15961	Response	10	10833302	102	1
BV	16024	Response	10	10879281	121	1
BV	16026	Response	9	10894799	15306	1
BV	16112	Response	10	10944921	151	1
BV	16284	Response	10	11008945	64	1
BV	16399	Response	10	11063534	35	1
BV	16506	Response	10	11116908	122	1
BV	16695	Response	10	11183847	120	1
BV	16840	Response	10	11243422	80	1
BV	16971	Response	10	11303220	97	1
BV	17111	Response	10	11362044	139	1
BV	17178	Response	10	11411024	162	1
BV	17295	Response	10	11465909	95	1
BV	17297	Response	5	11486015	19868	1
BV	17489	Response	10	11553629	58	1
BV	17566	Response	10	11601873	11	1
BV	17614	Response	10	11645358	34	1
BV	17709	Response	10	11696670	58	1
BV	17817	Response	10	11750175	109	1
BV	17907	Response	10	11800682	160	1
BV	18010	Response	10	11853298	155	1
BV	18371	Response	10	11948754	28	1
BV	18475	Response	10	12001676	163	1
BV	18602	Response	10	12058250	120	1
BV	18604	Response	9	12076284	17821	1
BV	18699	Response	10	12127762	26	1
BV	18826	Response	10	12184476	123	1
BV	18978	Response	10	12245211	78	1
BV	19055	Response	10	12293458	33	1
BV	19156	Response	10	12345787	75	1
BV	19229	Response	10	12395711	42	1
BV	19274	Response	10	12438688	57	1
BV	19482	Response	10	12508861	124	1
BV	19609	Response	10	12565367	14	1
BV	19683	Response	10	12613245	100	1
BV	19685	Response	8	12634403	20925	1
BV	19853	Response	10	12697967	63	1
BV	19986	Response	10	12755562	41	1
BV	20033	Response	10	12798906	90	1
BV	20171	Response	10	12857391	125	1
BV	20257	Response	10	12907164	109	1
BV	20327	Response	10	12954304	123	1
BV	20425	Response	10	13005987	19	1
BV	20500	Response	10	13054082	156	1
BV	20565	Response	10	13100350	131	1
BV	20567	Response	11	13134101	33649	1
BV	20761	Response	10	13202028	64	1
BV	20855	Response	10	13253113	27	1
BV	20920	Response	10	13299380	1	2
BV	21030	Response	10	13355445	115	1
BV	21215	Response	10	13421673	67	1
BV	21395	Response	10	13487085	37	1
BV	21501	Response	10	13540296	128	1
BV	21605	Response	10	13593064	108	1
BV	21684	Response	10	13641594	14	1
BV	21760	Response	10	13689834	130	1
BV	21817	Response	10	13734718	52	1
BV	21819	Response	9	13750822	15824	1
BV	21897	Response	10	13801526	86	1
BV	22011	Response	10	13855974	81	1
BV	22050	Response	10	13900117	96	1
BV	22111	Response	10	13945658	11	1
BV	22195	Response	10	13995283	13	1
BV	22385	Response	10	14062437	58	1
BV	22460	Response	10	14110388	51	1
BV	22601	Response	10	14171790	7	1
BV	22700	Response	10	14223982	78	1
BV	22761	Response	10	14269663	132	1
BV	22763	Response	9	14289650	19786	1
BV	22837	Response	10	14339685	48	1
BV	22903	Response	10	14386103	7	1
BV	22942	Response	10	14428122	63	1
BV	23117	Response	10	14492670	1	1
BV	23203	Response	10	14542583	124	1
BV	23323	Response	10	14597992	81	1
BV	23529	Response	10	14667785	102	1
BV	23599	Response	10	14714934	125	1
BV	23662	Response	10	14760831	62	1
BV	23722	Response	10	14806366	137	1
BV	23724	Response	8	14826652	20091	1
BV	23840	Response	10	14881573	76	1
BV	23961	Response	10	14937186	72	1
BV	24031	Response	10	14984324	84	1
BV	24085	Response	10	15028702	1	2
BV	24180	Response	10	15080080	91	1
BV	24289	Response	10	15133721	112	1
BV	24382	Response	10	15184659	94	1
BV	24495	Response	10	15238899	48	1
BV	24562	Response	10	15285589	112	1
BV	24732	Response	10	15349404	150	1
BV	24734	Response	9	15366885	17298	1
BV	24791	Response	10	15412110	77	1
BV	24852	Response	10	15457784	124	1
BV	24946	Response	10	15508882	100	1
BV	25026	Response	10	15557774	35	1
BV	25063	Response	10	15599502	132	1
BV	25140	Response	10	15647741	81	1
BV	25415	Response	10	15729010	87	1
BV	25483	Response	10	15775868	153	1
BV	25520	Response	10	15817381	36	1
BV	25601	Response	10	15866343	40	1
BV	25670	Response	10	15913262	1	2
BV	25708	Response	10	15955063	5	1
BV	25865	Response	10	16018863	27	1


{
   "app": "Presentation Version 22.0 Build 05.10.20",
   "device": "Dell Inc. G5 5590",
   "experiment": "{511FFCDC-2E1A-453A-8288-A45BB0DEC473}",
   "os": "Windows 10 64 bit",
   "package": "",
   "parameters": {
      "configuration": "Default configuration"
   },
   "scenario": "ExpePerceptionApproche.sce",
   "subject": "BV",
   "timestamp": "2021/01/02 20:32:17 GMT"
}
