Scenario - PerceptionDeplacement
Logfile written - 12/08/2020 17:47:47

Subject	Trial	Event Type	Code	Time	TTime	Uncertainty	Duration	Uncertainty	ReqTime	ReqDur	Stim Type	Pair Index

Clement	1	Response	11	135950	135784	1
Clement	1	Response	11	155781	155614	1
Clement	1	Response	11	183482	183316	1
Clement	1	Response	11	420601	420434	1
Clement	1	Response	11	683520	683354	1
Clement	247	Response	10	775158	0	1
Clement	414	Response	10	838539	103	1
Clement	833	Response	10	943798	121	1
Clement	1017	Response	10	1009925	139	1
Clement	1372	Response	10	1104386	16	1
Clement	1562	Response	10	1171526	47	1
Clement	1564	Response	11	1545274	373562	1
Clement	1734	Response	10	1609108	10	1
Clement	1850	Response	10	1663987	104	1
Clement	2014	Response	10	1726707	45	1
Clement	2162	Response	10	1786867	91	1
Clement	2353	Response	10	1854146	95	1
Clement	2478	Response	10	1910467	132	1
Clement	2658	Response	10	1975907	129	1
Clement	2846	Response	10	2042627	74	1
Clement	2962	Response	10	2097427	88	1
Clement	3009	Response	10	2140707	72	1
Clement	3162	Response	10	2201588	7	1
Clement	3383	Response	10	2273987	136	1
Clement	3511	Response	10	2330706	71	1
Clement	3641	Response	10	2387907	155	1
Clement	3745	Response	10	2440627	87	1
Clement	3786	Response	10	2482947	111	1
Clement	3847	Response	10	2528546	83	1
Clement	3888	Response	10	2570786	27	1
Clement	4029	Response	10	2629826	118	1
Clement	4131	Response	10	2682228	66	1
Clement	4256	Response	10	2738547	100	1
Clement	4314	Response	10	2783667	93	1
Clement	4362	Response	10	2827188	152	1
Clement	4478	Response	10	2881908	86	1
Clement	4730	Response	10	2959348	94	1
Clement	4837	Response	10	3012627	86	1
Clement	4960	Response	10	3068628	135	1
Clement	5087	Response	10	3125187	77	1
Clement	5176	Response	10	3175428	28	1
Clement	5269	Response	10	3226467	112	1
Clement	5365	Response	10	3277908	98	1
Clement	5498	Response	10	3335587	160	1
Clement	5570	Response	10	3383027	142	1
Clement	5745	Response	10	3447507	11	1
Clement	5817	Response	10	3495107	153	1
Clement	5937	Response	10	3550548	142	1
Clement	6038	Response	10	3602788	95	1
Clement	6091	Response	10	3647107	119	1
Clement	6165	Response	10	3694947	167	1
Clement	6221	Response	10	3739668	93	1
Clement	6375	Response	10	3800787	100	1
Clement	6588	Response	10	3871668	42	1
Clement	6804	Response	10	3943187	124	1
Clement	7032	Response	10	4016548	49	1
Clement	7234	Response	10	4085748	142	1
Clement	7336	Response	10	4138226	166	1
Clement	7413	Response	10	4186389	37	1
Clement	7535	Response	10	4242147	11	1
Clement	7618	Response	10	4291588	161	1
Clement	7664	Response	10	4334708	152	1
Clement	7809	Response	10	4396387	52	1
Clement	7848	Response	10	4438387	88	1
Clement	7850	Response	5	4471137	32505	1
Clement	7851	Response	10	5812147	1340810	1
Clement	7999	Response	10	5907907	56	1
Clement	8062	Response	10	5953827	16	1
Clement	8119	Response	10	5998788	15	1
Clement	8164	Response	10	6041828	93	1
Clement	8215	Response	10	6085827	131	1
Clement	8275	Response	10	6131267	111	1
Clement	8313	Response	10	6173027	74	1
Clement	8373	Response	10	6218468	54	1
Clement	8467	Response	10	6269668	132	1
Clement	8584	Response	10	6324708	53	1
Clement	8664	Response	10	6375988	45	1
Clement	8808	Response	10	6435509	117	1
Clement	8888	Response	10	6484228	45	1
Clement	8987	Response	10	6536147	10	1
Clement	9057	Response	10	6583428	165	1
Clement	9176	Response	10	6638628	80	1
Clement	9214	Response	10	6682787	111	1
Clement	9264	Response	10	6726628	157	1
Clement	9332	Response	10	6773269	5	1
Clement	9402	Response	10	6822708	154	1
Clement	9532	Response	10	6879988	151	1
Clement	9580	Response	10	6923348	48	1
Clement	9651	Response	10	6970709	117	1
Clement	9815	Response	10	7033589	52	1
Clement	9864	Response	10	7077269	103	1
Clement	9988	Response	10	7133348	65	1
Clement	10137	Response	10	7193669	105	1
Clement	10323	Response	10	7260069	62	1
Clement	10415	Response	10	7310868	72	1
Clement	10509	Response	10	7362069	151	1
Clement	10595	Response	10	7411748	40	1
Clement	10841	Response	10	7488228	87	1
Clement	10999	Response	10	7549989	68	1
Clement	11043	Response	10	7592789	73	1
Clement	11107	Response	10	7638868	25	1
Clement	11421	Response	10	7726629	30	1
Clement	11630	Response	10	7797030	158	1
Clement	11757	Response	10	7853589	99	1
Clement	12442	Response	10	8003109	84	1
Clement	12494	Response	10	8047269	116	1
Clement	12574	Response	10	8095989	44	1
Clement	12621	Response	10	8139348	108	1
Clement	12682	Response	10	8184950	82	1
Clement	12798	Response	10	8239748	96	1
Clement	12879	Response	10	8288630	20	1
Clement	12929	Response	10	8332548	143	1
Clement	12962	Response	10	8373510	140	1
Clement	13015	Response	10	8417670	5	1
Clement	13072	Response	10	8462789	164	1
Clement	13178	Response	10	8515830	84	1
Clement	13245	Response	10	8562389	18	1
Clement	13419	Response	10	8626869	53	1
Clement	13421	Response	4	8649897	22749	1
Clement	13422	Response	10	8945108	295080	1
Clement	13574	Response	10	9041509	55	1
Clement	13676	Response	10	9093989	81	1
Clement	13717	Response	10	9136310	105	1
Clement	13761	Response	10	9179031	30	1
Clement	13969	Response	10	9249107	1	4
Clement	14144	Response	10	9313830	114	1
Clement	14299	Response	10	9375030	34	1
Clement	14301	Response	10	9378789	3460	1
Clement	14301	Response	10	9381029	5699	1
Clement	14517	Response	10	9482390	154	1
Clement	14581	Response	10	9530870	9	1
Clement	14706	Response	10	9587190	45	1
Clement	14796	Response	10	9640229	130	1
Clement	14837	Response	10	9682550	154	1
Clement	14873	Response	10	9723910	51	1
Clement	15035	Response	10	9786390	85	1
Clement	15076	Response	10	9828710	109	1
Clement	15112	Response	10	9870150	84	1
Clement	15214	Response	10	9922630	110	1
Clement	15260	Response	10	9965669	21	1
Clement	15294	Response	10	10007109	163	1
Clement	15375	Response	10	10055990	87	1
Clement	15424	Response	10	10099669	137	1
Clement	15594	Response	10	10163430	120	1
Clement	15691	Response	10	10214951	19	1
Clement	15752	Response	10	10260630	72	1
Clement	15929	Response	10	10325510	9	1
Clement	16056	Response	10	10382151	32	1
Clement	16141	Response	10	10431830	88	1
Clement	16171	Response	10	10472230	23	1
Clement	16259	Response	10	10524630	135	1
Clement	16370	Response	10	10578550	102	1
Clement	16422	Response	10	10622630	54	1
Clement	16460	Response	10	10664470	97	1
Clement	16773	Response	10	10751990	27	1
Clement	17567	Response	10	10919669	19	1
Clement	17619	Response	10	10963910	132	1
Clement	17681	Response	10	11009589	17	1
Clement	17766	Response	10	11059270	74	1
Clement	17807	Response	10	11101590	98	1
Clement	18099	Response	10	11185591	6	1
Clement	18160	Response	10	11231350	138	1
Clement	18273	Response	10	11285589	91	1
Clement	18320	Response	10	11328950	156	1
Clement	18469	Response	10	11391350	110	1
Clement	18527	Response	10	11436390	23	1
Clement	18563	Response	10	11477909	78	1
Clement	18606	Response	10	11520470	9	1
Clement	18646	Response	10	11562711	121	1
Clement	18717	Response	10	11609910	27	1
Clement	18761	Response	10	11652710	31	1
Clement	19028	Response	10	11732633	24	1
Clement	19093	Response	10	11778951	49	1
Clement	19095	Response	5	11805787	26552	1
Clement	19096	Response	11	11823686	17741	1
Clement	19351	Response	10	11901830	35	1
Clement	19375	Response	10	11941351	91	1
Clement	19435	Response	10	11986790	70	1
Clement	19485	Response	10	12030551	35	1
Clement	19521	Response	10	12071991	11	1
Clement	19592	Response	10	12119431	159	1
Clement	19691	Response	10	12171270	43	1
Clement	19783	Response	10	12222311	129	1
Clement	19828	Response	10	12265191	47	1
Clement	19854	Response	10	12304951	7	1
Clement	19882	Response	10	12345111	36	1
Clement	19993	Response	10	12399110	82	1
Clement	20027	Response	10	12442392	68	1
Clement	20051	Response	10	12481910	121	1
Clement	20078	Response	10	12521911	157	1
Clement	20111	Response	10	12565270	54	1
Clement	20160	Response	10	12608870	25	1
Clement	20222	Response	10	12654710	72	1
Clement	20273	Response	10	12698711	111	1
Clement	20482	Response	10	12768950	78	1
Clement	20536	Response	10	12813430	97	1
Clement	20585	Response	10	12857031	69	1
Clement	20681	Response	10	12910711	129	1
Clement	20741	Response	10	12956152	109	1
Clement	20786	Response	10	12999031	26	1
Clement	20869	Response	10	13048310	15	1
Clement	20973	Response	10	13101191	108	1
Clement	21158	Response	10	13167510	152	1
Clement	21445	Response	10	13250711	92	1
Clement	21849	Response	10	13353672	142	1
Clement	21874	Response	10	13393271	110	1
Clement	21917	Response	10	13438071	115	1
Clement	21964	Response	10	13481351	99	1
Clement	21992	Response	10	13521431	47	1
Clement	22014	Response	10	13560630	115	1
Clement	22057	Response	10	13603271	125	1
Clement	22106	Response	10	13646870	96	1
Clement	22166	Response	10	13692391	156	1
Clement	22296	Response	10	13749351	0	1
Clement	22389	Response	10	13800308	1	3
Clement	22414	Response	10	13840232	127	1
Clement	22553	Response	10	13898791	70	1
Clement	22600	Response	10	13942070	53	1
Clement	22881	Response	10	14026551	108	1
Clement	22930	Response	10	14070152	80	1
Clement	23128	Response	10	14138551	39	1
Clement	23178	Response	10	14182472	165	1
Clement	23218	Response	10	14224552	114	1
Clement	23253	Response	10	14265752	17	1
Clement	23337	Response	10	14315352	161	1
Clement	23448	Response	10	14369272	127	1
Clement	23527	Response	10	14417911	143	1
Clement	23610	Response	10	14467191	132	1
Clement	23656	Response	10	14510233	45	1


{
   "app": "Presentation Version 22.0 Build 05.10.20",
   "device": "Dell Inc. G5 5590",
   "experiment": "{511FFCDC-2E1A-453A-8288-A45BB0DEC473}",
   "os": "Windows 10 64 bit",
   "package": "",
   "parameters": {
      "configuration": "Default configuration"
   },
   "scenario": "ExpePerceptionApproche.sce",
   "subject": "Clement",
   "timestamp": "2020/12/08 16:23:33 GMT"
}
