Scenario - PerceptionDeplacement
Logfile written - 12/26/2020 19:48:29

Subject	Trial	Event Type	Code	Time	TTime	Uncertainty	Duration	Uncertainty	ReqTime	ReqDur	Stim Type	Pair Index

Corisande	1	Response	2	149217	148984	1
Corisande	2	Response	11	161068	11532	1
Corisande	2	Response	11	165287	15751	1
Corisande	2	Response	11	169698	20162	1
Corisande	2	Response	11	303028	153492	1
Corisande	2	Response	11	429983	280447	1
Corisande	4	Response	11	446610	1000	1
Corisande	146	Response	10	504745	20	1
Corisande	263	Response	10	559737	60	1
Corisande	409	Response	10	619509	50	1
Corisande	506	Response	10	671165	85	1
Corisande	592	Response	10	721009	139	1
Corisande	680	Response	10	771068	76	1
Corisande	682	Response	11	836914	65688	1
Corisande	819	Response	10	895385	1	2
Corisande	909	Response	10	945882	42	1
Corisande	1130	Response	10	1018252	142	1
Corisande	1267	Response	10	1076424	32	1
Corisande	1504	Response	10	1151401	74	1
Corisande	1650	Response	10	1211166	58	1
Corisande	1693	Response	10	1253805	67	1
Corisande	1695	Response	10	1256590	2519	1
Corisande	1873	Response	10	1354678	29	1
Corisande	1875	Response	6	1466331	111349	1
Corisande	1940	Response	10	1512694	16	1
Corisande	2026	Response	10	1562532	64	1
Corisande	2130	Response	10	1615269	14	1
Corisande	2269	Response	10	1674020	149	1
Corisande	2322	Response	10	1718208	43	1
Corisande	2437	Response	10	1772826	42	1
Corisande	2493	Response	10	1817741	163	1
Corisande	2577	Response	10	1867139	104	1
Corisande	2634	Response	10	1912118	122	1
Corisande	2835	Response	10	1980999	64	1
Corisande	2837	Response	6	2001361	20092	1
Corisande	3212	Response	10	2099442	110	1
Corisande	3462	Response	10	2176432	1	3
Corisande	3616	Response	10	2237709	164	1
Corisande	3703	Response	10	2287620	119	1
Corisande	3862	Response	10	2349476	29	1
Corisande	3896	Response	10	2390616	39	1
Corisande	4049	Response	10	2451525	1	6
Corisande	4425	Response	10	2549668	63	1
Corisande	4653	Response	10	2623042	1	5
Corisande	4815	Response	10	2685559	72	1
Corisande	4817	Response	7	2703837	18017	1
Corisande	4897	Response	10	2752856	95	1
Corisande	5066	Response	10	2816529	157	1
Corisande	5292	Response	10	2889618	143	1
Corisande	5386	Response	10	2940689	92	1
Corisande	5447	Response	10	2986256	32	1
Corisande	5566	Response	10	3041528	20	1
Corisande	5868	Response	10	3127297	30	1
Corisande	5960	Response	10	3178076	20	1
Corisande	6127	Response	10	3241460	126	1
Corisande	6260	Response	10	3299115	165	1
Corisande	6262	Response	7	3316481	17197	1
Corisande	6622	Response	10	3412122	104	1
Corisande	6774	Response	10	3472819	20	1
Corisande	6939	Response	10	3535769	26	1
Corisande	7197	Response	10	3614292	117	1
Corisande	7322	Response	10	3670504	45	1
Corisande	7483	Response	10	3732799	61	4
Corisande	7609	Response	10	3789300	111	1
Corisande	7707	Response	10	3841095	118	1
Corisande	7918	Response	10	3911653	71	1
Corisande	8030	Response	10	3965762	61	1
Corisande	8032	Response	8	3984818	18784	1
Corisande	8358	Response	10	4074634	28	1
Corisande	8398	Response	10	4118961	61	1
Corisande	8481	Response	10	4168292	101	1
Corisande	8483	Response	11	4266314	97890	1
Corisande	8570	Response	10	4316431	36	1
Corisande	8654	Response	10	4365976	125	1
Corisande	8750	Response	10	4417408	102	1
Corisande	8821	Response	10	4464635	37	1
Corisande	8964	Response	10	4523888	8	1
Corisande	9041	Response	10	4572205	33	1
Corisande	9230	Response	10	4639212	99	1
Corisande	9232	Response	7	4672141	32695	1
Corisande	9422	Response	10	4739393	35	1
Corisande	9548	Response	10	4795967	158	1
Corisande	9755	Response	10	4865796	48	1
Corisande	9935	Response	10	4931496	139	1
Corisande	10051	Response	10	4988725	84	1
Corisande	10152	Response	10	5041026	97	1
Corisande	10325	Response	10	5105277	72	1
Corisande	10444	Response	10	5160623	132	1
Corisande	10622	Response	10	5225735	134	1
Corisande	10624	Response	10	5233240	7307	1
Corisande	10627	Response	7	5317986	56084	1
Corisande	10914	Response	10	5403793	15	1
Corisande	11006	Response	10	5454643	76	1
Corisande	11148	Response	10	5513751	69	1
Corisande	11235	Response	10	5565906	103	1
Corisande	11319	Response	10	5615455	28	1
Corisande	11408	Response	10	5665726	10	1
Corisande	11476	Response	10	5712523	15	1
Corisande	11577	Response	10	5764963	1	4
Corisande	11765	Response	10	5831754	17	1
Corisande	11846	Response	10	5880794	99	1
Corisande	11848	Response	7	5897811	16783	1
Corisande	11997	Response	10	5958229	102	1
Corisande	12104	Response	10	6011545	132	1
Corisande	12273	Response	10	6075078	53	1
Corisande	12379	Response	10	6128247	102	1
Corisande	12472	Response	10	6179101	1	2
Corisande	12550	Response	10	6227639	81	1
Corisande	12633	Response	10	6276899	51	1
Corisande	12830	Response	10	6345139	17	1
Corisande	12912	Response	10	6394256	11	1
Corisande	13206	Response	10	6478794	121	1
Corisande	13208	Response	7	6496060	17055	1
Corisande	13373	Response	10	6559208	106	1
Corisande	13561	Response	10	6625989	112	1
Corisande	13616	Response	10	6670614	109	1
Corisande	13682	Response	10	6717049	86	1
Corisande	13752	Response	10	6764134	45	1
Corisande	13901	Response	10	6824478	108	1
Corisande	14061	Response	10	6886556	74	1
Corisande	14128	Response	10	6933275	166	1
Corisande	14273	Response	10	6992747	24	1
Corisande	14444	Response	10	7056781	114	1
Corisande	14446	Response	7	7071493	14493	1
Corisande	14562	Response	10	7126541	101	1
Corisande	14983	Response	10	7232072	58	1
Corisande	15084	Response	10	7284371	70	1
Corisande	15276	Response	10	7351798	55	1
Corisande	15343	Response	10	7398520	152	1
Corisande	15473	Response	10	7455596	111	1
Corisande	15475	Response	11	7536228	80510	1
Corisande	15559	Response	10	7585911	40	1
Corisande	15710	Response	10	7646542	57	1
Corisande	15869	Response	10	7708474	44	1
Corisande	15950	Response	10	7757441	53	1
Corisande	16136	Response	10	7823938	108	1
Corisande	16302	Response	10	7886956	15	1
Corisande	16360	Response	10	7932088	19	1
Corisande	16408	Response	10	7975691	160	1
Corisande	16482	Response	10	8023427	105	1
Corisande	16521	Response	10	8065443	158	1
Corisande	16663	Response	10	8126873	141	1
Corisande	16724	Response	10	8172436	78	1
Corisande	17080	Response	10	8269720	113	1
Corisande	17220	Response	10	8328538	149	1
Corisande	17222	Response	7	8344717	15995	1
Corisande	17404	Response	10	8410684	33	1
Corisande	17593	Response	10	8477612	20	1
Corisande	17693	Response	10	8529767	53	1
Corisande	17928	Response	10	8604450	136	1
Corisande	18025	Response	10	8656022	86	1
Corisande	18111	Response	10	8705856	130	1
Corisande	18421	Response	10	8793002	19	1
Corisande	18603	Response	10	8858773	14	1
Corisande	18683	Response	10	8907666	117	1
Corisande	18774	Response	10	8958230	58	1
Corisande	18776	Response	8	8988047	29542	1
Corisande	19153	Response	10	9086517	123	1
Corisande	19253	Response	10	9138672	157	1
Corisande	19373	Response	10	9194013	47	1
Corisande	19620	Response	10	9270579	13	1
Corisande	19672	Response	10	9314841	147	1
Corisande	19729	Response	10	9359750	95	1
Corisande	19788	Response	10	9407126	12	1
Corisande	19897	Response	10	9460872	139	1
Corisande	20064	Response	10	9524105	94	1
Corisande	20204	Response	10	9582850	57	1
Corisande	20206	Response	7	9602542	19416	1
Corisande	20406	Response	10	9671437	55	1
Corisande	20489	Response	10	9720685	13	1
Corisande	20565	Response	10	9768853	56	1
Corisande	20655	Response	10	9819411	158	1
Corisande	20717	Response	10	9865192	145	1
Corisande	20939	Response	10	9937484	1	1
Corisande	21050	Response	10	9991447	11	1
Corisande	21183	Response	10	10049179	127	1
Corisande	21240	Response	10	10094014	1	5
Corisande	21359	Response	10	10149430	132	1
Corisande	21361	Response	7	10184135	34504	1
Corisande	21412	Response	10	10230558	164	1
Corisande	21486	Response	10	10278293	108	1
Corisande	21618	Response	10	10335662	27	1
Corisande	21769	Response	10	10396360	111	1
Corisande	21921	Response	10	10457060	31	1
Corisande	21923	Response	10	10461952	4590	1
Corisande	22099	Response	10	10557678	70	1
Corisande	22294	Response	10	10625622	74	1
Corisande	22424	Response	10	10682705	40	1
Corisande	22426	Response	11	10725513	42615	1
Corisande	22532	Response	10	10778907	159	1
Corisande	22627	Response	10	10830191	155	1
Corisande	22698	Response	10	10877491	163	1
Corisande	22929	Response	10	10951379	115	1
Corisande	23276	Response	10	11044607	91	1
Corisande	23314	Response	10	11086404	91	1
Corisande	23401	Response	10	11136386	117	1
Corisande	23560	Response	10	11198532	151	1
Corisande	23748	Response	10	11265316	160	1
Corisande	24008	Response	10	11344051	130	1
Corisande	24177	Response	10	11407577	45	1
Corisande	24179	Response	6	11428599	20734	1
Corisande	24461	Response	10	11511232	124	1
Corisande	24529	Response	10	11560128	63	1
Corisande	24643	Response	10	11614599	82	1
Corisande	24762	Response	10	11669939	136	1
Corisande	24924	Response	10	11734626	47	1
Corisande	25045	Response	10	11790331	134	1
Corisande	25116	Response	10	11837562	72	1
Corisande	25350	Response	10	11912026	101	1
Corisande	25392	Response	10	11954547	160	1
Corisande	25538	Response	10	12014309	140	1
Corisande	25540	Response	7	12034239	19738	1
Corisande	25909	Response	10	12131300	67	1
Corisande	26026	Response	10	12188453	103	1
Corisande	26133	Response	10	12241695	58	1
Corisande	26208	Response	10	12289646	52	1
Corisande	26295	Response	10	12339702	151	1
Corisande	26546	Response	10	12417064	81	1
Corisande	26721	Response	10	12481680	86	1
Corisande	26799	Response	10	12530069	18	1
Corisande	26916	Response	10	12585266	96	1
Corisande	27063	Response	10	12645170	53	1
Corisande	27065	Response	7	12664329	18879	1
Corisande	27143	Response	10	12715075	19	1
Corisande	27225	Response	10	12764185	5	1
Corisande	27298	Response	10	12811849	44	1
Corisande	27373	Response	10	12859872	109	1
Corisande	27464	Response	10	12910503	117	1
Corisande	27521	Response	10	12955485	139	1
Corisande	27604	Response	10	13004741	105	1
Corisande	27857	Response	10	13082318	83	1
Corisande	27925	Response	10	13129039	11	1
Corisande	28206	Response	10	13211473	18	1
Corisande	28208	Response	6	13253277	41489	1
Corisande	28459	Response	10	13330777	92	1
Corisande	28540	Response	10	13379674	32	1
Corisande	28679	Response	10	13440449	26	1
Corisande	28753	Response	10	13488256	43	1
Corisande	28818	Response	10	13534544	37	1
Corisande	28982	Response	10	13597343	58	1
Corisande	29061	Response	10	13646023	114	1
Corisande	29146	Response	10	13695572	39	1
Corisande	29240	Response	10	13746782	128	1
Corisande	29358	Response	10	13801836	63	1
Corisande	29456	Response	10	13853701	140	1
Corisande	29631	Response	10	13918238	67	1
Corisande	29728	Response	10	13969956	163	1


{
   "app": "Presentation Version 22.0 Build 05.10.20",
   "device": "Dell Inc. G5 5590",
   "experiment": "{511FFCDC-2E1A-453A-8288-A45BB0DEC473}",
   "os": "Windows 10 64 bit",
   "package": "",
   "parameters": {
      "configuration": "Default configuration"
   },
   "scenario": "ExpePerceptionApproche.sce",
   "subject": "Corisande",
   "timestamp": "2020/12/26 18:25:09 GMT"
}
