Scenario - PerceptionDeplacement
Logfile written - 10/22/2020 15:12:35

Subject	Trial	Event Type	Code	Time	TTime	Uncertainty	Duration	Uncertainty	ReqTime	ReqDur	Stim Type	Pair Index

Emile22_10	1	Response	11	71429	71363	1
Emile22_10	9	Response	11	147970	6317	1
Emile22_10	17	Response	11	221983	329	1
Emile22_10	18	Quit		245861	14063	NA


{
   "app": "Presentation Version 22.0 Build 05.10.20",
   "device": "Dell Inc. G5 5590",
   "experiment": "{511FFCDC-2E1A-453A-8288-A45BB0DEC473}",
   "os": "Windows 10 64 bit",
   "package": "",
   "parameters": {
      "configuration": "Default configuration"
   },
   "scenario": "ExpePerceptionDeplacement.sce",
   "subject": "Emile22_10",
   "timestamp": "2020/10/22 13:12:08 GMT"
}
