Scenario - PerceptionDeplacement
Logfile written - 10/20/2020 15:51:01

Subject	Trial	Event Type	Code	Time	TTime	Uncertainty	Duration	Uncertainty	ReqTime	ReqDur	Stim Type	Pair Index

Emile20_10	1	Response	11	33901	33735	1
Emile20_10	1	Response	11	45447	45281	1
Emile20_10	1	Response	11	48867	48701	1
Emile20_10	1	Response	11	52226	52060	1
Emile20_10	1	Response	11	55073	54907	1
Emile20_10	1	Response	11	60260	60094	1
Emile20_10	1	Response	11	64940	64774	1
Emile20_10	2	Response	11	205672	140396	1
Emile20_10	3	Response	6	248334	42347	1
Emile20_10	4	Response	7	261026	12410	1
Emile20_10	160	Response	10	287126	43	1
Emile20_10	162	Response	2	326879	39464	1
Emile20_10	163	Response	5	337140	9926	1
Emile20_10	232	Response	10	348705	9	1
Emile20_10	234	Response	6	389422	40394	1
Emile20_10	235	Response	8	395327	5668	1
Emile20_10	310	Response	10	408116	139	1
Emile20_10	312	Response	8	449205	40895	1
Emile20_10	313	Response	8	458449	9009	1
Emile20_10	366	Response	10	467453	28	1
Emile20_10	368	Response	2	508689	40931	1
Emile20_10	369	Response	4	517474	8585	1
Emile20_10	441	Response	10	529605	68	1
Emile20_10	443	Response	2	603962	74096	1
Emile20_10	444	Response	2	608809	4503	1
Emile20_10	528	Response	10	623088	132	1
Emile20_10	530	Response	8	666015	42726	1
Emile20_10	531	Response	4	670595	4343	1
Emile20_10	629	Response	10	687198	131	1
Emile20_10	631	Response	6	726444	39044	1
Emile20_10	632	Response	8	729848	3150	1
Emile20_10	794	Response	10	757030	25	1
Emile20_10	796	Response	8	796652	39313	1
Emile20_10	797	Response	8	805534	8563	1
Emile20_10	918	Response	10	825919	140	1
Emile20_10	920	Response	6	865509	39397	1
Emile20_10	921	Response	8	868168	2424	1
Emile20_10	1169	Response	10	909621	82	1
Emile20_10	1171	Response	8	969518	59645	1
Emile20_10	1172	Response	5	974089	4269	1
Emile20_10	1403	Response	10	1012783	1	54
Emile20_10	1405	Response	6	1052321	39206	1
Emile20_10	1406	Response	7	1064918	12337	1
Emile20_10	1535	Response	10	1086713	162	1
Emile20_10	1537	Response	8	1139205	52320	1
Emile20_10	1538	Response	2	1145833	6328	1
Emile20_10	1659	Response	10	1166202	53	1
Emile20_10	1661	Response	6	1204012	37530	1
Emile20_10	1662	Response	8	1206826	2544	1
Emile20_10	1722	Response	10	1217038	101	1
Emile20_10	1724	Response	8	1268222	50952	1
Emile20_10	1725	Response	1	1277561	9002	1
Emile20_10	1789	Response	10	1288388	13	1
Emile20_10	1791	Response	4	1327638	38930	1
Emile20_10	1792	Response	8	1333214	5373	1
Emile20_10	1882	Response	10	1348445	122	1
Emile20_10	1884	Response	2	1387323	38667	1
Emile20_10	1885	Response	8	1389920	2298	1
Emile20_10	1951	Response	10	1400987	44	1
Emile20_10	1953	Response	4	1444161	42885	1
Emile20_10	1954	Response	7	1451162	6757	1
Emile20_10	2020	Response	10	1462352	129	1
Emile20_10	2022	Response	8	1501476	38920	1
Emile20_10	2023	Response	7	1511319	9630	1
Emile20_10	2141	Response	10	1531170	7	1
Emile20_10	2143	Response	2	1576356	44860	1
Emile20_10	2144	Response	8	1581282	4658	1
Emile20_10	2232	Response	10	1596151	45	1
Emile20_10	2234	Response	4	1638871	42432	1
Emile20_10	2235	Response	4	1643800	4732	1
Emile20_10	2305	Response	10	1655555	1	1
Emile20_10	2307	Response	2	1693904	38016	1
Emile20_10	2308	Response	7	1701703	7516	1
Emile20_10	2385	Response	10	1714677	8	1
Emile20_10	2387	Response	6	1757976	42974	1
Emile20_10	2388	Response	4	1766922	8624	1
Emile20_10	2471	Response	10	1780881	102	1
Emile20_10	2473	Response	6	1826823	45712	1
Emile20_10	2474	Response	5	1840541	13470	1
Emile20_10	2539	Response	10	1851651	101	1
Emile20_10	2541	Response	4	1891938	40055	1
Emile20_10	2542	Response	7	1896419	4238	1
Emile20_10	2620	Response	10	1909538	39	1
Emile20_10	2622	Response	2	1949696	39864	1
Emile20_10	2623	Response	6	1961510	11546	1
Emile20_10	2719	Response	10	1977769	162	1
Emile20_10	2721	Response	8	2043944	66004	1
Emile20_10	2722	Response	2	2054134	9919	1
Emile20_10	2824	Response	10	2071267	76	1
Emile20_10	2826	Response	4	2126837	55313	1
Emile20_10	2827	Response	3	2140748	13605	1
Emile20_10	2926	Response	10	2157307	24	1
Emile20_10	2928	Response	6	2204770	47154	1
Emile20_10	2929	Response	2	2209732	4658	1
Emile20_10	2993	Response	10	2220687	125	1
Emile20_10	2995	Response	4	2261148	40254	1
Emile20_10	2996	Response	7	2264555	3196	1
Emile20_10	3072	Response	10	2277492	147	1
Emile20_10	3074	Response	2	2320716	43038	1
Emile20_10	3075	Response	4	2330813	9839	1
Emile20_10	3182	Response	10	2348841	59	1
Emile20_10	3184	Response	4	2387553	38438	1
Emile20_10	3185	Response	8	2389717	1968	1
Emile20_10	3290	Response	10	2407374	142	1
Emile20_10	3292	Response	6	2446030	38465	1
Emile20_10	3293	Response	8	2448759	2395	1
Emile20_10	3364	Response	10	2460705	20	1
Emile20_10	3366	Response	2	2505498	44480	1
Emile20_10	3367	Response	2	2509781	3968	1
Emile20_10	3449	Response	10	2523580	116	1
Emile20_10	3451	Response	8	2562747	38950	1
Emile20_10	3452	Response	8	2565679	2583	1
Emile20_10	3531	Response	10	2578938	23	1
Emile20_10	3533	Response	2	2617060	37812	1
Emile20_10	3534	Response	5	2624144	6763	1
Emile20_10	3586	Response	10	2632918	51	1
Emile20_10	3588	Response	6	2671520	38319	1
Emile20_10	3589	Response	8	2674223	2389	1
Emile20_10	3648	Response	10	2684224	67	1
Emile20_10	3650	Response	4	2726139	41649	1
Emile20_10	3651	Response	7	2729069	2616	1
Emile20_10	3759	Response	10	2747247	146	1
Emile20_10	3761	Response	6	2785793	38359	1
Emile20_10	3762	Response	8	2788324	2256	1
Emile20_10	3831	Response	10	2799928	39	1
Emile20_10	3833	Response	4	2847466	47244	1
Emile20_10	3834	Response	8	2850065	2385	1
Emile20_10	3931	Response	10	2866423	92	1
Emile20_10	3933	Response	8	2904051	37387	1
Emile20_10	3934	Response	8	2906367	2070	1
Emile20_10	3990	Response	10	2915913	125	1
Emile20_10	3992	Response	4	2955731	39610	1
Emile20_10	3993	Response	8	2961892	5807	1
Emile20_10	4104	Response	10	2980603	38	1
Emile20_10	4106	Response	6	3019690	38792	1
Emile20_10	4107	Response	8	3023660	3631	1
Emile20_10	4198	Response	10	3038918	71	1
Emile20_10	4200	Response	2	3078134	38954	1
Emile20_10	4201	Response	8	3081308	2829	1
Emile20_10	4321	Response	10	3101468	9	1
Emile20_10	4323	Response	4	3140521	38729	1
Emile20_10	4324	Response	8	3141274	516	1
Emile20_10	4399	Response	10	3153964	50	1
Emile20_10	4401	Response	2	3194800	40554	1
Emile20_10	4402	Response	5	3200812	5768	1
Emile20_10	4607	Response	10	3235068	59	1
Emile20_10	4609	Response	8	3274584	39242	1
Emile20_10	4610	Response	8	3277322	2514	1
Emile20_10	4696	Response	10	3291858	66	1
Emile20_10	4698	Response	4	3330212	38086	1
Emile20_10	4699	Response	8	3331196	770	1
Emile20_10	4769	Response	10	3343078	163	1
Emile20_10	4771	Response	6	3382797	39549	1
Emile20_10	4772	Response	8	3385772	2725	1
Emile20_10	4852	Response	10	3399221	22	1
Emile20_10	4854	Response	8	3447710	48178	1
Emile20_10	4855	Response	5	3450673	2684	1
Emile20_10	4946	Response	10	3465999	25	1
Emile20_10	4948	Response	4	3510482	44175	1
Emile20_10	4949	Response	8	3517256	6488	1
Emile20_10	5046	Response	10	3533645	64	1
Emile20_10	5048	Response	2	3572797	38883	1
Emile20_10	5049	Response	8	3575422	2375	1
Emile20_10	5205	Response	10	3601657	135	1
Emile20_10	5207	Response	4	3641816	39960	1
Emile20_10	5208	Response	8	3644762	2608	1
Emile20_10	5329	Response	10	3665092	125	1
Emile20_10	5331	Response	8	3711816	46516	1
Emile20_10	5332	Response	4	3718464	6371	1
Emile20_10	5414	Response	10	3732329	87	1
Emile20_10	5416	Response	4	3772002	39427	1
Emile20_10	5417	Response	8	3772929	723	1
Emile20_10	5509	Response	10	3788447	88	1
Emile20_10	5511	Response	6	3827715	39023	1
Emile20_10	5512	Response	8	3830632	2641	1
Emile20_10	5613	Response	10	3847663	23	1
Emile20_10	5615	Response	2	3887519	39545	1
Emile20_10	5616	Response	7	3892253	4480	1
Emile20_10	5692	Response	10	3905178	87	1
Emile20_10	5694	Response	4	3947447	42024	1
Emile20_10	5695	Response	8	3950722	3002	1
Emile20_10	5765	Response	10	3962696	155	1
Emile20_10	5767	Response	6	4000302	37429	1
Emile20_10	5768	Response	8	4002812	2305	1
Emile20_10	5837	Response	10	4014503	8	1
Emile20_10	5839	Response	8	4069315	54487	1
Emile20_10	5840	Response	2	4074322	4708	1
Emile20_10	5908	Response	10	4085920	153	1
Emile20_10	5910	Response	6	4124931	38832	1
Emile20_10	5911	Response	8	4126024	792	1
Emile20_10	5986	Response	10	4138668	114	1
Emile20_10	5988	Response	4	4178383	39497	1
Emile20_10	5989	Response	8	4185098	6413	1
Emile20_10	6076	Response	10	4199808	142	1
Emile20_10	6078	Response	6	4238685	38685	1
Emile20_10	6079	Response	8	4241220	2254	1
Emile20_10	6158	Response	10	4254580	127	1
Emile20_10	6160	Response	8	4293791	39006	1
Emile20_10	6161	Response	5	4299266	5182	1
Emile20_10	6235	Response	10	4311815	80	1
Emile20_10	6237	Response	6	4350548	38479	1
Emile20_10	6238	Response	8	4353809	2941	1
Emile20_10	6295	Response	10	4363478	121	1
Emile20_10	6297	Response	8	4404820	41129	1
Emile20_10	6298	Response	5	4410247	5093	1
Emile20_10	6364	Response	10	4421427	121	1
Emile20_10	6366	Response	2	4460852	39212	1
Emile20_10	6367	Response	8	4466133	5028	1
Emile20_10	6423	Response	10	4475691	98	1
Emile20_10	6425	Response	4	4516041	40115	1
Emile20_10	6426	Response	9	4517546	1155	1
Emile20_10	6531	Response	10	4535246	38	1
Emile20_10	6533	Response	2	4574549	39009	1
Emile20_10	6534	Response	8	4592590	17750	1
Emile20_10	6617	Response	10	4606513	34	1
Emile20_10	6619	Response	8	4646487	39676	1
Emile20_10	6620	Response	4	4693468	46691	1
Emile20_10	6691	Response	10	4705486	95	1
Emile20_10	6693	Response	6	4745365	39640	1
Emile20_10	6694	Response	8	4746818	1128	1
Emile20_10	6816	Response	10	4767274	102	1
Emile20_10	6818	Response	2	4806727	39222	1
Emile20_10	6819	Response	9	4809529	2559	1
Emile20_10	6936	Response	10	4829204	87	1
Emile20_10	6938	Response	6	4869041	39590	1
Emile20_10	6939	Response	8	4872934	3685	1
Emile20_10	6992	Response	10	4881954	50	1
Emile20_10	6994	Response	2	4922759	40521	1
Emile20_10	6995	Response	8	4925755	2719	1
Emile20_10	7090	Response	10	4941714	28	1
Emile20_10	7092	Response	8	4981154	39136	1
Emile20_10	7093	Response	7	4987267	5783	1
Emile20_10	7152	Response	10	4997209	72	1
Emile20_10	7154	Response	2	5046659	49188	1
Emile20_10	7155	Response	4	5050909	3982	1
Emile20_10	7249	Response	10	5066809	66	1
Emile20_10	7251	Response	6	5105879	38803	1
Emile20_10	7252	Response	8	5108655	2447	1
Emile20_10	7386	Response	10	5131089	68	1
Emile20_10	7388	Response	2	5177083	45729	1
Emile20_10	7389	Response	5	5190185	12871	1
Emile20_10	7454	Response	10	5201230	104	1
Emile20_10	7456	Response	2	5242589	41130	1
Emile20_10	7457	Response	5	5247586	4663	1
Emile20_10	7567	Response	10	5266127	58	1
Emile20_10	7569	Response	4	5305715	39312	1
Emile20_10	7570	Response	8	5310895	4861	1
Emile20_10	7673	Response	10	5328248	66	1
Emile20_10	7675	Response	6	5372234	43720	1
Emile20_10	7676	Response	8	5375295	2818	1
Emile20_10	7808	Response	10	5397493	39	1
Emile20_10	7810	Response	4	5436980	39192	1
Emile20_10	7811	Response	8	5439427	2174	1
Emile20_10	7927	Response	10	5458950	49	1
Emile20_10	7929	Response	8	5498228	38995	1
Emile20_10	7930	Response	5	5503739	5206	1
Emile20_10	8037	Response	10	5521820	140	1
Emile20_10	8039	Response	2	5564707	42695	1
Emile20_10	8040	Response	8	5572827	7852	1
Emile20_10	8171	Response	10	5594948	165	1
Emile20_10	8173	Response	8	5633428	38313	1
Emile20_10	8174	Response	5	5640095	6347	1
Emile20_10	8251	Response	10	5653074	9	1
Emile20_10	8253	Response	2	5691261	37863	1
Emile20_10	8254	Response	8	5694482	2951	1
Emile20_10	8340	Response	10	5709004	155	1
Emile20_10	8342	Response	8	5749753	40570	1
Emile20_10	8343	Response	5	5753141	3161	1
Emile20_10	8444	Response	10	5770289	160	1
Emile20_10	8446	Response	6	5813837	43375	1
Emile20_10	8447	Response	8	5820222	6132	1
Emile20_10	8590	Response	10	5844095	30	1
Emile20_10	8592	Response	2	5883148	38750	1
Emile20_10	8593	Response	8	5885823	2459	1
Emile20_10	8660	Response	10	5897056	38	1
Emile20_10	8662	Response	8	5939289	41938	1
Emile20_10	8663	Response	8	5947431	7783	1
Emile20_10	8755	Response	10	5962801	7	2
Emile20_10	8757	Response	6	6011610	48483	1
Emile20_10	8758	Response	4	6018811	6893	1
Emile20_10	8836	Response	10	6031930	30	1
Emile20_10	8838	Response	2	6074476	42243	1
Emile20_10	8839	Response	8	6081158	6462	1
Emile20_10	8899	Response	10	6091190	8	1
Emile20_10	8901	Response	10	6132403	40888	1
Emile20_10	8902	Response	8	6134392	1745	1
Emile20_10	9027	Response	10	6155367	74	1
Emile20_10	9029	Response	2	6194862	39236	1
Emile20_10	9030	Response	8	6207018	11927	1
Emile20_10	9138	Response	10	6225190	125	1
Emile20_10	9140	Response	4	6267914	42515	1
Emile20_10	9141	Response	8	6268245	51	1
Emile20_10	9215	Response	10	6280684	1	3
Emile20_10	9217	Response	6	6326484	45468	1
Emile20_10	9218	Response	8	6331116	4306	1
Emile20_10	9281	Response	10	6341900	103	1
Emile20_10	9283	Response	4	6381087	38957	1
Emile20_10	9284	Response	8	6381815	386	1
Emile20_10	9348	Response	10	6392623	38	1
Emile20_10	9350	Response	8	6434599	41680	1
Emile20_10	9351	Response	8	6437659	2777	1
Emile20_10	9415	Response	10	6448404	34	1
Emile20_10	9417	Response	6	6486236	37532	1
Emile20_10	9418	Response	8	6489594	3090	1
Emile20_10	9489	Response	10	6501648	157	1
Emile20_10	9491	Response	4	6540949	39125	1
Emile20_10	9492	Response	8	6543709	2420	1
Emile20_10	9571	Response	10	6557061	119	1
Emile20_10	9573	Response	8	6598030	40755	1
Emile20_10	9574	Response	8	6602466	4227	1
Emile20_10	9647	Response	10	6614726	1	2
Emile20_10	9649	Response	2	6654454	39395	1
Emile20_10	9650	Response	8	6658845	4155	1
Emile20_10	9717	Response	10	6670292	115	1
Emile20_10	9719	Response	4	6713455	42946	1
Emile20_10	9720	Response	8	6723327	9522	1
Emile20_10	9786	Response	10	6734611	157	1
Emile20_10	9788	Response	8	6809176	74389	1
Emile20_10	9789	Response	4	6821030	11642	1
Emile20_10	9852	Response	10	6831714	12	1
Emile20_10	9854	Response	4	6870730	38695	1
Emile20_10	9855	Response	8	6871558	556	1
Emile20_10	9951	Response	10	6887766	112	1
Emile20_10	9953	Response	2	6927033	39046	1
Emile20_10	9954	Response	8	6929893	2607	1
Emile20_10	10031	Response	10	6942780	7	1
Emile20_10	10033	Response	4	7015413	72307	1
Emile20_10	10034	Response	8	7020039	4330	1
Emile20_10	10098	Response	10	7030982	120	1
Emile20_10	10100	Response	6	7069740	38545	1
Emile20_10	10101	Response	8	7071537	1543	1
Emile20_10	10151	Response	10	7080044	59	1
Emile20_10	10153	Response	4	7129611	49292	1
Emile20_10	10154	Response	8	7130836	894	1
Emile20_10	10289	Response	10	7153548	126	1
Emile20_10	10291	Response	10	7193690	39936	1
Emile20_10	10292	Response	1	7212186	18133	1
Emile20_10	10378	Response	10	7226806	115	1
Emile20_10	10380	Response	4	7270717	43693	1
Emile20_10	10381	Response	8	7280891	9905	1
Emile20_10	10506	Response	10	7301910	118	1
Emile20_10	10508	Response	6	7343001	40876	1
Emile20_10	10509	Response	8	7345794	2538	1
Emile20_10	10578	Response	10	7357448	38	1
Emile20_10	10580	Response	8	7396951	39208	1
Emile20_10	10581	Response	8	7406915	9706	1
Emile20_10	10679	Response	10	7423508	156	1
Emile20_10	10681	Response	4	7463579	39893	1
Emile20_10	10682	Response	8	7467149	3331	1
Emile20_10	10756	Response	10	7479724	87	1
Emile20_10	10758	Response	6	7522297	42327	1
Emile20_10	10759	Response	8	7526138	3538	1
Emile20_10	10825	Response	10	7537319	66	1
Emile20_10	10827	Response	8	7579412	41825	1
Emile20_10	10828	Response	8	7586488	6772	1
Emile20_10	10912	Response	10	7600591	60	1


{
   "app": "Presentation Version 22.0 Build 05.10.20",
   "device": "Dell Inc. G5 5590",
   "experiment": "{511FFCDC-2E1A-453A-8288-A45BB0DEC473}",
   "os": "Windows 10 64 bit",
   "package": "",
   "parameters": {
      "configuration": "Default configuration"
   },
   "scenario": "ExpePerceptionDeplacement.sce",
   "subject": "Emile20_10",
   "timestamp": "2020/10/20 13:38:16 GMT"
}
