Scenario - PerceptionDeplacement
Logfile written - 10/26/2020 14:23:14

Subject	Trial	Event Type	Code	Time	TTime	Uncertainty	Duration	Uncertainty	ReqTime	ReqDur	Stim Type	Pair Index

Emile26_10T	1	Response	11	10444	10378	1
Emile26_10T	53	Response	11	527779	6959	1
Emile26_10T	69	Response	11	682094	1273	1
Emile26_10T	70	Response	11	705394	14431	1
Emile26_10T	71	Response	11	754149	48432	1
Emile26_10T	71	Response	11	779367	73650	1
Emile26_10T	71	Response	11	804999	99282	1
Emile26_10T	71	Response	11	894146	188429	1
Emile26_10T	71	Response	11	994108	288391	1
Emile26_10T	71	Response	11	1021303	315586	1
Emile26_10T	71	Response	11	1056861	351144	1
Emile26_10T	72	Response	11	1194833	137756	1
Emile26_10T	73	Quit		1208588	13465	NA


{
   "app": "Presentation Version 22.0 Build 05.10.20",
   "device": "Dell Inc. G5 5590",
   "experiment": "{511FFCDC-2E1A-453A-8288-A45BB0DEC473}",
   "os": "Windows 10 64 bit",
   "package": "",
   "parameters": {
      "configuration": "Default configuration"
   },
   "scenario": "ExpePerceptionDeplacement.sce",
   "subject": "Emile26_10T",
   "timestamp": "2020/10/26 13:21:10 GMT"
}
