Scenario - PerceptionDeplacement
Logfile written - 10/05/2020 09:30:18

Subject	Trial	Event Type	Code	Time	TTime	Uncertainty	Duration	Uncertainty	ReqTime	ReqDur	Stim Type	Pair Index

Emile5_10	1	Response	2	44983	44817	1
Emile5_10	2	Response	3	58487	13193	1
Emile5_10	3	Response	6	99201	40419	1
Emile5_10	3	Response	6	114413	55631	1
Emile5_10	4	Response	5	125300	10567	1
Emile5_10	5	Response	4	170879	45322	1
Emile5_10	6	Response	8	180514	9330	1
Emile5_10	7	Response	2	226689	45847	1
Emile5_10	8	Response	4	236021	9052	1
Emile5_10	9	Response	4	274459	38165	1
Emile5_10	9	Response	4	282670	46376	1
Emile5_10	10	Response	7	291642	8722	1
Emile5_10	11	Response	8	338213	46301	1
Emile5_10	12	Response	5	342764	4226	1
Emile5_10	13	Response	8	398436	55401	1
Emile5_10	14	Response	6	408973	10320	1
Emile5_10	15	Response	2	459795	50485	1
Emile5_10	16	Response	7	468808	8708	1
Emile5_10	17	Response	4	515755	46663	1
Emile5_10	18	Response	8	521457	5407	1
Emile5_10	19	Response	4	569192	47480	1
Emile5_10	20	Response	3	579113	9609	1
Emile5_10	21	Response	6	625646	46317	1
Emile5_10	22	Response	8	632376	6421	1
Emile5_10	23	Response	2	683827	51211	1
Emile5_10	24	Response	3	689749	5678	1
Emile5_10	25	Response	6	737367	47301	1
Emile5_10	26	Response	3	748150	10459	1
Emile5_10	27	Response	8	792763	44414	1
Emile5_10	28	Response	7	797895	4919	1
Emile5_10	29	Response	4	847769	49631	1
Emile5_10	30	Response	3	854687	6592	1
Emile5_10	31	Response	4	899892	44970	1
Emile5_10	32	Response	7	906096	5880	1
Emile5_10	33	Response	6	952097	45720	1
Emile5_10	34	Response	8	957675	5338	1
Emile5_10	35	Response	8	1008526	50527	1
Emile5_10	36	Response	3	1016607	7819	1
Emile5_10	37	Response	2	1062485	45537	1
Emile5_10	38	Response	5	1074767	12026	1
Emile5_10	39	Response	6	1120353	45289	1
Emile5_10	40	Response	8	1125598	4907	1
Emile5_10	41	Response	4	1178746	52893	1
Emile5_10	42	Response	6	1191771	12797	1
Emile5_10	43	Response	6	1239862	47733	1
Emile5_10	44	Response	6	1255763	15675	1
Emile5_10	45	Response	8	1308358	52284	1
Emile5_10	46	Response	7	1325944	17250	1
Emile5_10	47	Response	2	1388188	62009	1
Emile5_10	48	Response	3	1399077	10619	1
Emile5_10	49	Response	4	1446202	46920	1
Emile5_10	50	Response	7	1459864	13457	1
Emile5_10	51	Response	6	1507065	47003	1
Emile5_10	52	Response	7	1520280	12926	1
Emile5_10	53	Response	8	1566681	46172	1
Emile5_10	54	Response	6	1575507	8538	1
Emile5_10	55	Response	6	1624065	48271	1
Emile5_10	56	Response	5	1637811	13392	1
Emile5_10	57	Response	8	1688224	50150	1
Emile5_10	58	Response	4	1702027	13497	1
Emile5_10	59	Response	4	1770048	67697	1
Emile5_10	60	Response	2	1783763	13470	1
Emile5_10	61	Response	6	1830550	46437	1
Emile5_10	62	Response	8	1843476	12569	1
Emile5_10	63	Response	8	1889142	45414	1
Emile5_10	64	Response	7	1898679	9323	1
Emile5_10	65	Response	2	1945293	46279	1
Emile5_10	66	Response	7	1963039	17399	1
Emile5_10	67	Response	8	2009630	46339	1
Emile5_10	68	Response	6	2021093	11176	1
Emile5_10	69	Response	6	2068114	46707	1
Emile5_10	70	Response	7	2075427	7061	1
Emile5_10	71	Response	2	2122712	47019	1
Emile5_10	72	Response	7	2137948	14963	1
Emile5_10	73	Response	6	2186426	48121	1
Emile5_10	74	Response	3	2194207	7444	1
Emile5_10	75	Response	4	2241884	47461	1
Emile5_10	76	Response	7	2255480	13265	1
Emile5_10	77	Response	8	2311558	55855	1
Emile5_10	78	Response	2	2324790	12969	1
Emile5_10	79	Response	4	2372369	47226	1
Emile5_10	80	Response	6	2394405	21804	1
Emile5_10	81	Response	2	2441445	46696	1
Emile5_10	82	Response	8	2448875	7167	1
Emile5_10	83	Response	4	2513376	64175	1
Emile5_10	84	Response	3	2523992	10347	1
Emile5_10	85	Response	2	2571849	47547	1
Emile5_10	86	Response	6	2581279	9184	1
Emile5_10	87	Response	4	2628328	46742	1
Emile5_10	88	Response	7	2639904	11359	1
Emile5_10	89	Response	6	2680339	40138	1
Emile5_10	89	Response	7	2699051	58850	1
Emile5_10	90	Response	7	2715276	15959	1
Emile5_10	91	Response	2	2762736	47100	1
Emile5_10	92	Response	6	2789178	26083	1
Emile5_10	93	Response	4	2836319	46914	1
Emile5_10	94	Response	6	2851255	14724	1
Emile5_10	95	Response	8	2907949	56431	1
Emile5_10	96	Response	5	2919835	11534	1
Emile5_10	97	Response	6	2967701	47576	1
Emile5_10	98	Response	7	2978740	10824	1
Emile5_10	99	Response	2	3025322	46249	1
Emile5_10	100	Response	6	3073818	48285	1
Emile5_10	101	Response	8	3122556	48398	1
Emile5_10	102	Response	3	3132017	9236	1
Emile5_10	103	Response	6	3182541	50267	1
Emile5_10	104	Response	8	3190024	7128	1
Emile5_10	105	Response	2	3241100	50877	1
Emile5_10	106	Response	8	3251462	10117	1
Emile5_10	107	Response	6	3303763	52093	1
Emile5_10	108	Response	3	3314114	9990	1
Emile5_10	109	Response	4	3363257	48809	1
Emile5_10	110	Response	5	3374449	10877	1
Emile5_10	111	Response	6	3422944	48215	1
Emile5_10	112	Response	8	3432209	9023	1
Emile5_10	113	Response	8	3479043	46531	1
Emile5_10	114	Response	6	3496450	17145	1
Emile5_10	115	Response	6	3562946	66156	1
Emile5_10	116	Response	4	3598565	35334	1
Emile5_10	117	Response	8	3644964	46097	1
Emile5_10	118	Response	4	3651744	6417	1
Emile5_10	119	Response	2	3698705	46717	1
Emile5_10	120	Response	5	3706862	7915	1
Emile5_10	121	Response	8	3753832	46725	1
Emile5_10	122	Response	6	3760274	6209	1
Emile5_10	123	Response	2	3808093	47533	1
Emile5_10	124	Response	7	3818269	9917	1
Emile5_10	125	Response	6	3865622	47113	1
Emile5_10	126	Response	7	3872510	6542	1
Emile5_10	127	Response	4	3923543	50747	1
Emile5_10	128	Response	5	3933118	9367	1
Emile5_10	129	Response	6	3979706	46296	1
Emile5_10	130	Response	7	3992891	12855	1
Emile5_10	131	Response	6	4049670	56479	1
Emile5_10	132	Response	3	4061063	11088	1
Emile5_10	133	Response	2	4107585	46287	1
Emile5_10	134	Response	5	4122849	14925	1
Emile5_10	135	Response	6	4169335	46257	1
Emile5_10	136	Response	7	4180517	10979	1
Emile5_10	137	Response	8	4228870	48009	1
Emile5_10	138	Response	7	4244920	15768	1
Emile5_10	139	Response	2	4292796	47658	1
Emile5_10	140	Response	5	4310801	17705	1
Emile5_10	141	Response	8	4359557	48476	1
Emile5_10	142	Response	3	4366652	6781	1
Emile5_10	143	Response	6	4414626	47760	1
Emile5_10	144	Response	6	4426538	11548	1
Emile5_10	145	Response	8	4472640	45826	1
Emile5_10	146	Response	6	4477995	5055	1
Emile5_10	147	Response	2	4523749	45481	1
Emile5_10	148	Response	7	4535766	11704	1
Emile5_10	149	Response	4	4581477	45425	1
Emile5_10	150	Response	8	4586378	4699	1
Emile5_10	151	Response	8	4634376	47702	1
Emile5_10	152	Response	4	4640516	5883	1
Emile5_10	153	Response	4	4684420	43626	1
Emile5_10	154	Response	8	4696823	12067	1
Emile5_10	155	Response	8	4736500	39422	1
Emile5_10	155	Response	8	4748479	51401	1
Emile5_10	156	Response	5	4758369	9669	1
Emile5_10	157	Response	6	4804527	45836	1
Emile5_10	158	Response	9	4812028	7210	1
Emile5_10	159	Response	8	4858569	46258	1
Emile5_10	160	Response	8	4864010	5239	1
Emile5_10	161	Response	4	4911283	47017	1
Emile5_10	162	Response	8	4917793	6234	1
Emile5_10	163	Response	6	4964352	46300	1
Emile5_10	164	Response	7	4974948	10269	1
Emile5_10	165	Response	6	5023187	48017	1
Emile5_10	166	Response	6	5031951	8491	1
Emile5_10	167	Response	4	5077693	45407	1
Emile5_10	168	Response	8	5083436	5523	1
Emile5_10	169	Response	6	5122633	38891	1
Emile5_10	169	Response	6	5132142	48401	1
Emile5_10	170	Response	8	5141689	9323	1
Emile5_10	171	Response	4	5186036	44012	1
Emile5_10	172	Response	8	5193983	7664	1
Emile5_10	173	Response	6	5236702	42390	1
Emile5_10	173	Response	6	5246047	51735	1
Emile5_10	174	Response	8	5250989	4722	1
Emile5_10	175	Response	8	5296600	45338	1
Emile5_10	176	Response	8	5299846	2957	1
Emile5_10	177	Response	6	5346197	46144	1
Emile5_10	178	Response	8	5348378	1865	1
Emile5_10	179	Response	4	5393940	45262	1
Emile5_10	180	Response	8	5396534	2229	1


{
   "app": "Presentation Version 22.0 Build 05.10.20",
   "device": "Dell Inc. G5 5590",
   "experiment": "{511FFCDC-2E1A-453A-8288-A45BB0DEC473}",
   "os": "Windows 10 64 bit",
   "package": "",
   "parameters": {
      "configuration": "Default configuration"
   },
   "scenario": "ExpePerceptionDeplacement.sce",
   "subject": "Emile5_10",
   "timestamp": "2020/10/05 07:21:16 GMT"
}
