Scenario - PerceptionDeplacement
Logfile written - 10/26/2020 10:09:36

Subject	Trial	Event Type	Code	Time	TTime	Uncertainty	Duration	Uncertainty	ReqTime	ReqDur	Stim Type	Pair Index

Emile26_10	1	Response	11	59254	59188	1
Emile26_10	49	Response	11	537588	7815	1
Emile26_10	68	Response	11	724839	5065	1
Emile26_10	69	Response	11	743417	13488	1
Emile26_10	70	Response	11	877976	134292	1
Emile26_10	71	Response	4	933129	54896	1
Emile26_10	72	Response	8	945954	12603	1
Emile26_10	179	Response	10	963990	165	1
Emile26_10	181	Response	6	1003054	38896	1
Emile26_10	182	Response	6	1013456	10165	1
Emile26_10	251	Response	10	1025240	135	1
Emile26_10	253	Response	4	1092646	67208	1
Emile26_10	254	Response	8	1106448	13569	1
Emile26_10	335	Response	10	1120068	46	1
Emile26_10	337	Response	6	1194938	74583	1
Emile26_10	338	Response	8	1199316	4027	1
Emile26_10	30755	Quit		6264729	25	NA


{
   "app": "Presentation Version 22.0 Build 05.10.20",
   "device": "Dell Inc. G5 5590",
   "experiment": "{511FFCDC-2E1A-453A-8288-A45BB0DEC473}",
   "os": "Windows 10 64 bit",
   "package": "",
   "parameters": {
      "configuration": "Default configuration"
   },
   "scenario": "ExpePerceptionDeplacement.sce",
   "subject": "Emile26_10",
   "timestamp": "2020/10/26 08:59:07 GMT"
}
