Scenario - PerceptionDeplacement
Logfile written - 10/29/2020 13:56:34

Subject	Trial	Event Type	Code	Time	TTime	Uncertainty	Duration	Uncertainty	ReqTime	ReqDur	Stim Type	Pair Index

Emile29_10	1	Response	6	66888	66722	1
Emile29_10	2	Response	6	71121	4013	1
Emile29_10	60	Response	10	81004	74	1
Emile29_10	62	Quit		113418	32156	NA


{
   "app": "Presentation Version 22.0 Build 05.10.20",
   "device": "Dell Inc. G5 5590",
   "experiment": "{511FFCDC-2E1A-453A-8288-A45BB0DEC473}",
   "os": "Windows 10 64 bit",
   "package": "",
   "parameters": {
      "configuration": "Default configuration"
   },
   "scenario": "ExpePerceptionDeplacement.sce",
   "subject": "Emile29_10",
   "timestamp": "2020/10/29 12:56:20 GMT"
}
