Scenario - PerceptionDeplacement
Logfile written - 10/01/2020 14:08:39

Subject	Trial	Event Type	Code	Time	TTime	Uncertainty	Duration	Uncertainty	ReqTime	ReqDur	Stim Type	Pair Index

Emile	1	Response	4	49231	49065	1
Emile	2	Response	6	65403	15946	1
Emile	3	Response	2	113840	48231	1
Emile	4	Response	5	126522	12455	1
Emile	5	Response	6	174079	47356	1
Emile	6	Response	7	194019	19671	1
Emile	7	Response	2	242007	47676	1
Emile	8	Response	6	255789	13500	1
Emile	9	Response	4	304153	48043	1
Emile	10	Response	8	315576	11174	1
Emile	11	Response	2	362703	46811	1
Emile	12	Response	4	374408	11391	1
Emile	13	Response	8	421923	47250	1
Emile	14	Response	6	434082	11949	1
Emile	15	Response	6	481886	47597	1
Emile	16	Response	4	493075	10828	1
Emile	17	Response	2	542074	48670	1
Emile	18	Response	7	552162	9801	1
Emile	19	Response	4	604204	51685	1
Emile	20	Response	4	622721	18248	1
Emile	21	Response	2	669799	46841	1
Emile	22	Response	4	681135	11052	1
Emile	23	Response	4	731933	50526	1
Emile	24	Response	2	753254	21058	1
Emile	25	Response	8	800185	46675	1
Emile	26	Response	7	810364	9895	1
Emile	27	Response	6	859529	48901	1
Emile	28	Response	5	869786	10035	1
Emile	29	Response	6	918619	48543	1
Emile	30	Response	6	978243	59377	1
Emile	31	Response	5	978516	34	1
Emile	31	Response	4	1036924	58443	1
Emile	32	Response	2	1048233	10969	1
Emile	33	Response	8	1095891	47304	1
Emile	34	Response	5	1107453	11241	1
Emile	35	Response	2	1164514	56812	1
Emile	36	Response	2	1180475	15656	1
Emile	37	Response	4	1227326	46521	1
Emile	38	Response	5	1235347	7749	1
Emile	39	Response	6	1282278	46687	1
Emile	40	Response	7	1302406	19856	1
Emile	41	Response	8	1348627	45928	1
Emile	42	Response	2	1360626	11800	1
Emile	43	Response	4	1409179	48197	1
Emile	44	Response	3	1419368	9928	1
Emile	45	Response	8	1467055	47458	1
Emile	46	Response	3	1486665	19275	1
Emile	47	Response	6	1546469	59597	1
Emile	48	Response	2	1560021	13201	1
Emile	49	Response	4	1606467	46159	1
Emile	50	Response	2	1620534	13766	1
Emile	51	Response	6	1676483	55728	1
Emile	52	Response	3	1688923	12216	1
Emile	53	Response	8	1741875	52679	1
Emile	54	Response	5	1757455	15305	1
Emile	55	Response	6	1804624	46820	1
Emile	56	Response	5	1815362	10433	1
Emile	57	Response	6	1874506	58920	1
Emile	58	Response	3	1889862	15160	1
Emile	59	Response	8	1936396	46208	1
Emile	60	Response	6	1951681	15033	1
Emile	61	Response	6	1998661	46694	1
Emile	62	Response	8	2011786	12859	1
Emile	63	Response	4	2058819	46737	1
Emile	64	Response	7	2068524	9483	1
Emile	65	Response	6	2116978	48113	1
Emile	66	Response	9	2125779	8455	1
Emile	67	Response	8	2172249	46266	1
Emile	68	Response	5	2188191	15582	1
Emile	69	Response	2	2238436	50008	1
Emile	70	Response	3	2250983	12266	1
Emile	71	Response	6	2298339	47132	1
Emile	72	Response	8	2304842	6176	1
Emile	73	Response	2	2351715	46555	1
Emile	74	Response	5	2362225	10273	1
Emile	75	Response	4	2418469	56026	1
Emile	76	Response	6	2439323	20595	1
Emile	77	Response	2	2483676	44133	1
Emile	78	Response	8	2491284	7280	1
Emile	79	Response	4	2536816	45318	1
Emile	80	Response	6	2560465	23340	1
Emile	81	Response	2	2606748	45977	1
Emile	82	Response	9	2613404	6340	1
Emile	83	Response	6	2658946	45221	1
Emile	84	Response	5	2671031	11846	1
Emile	85	Response	8	2717607	46266	1
Emile	86	Response	5	2731425	13458	1
Emile	87	Response	2	2776191	44403	1
Emile	88	Response	5	2787207	10791	1
Emile	89	Response	8	2833891	46484	1
Emile	90	Response	5	2843364	9165	1
Emile	91	Response	4	2893509	49818	1
Emile	92	Response	2	2904326	10511	1
Emile	93	Response	4	2950873	46235	1
Emile	94	Response	6	2962395	11297	1
Emile	95	Response	6	3007327	44573	1
Emile	96	Response	7	3014210	6662	1
Emile	97	Response	8	3060093	45550	1
Emile	98	Response	6	3069621	9285	1
Emile	99	Response	6	3115777	45949	1
Emile	100	Response	4	3135607	19486	1
Emile	101	Response	8	3182388	46451	1
Emile	102	Response	5	3196285	13555	1
Emile	103	Response	4	3242174	45623	1
Emile	104	Response	6	3253338	10827	1
Emile	105	Response	5	3301347	47679	1
Emile	106	Response	2	3316293	14667	1
Emile	107	Response	2	3370290	53677	1
Emile	108	Response	2	3381922	11356	1
Emile	109	Response	8	3426197	43974	1
Emile	110	Response	5	3437134	10617	1
Emile	111	Response	6	3482842	45501	1
Emile	112	Response	7	3501330	18195	1
Emile	113	Response	4	3550333	48714	1
Emile	114	Response	6	3565599	15023	1
Emile	115	Response	6	3612855	46959	1
Emile	116	Response	8	3626908	13720	1
Emile	117	Response	8	3673161	45985	1
Emile	118	Response	3	3689058	15589	1
Emile	119	Response	6	3734629	45340	1
Emile	120	Response	6	3749949	15033	1
Emile	121	Response	8	3796288	46052	1
Emile	122	Response	5	3815313	18784	1
Emile	123	Response	4	3866333	50821	1
Emile	124	Response	9	3887049	20415	1


{
   "app": "Presentation Version 22.0 Build 05.10.20",
   "device": "Dell Inc. G5 5590",
   "experiment": "{511FFCDC-2E1A-453A-8288-A45BB0DEC473}",
   "os": "Windows 10 64 bit",
   "package": "",
   "parameters": {
      "configuration": "Default configuration"
   },
   "scenario": "ExpePerceptionDeplacement.sce",
   "subject": "Emile",
   "timestamp": "2020/10/01 12:02:06 GMT"
}
