Scenario - PerceptionDeplacement
Logfile written - 10/05/2020 09:20:42

Subject	Trial	Event Type	Code	Time	TTime	Uncertainty	Duration	Uncertainty	ReqTime	ReqDur	Stim Type	Pair Index

Emile5_10	1	Response	4	46242	46075	1
Emile5_10	2	Response	6	53044	6584	1
Emile5_10	3	Response	6	100585	47298	1
Emile5_10	4	Response	6	107851	6939	1
Emile5_10	5	Response	4	153795	45722	1
Emile5_10	6	Response	8	158819	4787	1
Emile5_10	7	Response	2	205197	46169	1
Emile5_10	8	Response	3	210137	4650	1
Emile5_10	9	Response	4	256779	46296	1
Emile5_10	10	Response	8	262485	5376	1
Emile5_10	11	Response	8	309479	46708	1
Emile5_10	12	Response	6	314369	4639	1
Emile5_10	13	Response	8	368795	54069	1
Emile5_10	14	Response	5	379323	10311	1
Emile5_10	15	Response	2	425871	46202	1
Emile5_10	16	Response	6	431661	5532	1
Emile5_10	17	Response	4	477941	45984	1
Emile5_10	18	Response	8	482631	4381	1
Emile5_10	19	Response	2	529433	46520	1
Emile5_10	20	Response	4	541206	11501	1
Emile5_10	21	Response	6	586937	45409	1
Emile5_10	22	Response	8	591868	4713	1
Emile5_10	23	Quit		617195	25044	NA


{
   "app": "Presentation Version 22.0 Build 05.10.20",
   "device": "Dell Inc. G5 5590",
   "experiment": "{511FFCDC-2E1A-453A-8288-A45BB0DEC473}",
   "os": "Windows 10 64 bit",
   "package": "",
   "parameters": {
      "configuration": "Default configuration"
   },
   "scenario": "ExpePerceptionDeplacement.sce",
   "subject": "Emile5_10",
   "timestamp": "2020/10/05 07:19:38 GMT"
}
