Scenario - PerceptionDeplacement
Logfile written - 11/23/2020 15:03:09

Subject	Trial	Event Type	Code	Time	TTime	Uncertainty	Duration	Uncertainty	ReqTime	ReqDur	Stim Type	Pair Index

Emile23_11	1	Response	11	9377	9310	1
Emile23_11	21	Response	11	200798	1190	1
Emile23_11	22	Response	11	228630	18914	1
Emile23_11	31	Response	11	313242	4433	1
Emile23_11	32	Response	11	327254	8300	1
Emile23_11	54	Response	11	538844	1537	1
Emile23_11	55	Response	11	553183	5762	1
Emile23_11	62	Response	11	621968	8659	1
Emile23_11	63	Response	11	642142	18787	1
Emile23_11	84	Response	11	847861	5653	1
Emile23_11	85	Response	11	861863	9542	1
Emile23_11	94	Response	11	951564	9657	1
Emile23_11	95	Response	11	958083	6016	1
Emile23_11	96	Response	11	974890	16561	1
Emile23_11	96	Response	11	982937	24608	1
Emile23_11	96	Response	11	990641	32313	1
Emile23_11	96	Response	11	999521	41192	1
Emile23_11	96	Response	11	1005252	46923	1
Emile23_11	97	Response	11	1009832	4377	1
Emile23_11	410	Response	10	1108285	87	1
Emile23_11	608	Quit		1179095	125	NA


{
   "app": "Presentation Version 22.0 Build 05.10.20",
   "device": "Dell Inc. G5 5590",
   "experiment": "{511FFCDC-2E1A-453A-8288-A45BB0DEC473}",
   "os": "Windows 10 64 bit",
   "package": "",
   "parameters": {
      "configuration": "Default configuration"
   },
   "scenario": "ExpePerceptionApproche.sce",
   "subject": "Emile23_11",
   "timestamp": "2020/11/23 14:01:06 GMT"
}
