Scenario - PerceptionDeplacement
Logfile written - 01/03/2021 14:11:55

Subject	Trial	Event Type	Code	Time	TTime	Uncertainty	Duration	Uncertainty	ReqTime	ReqDur	Stim Type	Pair Index

Etienne	1	Response	2	356042	355643	1
Etienne	2	Response	11	1913092	1556171	1
Etienne	20	Response	11	2089883	6571	1
Etienne	21	Response	11	2113990	20586	1
Etienne	27	Response	11	2169850	5738	1
Etienne	28	Response	11	2188583	14416	1
Etienne	42	Response	11	2323794	5083	1
Etienne	43	Response	11	2427691	98827	1
Etienne	51	Response	11	2500287	2476	1
Etienne	52	Response	11	2544004	36129	1
Etienne	66	Response	11	2681808	7698	1
Etienne	67	Response	11	2702283	18062	1
Etienne	76	Response	11	2790250	7840	1
Etienne	77	Response	11	2801029	8570	1
Etienne	78	Response	11	3079602	278217	1
Etienne	78	Response	11	3114133	312748	1
Etienne	78	Response	11	3144484	343099	1
Etienne	78	Response	11	3229068	427682	1
Etienne	78	Response	11	3564188	762803	1
Etienne	934	Response	10	3759979	98	1
Etienne	1048	Response	10	3814449	115	1
Etienne	1593	Response	10	3940580	23	1
Etienne	1638	Response	10	3983649	130	1
Etienne	1739	Response	10	4035949	142	1
Etienne	1796	Response	10	4080919	152	1
Etienne	1798	Response	11	4177401	96401	1
Etienne	1881	Response	10	4226868	62	1
Etienne	2186	Response	10	4313217	153	1
Etienne	2251	Response	10	4359458	101	1
Etienne	2305	Response	10	4403919	100	1
Etienne	2620	Response	10	4494098	25	1
Etienne	2652	Response	10	4534919	48	1
Etienne	2716	Response	10	4581178	15	1
Etienne	2813	Response	10	4632927	142	1
Etienne	3021	Response	10	4702897	6	1
Etienne	3023	Response	6	4771792	68569	1
Etienne	3312	Response	10	4855467	43	1
Etienne	3362	Response	10	4899267	48	1
Etienne	3410	Response	10	4942766	86	1
Etienne	3463	Response	10	4987078	102	1
Etienne	3537	Response	10	5034837	70	1
Etienne	3592	Response	10	5079547	152	1
Etienne	3645	Response	10	5123746	57	1
Etienne	3772	Response	10	5182596	125	1
Etienne	3842	Response	10	5229727	130	1
Etienne	3907	Response	10	5276016	127	1
Etienne	3909	Response	7	5303145	26922	1
Etienne	3972	Response	10	5349287	128	1
Etienne	4023	Response	10	5393286	165	1
Etienne	4095	Response	10	5440707	128	1
Etienne	4149	Response	10	5485267	60	1
Etienne	4205	Response	10	5530105	104	1
Etienne	4543	Response	10	5621916	162	1
Etienne	4688	Response	10	5681507	138	1
Etienne	4765	Response	10	5729716	56	1
Etienne	5019	Response	10	5809726	136	1
Etienne	5057	Response	10	5851446	59	1
Etienne	5059	Response	6	5870249	18530	1
Etienne	5113	Response	10	5914835	4	1
Etienne	5188	Response	10	5962955	165	1
Etienne	5234	Response	10	6006175	90	1
Etienne	5270	Response	10	6047665	116	1
Etienne	5330	Response	10	6093055	46	1
Etienne	5388	Response	10	6138286	149	1
Etienne	5495	Response	10	6191496	73	1
Etienne	5538	Response	10	6234155	103	1
Etienne	5585	Response	10	6277375	27	1
Etienne	5671	Response	10	6327224	86	1
Etienne	5673	Response	5	6344845	17374	1
Etienne	5717	Response	10	6387835	83	1
Etienne	5842	Response	10	6444065	29	1
Etienne	5904	Response	10	6489903	74	1
Etienne	5947	Response	10	6532517	59	1
Etienne	6111	Response	10	6595334	97	1
Etienne	6154	Response	10	6637993	127	1
Etienne	6190	Response	10	6679494	164	1
Etienne	6228	Response	10	6721193	66	1
Etienne	6286	Response	10	6766363	109	1
Etienne	6362	Response	10	6814513	134	1
Etienne	6364	Response	7	6832484	17773	1
Etienne	6416	Response	10	6876794	137	1
Etienne	6501	Response	10	6926312	31	1
Etienne	6602	Response	10	6978574	5	1
Etienne	6604	Response	11	7033399	54598	1
Etienne	6718	Response	10	7088082	109	1
Etienne	6788	Response	10	7135144	45	1
Etienne	6838	Response	10	7178923	30	1
Etienne	6880	Response	10	7221393	37	1
Etienne	6930	Response	10	7265153	2	1
Etienne	6968	Response	10	7307082	134	1
Etienne	7021	Response	10	7351252	9	1
Etienne	7023	Response	4	7368609	17033	1
Etienne	7066	Response	10	7411383	26	1
Etienne	7103	Response	10	7453083	95	1
Etienne	7135	Response	10	7493882	97	1
Etienne	7176	Response	10	7536142	60	1
Etienne	7227	Response	10	7580063	20	1
Etienne	7385	Response	10	7641942	120	1
Etienne	7508	Response	10	7697842	68	1
Etienne	7564	Response	10	7742692	125	1
Etienne	7618	Response	10	7787171	142	1
Etienne	7716	Response	10	7838962	145	1
Etienne	7718	Response	6	7855396	16246	1
Etienne	7931	Response	10	7926492	85	1
Etienne	8028	Response	10	7978091	63	1
Etienne	8114	Response	10	8027881	62	1
Etienne	8204	Response	10	8078392	117	1
Etienne	8523	Response	10	8166911	48	1
Etienne	8583	Response	10	8212350	27	1
Etienne	8612	Response	10	8252691	69	1
Etienne	8654	Response	10	8295200	115	1
Etienne	8738	Response	10	8344671	129	1
Etienne	8771	Response	10	8385560	54	1
Etienne	8773	Response	7	8407210	21371	1
Etienne	8823	Response	10	8451329	48	1
Etienne	8888	Response	10	8497740	166	1
Etienne	8943	Response	10	8542291	88	1
Etienne	8982	Response	10	8584210	45	1
Etienne	9061	Response	10	8632910	120	1
Etienne	9098	Response	10	8674540	120	1
Etienne	9146	Response	10	8718010	128	1
Etienne	9219	Response	10	8765569	62	1
Etienne	9281	Response	10	8811349	49	1
Etienne	9332	Response	10	8855329	67	1
Etienne	9334	Response	6	8875521	19926	1
Etienne	9390	Response	10	8920439	67	1
Etienne	9453	Response	10	8966439	108	1
Etienne	9669	Response	10	9037829	60	1
Etienne	9709	Response	10	9079990	91	1
Etienne	9767	Response	10	9125089	63	1
Etienne	9915	Response	10	9185188	48	1
Etienne	9956	Response	10	9227478	42	1
Etienne	9999	Response	10	9270188	122	1
Etienne	10046	Response	10	9313429	67	1
Etienne	10112	Response	10	9359958	137	1
Etienne	10114	Response	5	9381285	21131	1
Etienne	10216	Response	10	9434029	106	1
Etienne	10283	Response	10	9480648	99	1
Etienne	10319	Response	10	9522107	95	1
Etienne	10407	Response	10	9572247	112	1
Etienne	10462	Response	10	9616819	56	1
Etienne	10536	Response	10	9664579	24	1
Etienne	10538	Response	11	9683326	18538	1
Etienne	10585	Response	10	9726788	121	1
Etienne	10641	Response	10	9771567	106	1
Etienne	10703	Response	10	9817317	62	1
Etienne	10765	Response	10	9863198	150	1
Etienne	10815	Response	10	9906927	84	1
Etienne	10856	Response	10	9949237	97	1
Etienne	10871	Response	10	9987167	61	1
Etienne	10954	Response	10	10036487	91	1
Etienne	10998	Response	10	10081517	159	1
Etienne	11036	Response	10	10123297	143	1
Etienne	11082	Response	10	10166427	144	1
Etienne	11123	Response	10	10208627	48	1
Etienne	11159	Response	10	10250187	143	1
Etienne	11212	Response	10	10294467	129	1
Etienne	11214	Response	6	10313748	19077	1
Etienne	11285	Response	10	10361216	103	1
Etienne	11343	Response	10	10406247	6	1
Etienne	11630	Response	10	10489567	66	1
Etienne	11653	Response	10	10528956	156	1
Etienne	11699	Response	10	10572007	78	1
Etienne	11734	Response	10	10613367	141	1
Etienne	11924	Response	10	10682916	85	1
Etienne	11951	Response	10	10722846	49	1
Etienne	11991	Response	10	10767386	128	1
Etienne	12375	Response	10	10866725	54	1
Etienne	12377	Response	4	10886204	19199	1
Etienne	12454	Response	10	10934635	24	1
Etienne	12577	Response	10	10990686	123	1
Etienne	12621	Response	10	11033365	6	1
Etienne	12660	Response	10	11075434	112	1
Etienne	12712	Response	10	11119555	105	1
Etienne	12745	Response	10	11160485	70	1
Etienne	12801	Response	10	11205285	76	1
Etienne	12899	Response	10	11257144	147	1
Etienne	12951	Response	10	11301195	70	1
Etienne	13000	Response	10	11344804	51	1
Etienne	13002	Response	6	11386846	41760	1
Etienne	13056	Response	10	11431404	60	1
Etienne	13315	Response	10	11510015	72	1
Etienne	13367	Response	10	11554155	84	1
Etienne	13424	Response	10	11599032	1	3
Etienne	13492	Response	10	11645885	61	1
Etienne	13547	Response	10	11693005	55	1
Etienne	13640	Response	10	11744044	140	1
Etienne	13733	Response	10	11795013	153	1
Etienne	13772	Response	10	11836964	141	1
Etienne	13865	Response	10	11887883	104	1
Etienne	13867	Response	5	11911754	23642	1
Etienne	13946	Response	10	11960663	114	1
Etienne	13981	Response	10	12001964	118	1
Etienne	14024	Response	10	12044604	128	1
Etienne	14054	Response	10	12085272	166	1
Etienne	14098	Response	10	12127923	21	1
Etienne	14139	Response	10	12170363	165	1
Etienne	14172	Response	10	12211302	139	1
Etienne	14208	Response	10	12252783	156	1
Etienne	14256	Response	10	12296243	154	1
Etienne	14258	Response	11	12313608	17286	1
Etienne	14313	Response	10	12358382	15	1
Etienne	14363	Response	10	12402171	9	1
Etienne	14408	Response	10	12445272	147	1
Etienne	14493	Response	10	12497021	108	1
Etienne	14547	Response	10	12541381	7	1
Etienne	14584	Response	10	12583072	67	1
Etienne	14628	Response	10	12625872	72	1
Etienne	14659	Response	10	12666532	101	1
Etienne	14732	Response	10	12714182	125	1
Etienne	14766	Response	10	12755301	114	1
Etienne	14810	Response	10	12798132	149	1
Etienne	14812	Response	6	12816620	18303	1
Etienne	14874	Response	10	12864911	152	1
Etienne	14934	Response	10	12910262	43	1
Etienne	14986	Response	10	12956551	40	1
Etienne	15040	Response	10	13001051	79	1
Etienne	15087	Response	10	13044470	35	1
Etienne	15124	Response	10	13086202	137	1
Etienne	15170	Response	10	13129340	146	1
Etienne	15241	Response	10	13178910	93	1
Etienne	15287	Response	10	13222182	69	1
Etienne	15337	Response	10	13265971	63	1
Etienne	15339	Response	7	13282980	16739	1
Etienne	15450	Response	10	13339240	63	1
Etienne	15497	Response	10	13382611	138	1
Etienne	15555	Response	10	13427670	70	1
Etienne	15622	Response	10	13474231	5	1
Etienne	15656	Response	10	13515390	34	1
Etienne	15745	Response	10	13565740	94	1
Etienne	15779	Response	10	13606861	84	1
Etienne	15888	Response	10	13660421	24	1
Etienne	15924	Response	10	13701980	119	1
Etienne	15967	Response	10	13744619	130	1
Etienne	15969	Response	6	13766239	21416	1
Etienne	16010	Response	10	13808650	49	1
Etienne	16048	Response	10	13850490	93	1
Etienne	16114	Response	10	13896939	83	1
Etienne	16214	Response	10	13949029	51	1
Etienne	16252	Response	10	13990830	55	1
Etienne	16294	Response	10	14033320	82	1
Etienne	16356	Response	10	14079050	19	1
Etienne	16397	Response	10	14121328	1	1
Etienne	16572	Response	10	14186030	92	1
Etienne	16701	Response	10	14243019	131	1
Etienne	16703	Response	6	14267021	23800	1
Etienne	16812	Response	10	14320939	119	1
Etienne	16845	Response	10	14361889	105	1
Etienne	16912	Response	10	14408419	9	1
Etienne	16946	Response	10	14449598	57	1
Etienne	17058	Response	10	14503728	68	1
Etienne	17098	Response	10	14545849	59	1
Etienne	17185	Response	10	14595798	52	1
Etienne	17223	Response	10	14637638	95	1
Etienne	17266	Response	10	14680297	125	1
Etienne	17311	Response	10	14723169	34	1
Etienne	17383	Response	10	14770618	25	1
Etienne	17455	Response	10	14818218	167	1
Etienne	17518	Response	10	14866248	72	1


{
   "app": "Presentation Version 22.0 Build 05.10.20",
   "device": "Dell Inc. G5 5590",
   "experiment": "{511FFCDC-2E1A-453A-8288-A45BB0DEC473}",
   "os": "Windows 10 64 bit",
   "package": "",
   "parameters": {
      "configuration": "Default configuration"
   },
   "scenario": "ExpePerceptionApproche.sce",
   "subject": "Etienne",
   "timestamp": "2021/01/03 12:47:02 GMT"
}
