Scenario - PerceptionDeplacement
Logfile written - 10/01/2020 10:32:42

Trial	Event Type	Code	Time	TTime	Uncertainty	Duration	Uncertainty	ReqTime	ReqDur	Stim Type	Pair Index

1	Response	4	39261	38761	1
1	Response	4	57304	56804	1
2	Response	2	75868	18251	1
3	Response	2	112969	36869	1
3	Response	2	127030	50929	1
4	Response	5	152541	25152	1
5	Response	6	191713	38846	1
5	Response	6	203971	51104	1
6	Response	7	223610	19288	1
7	Response	2	261721	37750	1
7	Response	2	272148	48176	1
8	Response	5	287096	14667	1
9	Response	4	341000	53584	1
10	Response	4	357980	16777	1
11	Response	2	395011	36823	1
11	Response	2	409079	50891	1
12	Response	6	426890	17579	1
13	Response	8	476466	49338	1
14	Response	5	488134	11383	1
15	Response	6	536651	48243	1
16	Response	7	549209	12344	1
17	Response	4	613214	63693	1
18	Response	2	625011	11545	1
19	Response	4	663823	38535	1
19	Response	4	674564	49275	1
20	Response	3	687057	12145	1
21	Response	2	726440	39039	1
21	Response	2	734520	47118	1
22	Response	5	747499	12639	1
23	Response	4	798235	50386	1
24	Response	3	814299	15828	1
25	Response	8	855106	40482	1
25	Response	6	865037	50413	1
26	Response	4	877812	12565	1
27	Response	8	918522	40453	1
27	Response	8	926269	48201	1
28	Response	1	937781	11254	1
29	Response	6	985418	47402	1
30	Response	4	1007039	21397	1
31	Response	4	1055515	48226	1
32	Response	3	1071645	15898	1
33	Response	8	1119181	47281	1
34	Response	5	1137131	17606	1
35	Response	2	1185430	48087	1
36	Response	3	1213056	27422	1
37	Response	4	1266156	52879	1
38	Response	3	1289888	23491	1
39	Response	6	1337246	47036	1
40	Response	5	1355291	17789	1
41	Response	5	1399706	44053	1
42	Response	2	1422249	22301	1
43	Response	4	1462270	39675	1
43	Response	4	1471986	49391	1
44	Response	5	1485337	13119	1
45	Response	8	1523252	37711	1
45	Response	8	1533834	48293	1
46	Response	6	1554135	19970	1
47	Response	6	1605642	51162	1
48	Response	8	1618566	12631	1
49	Response	4	1664565	45641	1
50	Response	5	1679095	14211	1
51	Response	6	1729663	50292	1
52	Response	7	1742315	12321	1
53	Response	8	1790498	47848	1
54	Response	5	1802348	11573	1
55	Response	6	1850700	48103	1
56	Response	7	1863715	12660	1
57	Response	6	1912088	48044	1
58	Response	4	1926655	14319	1
59	Response	8	1973852	46863	1
60	Response	5	1984846	10731	1
61	Response	6	2032013	46908	1
62	Response	6	2045812	13581	1
63	Response	2	2093454	47402	1
64	Response	2	2109956	16278	1
65	Response	6	2160732	50569	1
66	Response	3	2180681	19728	1
67	Response	8	2227361	46426	1
68	Response	2	2242481	14920	1
69	Response	2	2287312	44598	1
70	Response	5	2303033	15524	1
71	Response	6	2351823	48495	1
72	Response	9	2358395	6276	1
73	Response	2	2397336	38722	1
73	Response	2	2406155	47542	1
74	Response	8	2411799	5394	1
75	Response	4	2453292	41225	1
75	Response	4	2462304	50237	1
76	Response	6	2469888	7365	1
77	Response	2	2512387	42204	1
77	Response	2	2518526	48343	1
78	Response	8	2525817	7009	1
79	Response	4	2577281	51147	1
80	Response	4	2587971	10381	1
81	Response	2	2634626	46379	1
82	Response	1	2645609	10736	1
83	Response	6	2690654	44791	1
84	Response	8	2697186	6195	1
85	Response	8	2742443	44958	1
86	Response	8	2760501	17722	1
87	Response	2	2804581	43817	1
88	Response	4	2812501	7610	1
89	Response	8	2857683	44965	1
90	Response	4	2871203	13190	1
91	Response	4	2932662	61162	1
92	Response	2	2947325	14378	1
93	Response	4	3005426	57825	1
94	Response	7	3018667	12950	1
95	Response	6	3065677	46805	1
96	Response	9	3074016	8018	1
97	Response	8	3124477	50153	1
98	Response	5	3136593	11813	1
99	Response	6	3184878	47942	1
100	Response	2	3195762	10535	1
101	Response	6	3256238	60186	1
102	Response	2	3265935	9437	1
103	Response	4	3313056	46899	1
104	Response	9	3319369	6087	1
105	Response	8	3383089	63479	1
106	Response	3	3394912	11523	1
107	Response	2	3440269	45058	1
108	Response	5	3459504	18999	1
109	Response	8	3507267	47445	1
110	Response	4	3519168	11555	1
111	Response	6	3567321	47884	1
112	Response	5	3578154	10593	1
113	Response	4	3625550	47165	1
114	Response	7	3634176	8332	1
115	Response	6	3681122	46619	1
116	Response	8	3691249	9787	1
117	Response	8	3737004	45551	1
118	Response	5	3748347	11100	1
119	Response	6	3796058	47488	1
120	Response	7	3802573	6211	1
121	Response	8	3846895	44038	1
122	Response	5	3856834	9683	1
123	Response	6	3900359	43217	1
124	Response	3	3915377	14772	1


{
   "app": "Presentation Version 22.0 Build 05.10.20",
   "device": "Dell Inc. G5 5590",
   "experiment": "{511FFCDC-2E1A-453A-8288-A45BB0DEC473}",
   "os": "Windows 10 64 bit",
   "package": "",
   "parameters": {
      "configuration": "Default configuration"
   },
   "scenario": "ExpePerceptionDeplacement.sce",
   "subject": "",
   "timestamp": "2020/10/01 08:26:07 GMT"
}
