Scenario - PerceptionDeplacement
Logfile written - 12/26/2020 18:46:06

Subject	Trial	Event Type	Code	Time	TTime	Uncertainty	Duration	Uncertainty	ReqTime	ReqDur	Stim Type	Pair Index

Hippolyte	1	Response	2	21082	20849	1
Hippolyte	2	Response	11	47154	25939	1
Hippolyte	17	Response	11	193875	6448	1
Hippolyte	18	Response	11	215767	18207	1
Hippolyte	27	Response	11	301077	5250	1
Hippolyte	28	Response	11	327608	21642	1
Hippolyte	41	Response	11	453876	6143	1
Hippolyte	42	Response	11	597918	140085	1
Hippolyte	51	Response	11	684298	6372	1
Hippolyte	52	Response	11	724071	36106	1
Hippolyte	64	Response	11	840422	6196	1
Hippolyte	65	Response	11	857812	13484	1
Hippolyte	75	Response	11	948417	491	1
Hippolyte	76	Response	11	977786	19723	1
Hippolyte	77	Response	11	1161157	183012	1
Hippolyte	77	Response	11	1217376	239231	1
Hippolyte	77	Response	11	1262399	284254	1
Hippolyte	77	Response	11	1457680	479535	1
Hippolyte	77	Response	11	1704833	726688	1
Hippolyte	436	Response	10	1815420	7	1
Hippolyte	663	Response	10	1888834	152	1
Hippolyte	796	Response	10	1946374	75	1
Hippolyte	976	Response	10	2011812	70	1
Hippolyte	1188	Response	10	2082605	92	1
Hippolyte	1357	Response	10	2146155	31	1
Hippolyte	1359	Response	11	2278825	132468	1
Hippolyte	1659	Response	10	2364560	126	1
Hippolyte	1791	Response	10	2421943	59	1
Hippolyte	1872	Response	10	2470851	10	1
Hippolyte	2069	Response	10	2539167	52	1
Hippolyte	2185	Response	10	2594012	112	1
Hippolyte	2285	Response	10	2646101	79	1
Hippolyte	2364	Response	10	2694790	145	1
Hippolyte	2450	Response	10	2744497	62	1
Hippolyte	2538	Response	10	2794637	79	1
Hippolyte	2540	Response	6	2888846	93955	1
Hippolyte	2639	Response	10	2941068	138	1
Hippolyte	2831	Response	10	3008372	1	6
Hippolyte	2931	Response	10	3060544	51	1
Hippolyte	2996	Response	10	3106839	54	1
Hippolyte	3061	Response	10	3153137	59	1
Hippolyte	3217	Response	10	3214648	124	1
Hippolyte	3267	Response	10	3258337	17	1
Hippolyte	3385	Response	10	3313469	31	1
Hippolyte	3558	Response	10	3377793	78	1
Hippolyte	3666	Response	10	3431258	90	1
Hippolyte	3668	Response	6	3471894	40392	1
Hippolyte	3797	Response	10	3528984	68	1
Hippolyte	3866	Response	10	3575931	56	1
Hippolyte	3944	Response	10	3624473	140	1
Hippolyte	4021	Response	10	3672645	21	1
Hippolyte	4076	Response	10	3717409	157	1
Hippolyte	4181	Response	10	3770216	11	1
Hippolyte	4541	Response	10	3865760	138	1
Hippolyte	4644	Response	10	3918283	41	1
Hippolyte	4698	Response	10	3962766	62	1
Hippolyte	4776	Response	10	4011225	63	1
Hippolyte	4778	Response	6	4071738	60243	1
Hippolyte	4850	Response	10	4119320	86	1
Hippolyte	4941	Response	10	4169889	33	1
Hippolyte	5023	Response	10	4219008	29	1
Hippolyte	5169	Response	10	4278778	17	1
Hippolyte	5244	Response	10	4326803	84	1
Hippolyte	5311	Response	10	4373451	131	1
Hippolyte	5431	Response	10	4428949	152	1
Hippolyte	5613	Response	10	4494645	72	1
Hippolyte	5711	Response	10	4546361	1	1
Hippolyte	5817	Response	10	4599533	52	1
Hippolyte	5819	Response	6	4655193	55379	1
Hippolyte	5884	Response	10	4701689	130	1
Hippolyte	5964	Response	10	4750447	98	1
Hippolyte	6067	Response	10	4802970	1	4
Hippolyte	6117	Response	10	4846798	34	1
Hippolyte	6210	Response	10	4897795	75	1
Hippolyte	6343	Response	10	4955454	117	1
Hippolyte	6412	Response	10	5002395	100	1
Hippolyte	6550	Response	10	5060778	34	1
Hippolyte	6660	Response	10	5114608	77	1
Hippolyte	6810	Response	10	5175100	122	1
Hippolyte	6812	Response	6	5222683	47372	1
Hippolyte	6893	Response	10	5271746	19	1
Hippolyte	7047	Response	10	5335060	55	1
Hippolyte	7132	Response	10	5384751	123	1
Hippolyte	7134	Response	11	5455906	71045	1
Hippolyte	7395	Response	10	5535008	11	1
Hippolyte	7511	Response	10	5589853	70	1
Hippolyte	7807	Response	10	5674688	146	1
Hippolyte	8047	Response	10	5750035	60	1
Hippolyte	8164	Response	10	5804953	25	1
Hippolyte	8274	Response	10	5858779	65	1
Hippolyte	8395	Response	10	5914346	14	1
Hippolyte	8397	Response	6	5929883	15218	1
Hippolyte	8441	Response	10	5972882	101	1
Hippolyte	8554	Response	10	6027210	143	1
Hippolyte	8734	Response	10	6092618	108	1
Hippolyte	8820	Response	10	6142317	18	1
Hippolyte	8940	Response	10	6200189	107	1
Hippolyte	9169	Response	10	6273721	36	1
Hippolyte	9271	Response	10	6326170	31	1
Hippolyte	9400	Response	10	6383249	160	1
Hippolyte	9525	Response	10	6439535	162	1
Hippolyte	9654	Response	10	6496478	155	1
Hippolyte	9656	Response	6	6540286	43630	1
Hippolyte	9807	Response	10	6603410	14	1
Hippolyte	9903	Response	10	6654920	69	1
Hippolyte	10040	Response	10	6713235	101	1
Hippolyte	10111	Response	10	6762708	117	1
Hippolyte	10257	Response	10	6822683	145	1
Hippolyte	10365	Response	10	6876141	150	1
Hippolyte	10430	Response	10	6922436	151	1
Hippolyte	10618	Response	10	6989302	76	1
Hippolyte	10748	Response	10	7046455	112	1
Hippolyte	10848	Response	10	7098546	82	1
Hippolyte	10850	Response	6	7120634	21837	1
Hippolyte	10959	Response	10	7174470	73	1
Hippolyte	11047	Response	10	7224529	9	1
Hippolyte	11159	Response	10	7278716	76	1
Hippolyte	11231	Response	10	7326169	71	1
Hippolyte	11340	Response	10	7379846	128	1
Hippolyte	11467	Response	10	7436346	10	1
Hippolyte	11545	Response	10	7484884	91	1
Hippolyte	11640	Response	10	7536175	93	1
Hippolyte	11698	Response	10	7581229	21	1
Hippolyte	11801	Response	10	7633961	131	1
Hippolyte	11803	Response	6	7648776	14614	1
Hippolyte	12055	Response	10	7726322	73	1
Hippolyte	12244	Response	10	7793191	1	1
Hippolyte	12380	Response	10	7851365	59	1
Hippolyte	12526	Response	10	7911200	113	1
Hippolyte	12733	Response	10	7981114	88	1
Hippolyte	12814	Response	10	8030007	24	1
Hippolyte	12958	Response	10	8089489	58	1
Hippolyte	13183	Response	10	8162368	1	1
Hippolyte	13275	Response	10	8213297	141	1
Hippolyte	13367	Response	10	8264081	135	1
Hippolyte	13369	Response	5	8360226	95947	1
Hippolyte	13463	Response	10	8411581	98	1
Hippolyte	13726	Response	10	8490762	15	1
Hippolyte	13889	Response	10	8553498	139	1
Hippolyte	14016	Response	10	8610069	92	1
Hippolyte	14075	Response	10	8655413	142	1
Hippolyte	14107	Response	10	8696197	129	1
Hippolyte	14109	Response	11	8770886	74585	1
Hippolyte	14273	Response	10	8833846	65	1
Hippolyte	14320	Response	10	8877159	83	1
Hippolyte	14519	Response	10	8945759	76	1
Hippolyte	14670	Response	10	9006459	162	1
Hippolyte	14760	Response	10	9056807	54	1
Hippolyte	14856	Response	10	9108242	34	1
Hippolyte	14927	Response	10	9155621	121	1
Hippolyte	15079	Response	10	9216327	47	1
Hippolyte	15224	Response	10	9275944	49	1
Hippolyte	15286	Response	10	9321792	104	1
Hippolyte	15396	Response	10	9377862	56	1
Hippolyte	15522	Response	10	9434367	111	1
Hippolyte	15763	Response	10	9512457	102	1
Hippolyte	15812	Response	10	9555997	14	1
Hippolyte	15814	Response	6	9625698	69381	1
Hippolyte	15897	Response	10	9675171	125	1
Hippolyte	16070	Response	10	9739357	34	1
Hippolyte	16139	Response	10	9786376	94	1
Hippolyte	16191	Response	10	9830497	87	1
Hippolyte	16247	Response	10	9875339	135	1
Hippolyte	16312	Response	10	9921561	64	1
Hippolyte	16417	Response	10	9974735	117	1
Hippolyte	16539	Response	10	10030507	105	1
Hippolyte	16624	Response	10	10080124	99	1
Hippolyte	16707	Response	10	10129382	66	1
Hippolyte	16709	Response	5	10167978	38330	1
Hippolyte	16838	Response	10	10225151	86	1
Hippolyte	16935	Response	10	10276727	41	1
Hippolyte	16988	Response	10	10321134	153	1
Hippolyte	17123	Response	10	10378940	9	1
Hippolyte	17239	Response	10	10433842	126	1
Hippolyte	17340	Response	10	10486142	139	1
Hippolyte	17452	Response	10	10542138	17	1
Hippolyte	17517	Response	10	10588498	83	1
Hippolyte	17590	Response	10	10636091	51	1
Hippolyte	17779	Response	10	10703096	115	1
Hippolyte	17781	Response	6	10729372	26058	1
Hippolyte	17852	Response	10	10776841	92	1
Hippolyte	17925	Response	10	10824505	130	1
Hippolyte	17965	Response	10	10866660	155	1
Hippolyte	18039	Response	10	10914396	99	1
Hippolyte	18115	Response	10	10962567	146	1
Hippolyte	18164	Response	10	11006099	49	1
Hippolyte	18268	Response	10	11058906	70	1
Hippolyte	18395	Response	10	11115538	85	1
Hippolyte	18453	Response	10	11160736	155	1
Hippolyte	18578	Response	10	11216872	7	1
Hippolyte	18580	Response	6	11236664	19465	1
Hippolyte	18729	Response	10	11299304	10	1
Hippolyte	18850	Response	10	11355006	95	1
Hippolyte	18924	Response	10	11402742	39	1
Hippolyte	19049	Response	10	11459023	36	1
Hippolyte	19097	Response	10	11502483	34	1
Hippolyte	19158	Response	10	11548187	111	1
Hippolyte	19241	Response	10	11597367	1	2
Hippolyte	19324	Response	10	11646764	107	1
Hippolyte	19409	Response	10	11696309	29	1
Hippolyte	19411	Response	11	11780252	83740	1
Hippolyte	19537	Response	10	11836830	6	1
Hippolyte	19618	Response	10	11885866	85	1
Hippolyte	19840	Response	10	11958367	150	1
Hippolyte	20028	Response	10	12025072	80	1
Hippolyte	20100	Response	10	12072517	67	1
Hippolyte	20150	Response	10	12116340	94	1
Hippolyte	20226	Response	10	12164506	136	1
Hippolyte	20310	Response	10	12214119	125	1
Hippolyte	20351	Response	10	12256413	123	1
Hippolyte	20587	Response	10	12331086	28	1
Hippolyte	20633	Response	10	12374247	59	1
Hippolyte	20635	Response	5	12395576	21056	1
Hippolyte	20777	Response	10	12454864	81	1
Hippolyte	20922	Response	10	12516722	159	1
Hippolyte	21001	Response	10	12565249	62	1
Hippolyte	21208	Response	10	12635218	93	1
Hippolyte	21252	Response	10	12680482	62	1
Hippolyte	21397	Response	10	12740092	57	1
Hippolyte	21596	Response	10	12808757	116	1
Hippolyte	21716	Response	10	12864238	145	1
Hippolyte	21885	Response	10	12927837	133	1
Hippolyte	21956	Response	10	12975064	69	1
Hippolyte	21958	Response	6	13002257	26929	1
Hippolyte	22011	Response	10	13046632	33	1
Hippolyte	22083	Response	10	13096177	120	1
Hippolyte	22267	Response	10	13162311	146	1
Hippolyte	22315	Response	10	13205700	73	1
Hippolyte	22409	Response	10	13256768	18	1
Hippolyte	22459	Response	10	13300737	26	1
Hippolyte	22548	Response	10	13351076	75	1
Hippolyte	22621	Response	10	13398662	37	1
Hippolyte	22744	Response	10	13454797	54	1
Hippolyte	22819	Response	10	13502818	117	1
Hippolyte	22821	Response	6	13572477	69443	1
Hippolyte	22974	Response	10	13635880	128	1
Hippolyte	23019	Response	10	13678832	118	1
Hippolyte	23120	Response	10	13731129	127	1
Hippolyte	23254	Response	10	13788854	69	1
Hippolyte	23300	Response	10	13831952	38	1
Hippolyte	23343	Response	10	13874615	72	1
Hippolyte	23423	Response	10	13923360	34	1
Hippolyte	23568	Response	10	13982970	22	1
Hippolyte	23656	Response	10	14033165	94	1
Hippolyte	23765	Response	10	14086983	126	1
Hippolyte	23767	Response	6	14147340	60150	1
Hippolyte	23906	Response	10	14206208	121	1
Hippolyte	24006	Response	10	14258213	5	1
Hippolyte	24120	Response	10	14314844	19	1
Hippolyte	24165	Response	10	14357794	7	1
Hippolyte	24290	Response	10	14414072	1	1
Hippolyte	24389	Response	10	14466078	52	1
Hippolyte	24546	Response	10	14527715	76	1
Hippolyte	24638	Response	10	14578488	60	1
Hippolyte	24907	Response	10	14658810	118	1
Hippolyte	25154	Response	10	14735367	76	1
Hippolyte	25299	Response	10	14794974	68	1
Hippolyte	25346	Response	10	14838208	7	1
Hippolyte	25387	Response	10	14880572	75	1


{
   "app": "Presentation Version 22.0 Build 05.10.20",
   "device": "Dell Inc. G5 5590",
   "experiment": "{511FFCDC-2E1A-453A-8288-A45BB0DEC473}",
   "os": "Windows 10 64 bit",
   "package": "",
   "parameters": {
      "configuration": "Default configuration"
   },
   "scenario": "ExpePerceptionApproche.sce",
   "subject": "Hippolyte",
   "timestamp": "2020/12/26 17:21:14 GMT"
}
