Scenario - PerceptionDeplacement
Logfile written - 10/15/2020 15:51:23

Subject	Trial	Event Type	Code	Time	TTime	Uncertainty	Duration	Uncertainty	ReqTime	ReqDur	Stim Type	Pair Index

Jeremie15_10	1	Response	11	95140	94974	1
Jeremie15_10	1	Response	11	141676	141510	1
Jeremie15_10	1	Response	11	224197	224030	1
Jeremie15_10	1	Response	11	247448	247282	1
Jeremie15_10	1	Response	11	278299	278133	1
Jeremie15_10	1	Response	11	303188	303022	1
Jeremie15_10	1	Response	11	316145	315979	1
Jeremie15_10	2	Response	2	364940	48549	1
Jeremie15_10	2	Response	11	469064	152673	1
Jeremie15_10	3	Response	6	520848	51424	1
Jeremie15_10	4	Response	5	549618	28572	1
Jeremie15_10	370	Response	10	610706	71	1
Jeremie15_10	372	Response	2	652440	41472	1
Jeremie15_10	373	Response	8	668350	15585	1
Jeremie15_10	548	Response	10	697577	18	1
Jeremie15_10	550	Response	8	750555	52663	1
Jeremie15_10	551	Response	6	772463	21617	1
Jeremie15_10	772	Response	10	809397	101	1
Jeremie15_10	774	Response	8	865033	55404	1
Jeremie15_10	775	Response	6	882953	17706	1
Jeremie15_10	915	Response	10	906398	20	1
Jeremie15_10	917	Response	2	980586	73876	1
Jeremie15_10	918	Response	7	996479	15666	1
Jeremie15_10	1125	Response	10	1031138	35	1
Jeremie15_10	1127	Response	4	1095841	64406	1
Jeremie15_10	1128	Response	8	1107783	11737	1
Jeremie15_10	1328	Response	10	1141299	125	1
Jeremie15_10	1330	Response	6	1214516	73009	1
Jeremie15_10	1331	Response	4	1227340	12564	1
Jeremie15_10	1450	Response	10	1247357	110	1
Jeremie15_10	1452	Response	6	1296425	48844	1
Jeremie15_10	1453	Response	8	1318666	21962	1
Jeremie15_10	1584	Response	10	1340789	123	1
Jeremie15_10	1586	Response	8	1383519	42520	1
Jeremie15_10	1587	Response	7	1406134	22339	1
Jeremie15_10	1768	Response	10	1436427	11	1
Jeremie15_10	1770	Response	6	1507086	70337	1
Jeremie15_10	1771	Response	8	1517008	9653	1
Jeremie15_10	1887	Response	10	1536589	93	1
Jeremie15_10	1889	Response	4	1579283	42454	1
Jeremie15_10	1890	Response	6	1594372	14747	1
Jeremie15_10	2142	Response	10	1636428	19	1
Jeremie15_10	2144	Response	6	1676616	39874	1
Jeremie15_10	2145	Response	7	1693197	16324	1
Jeremie15_10	2400	Response	10	1735848	26	1
Jeremie15_10	2402	Response	2	1801353	65198	1
Jeremie15_10	2403	Response	4	1823617	22019	1
Jeremie15_10	2599	Response	10	1856439	55	1
Jeremie15_10	2601	Response	6	1900559	43842	1
Jeremie15_10	2602	Response	7	1926451	25606	1
Jeremie15_10	2764	Response	10	1953518	52	1
Jeremie15_10	2766	Response	8	1998839	45040	1
Jeremie15_10	2767	Response	8	2015192	16099	1
Jeremie15_10	2869	Response	10	2032379	148	1
Jeremie15_10	2871	Response	4	2075649	43085	1
Jeremie15_10	2872	Response	8	2088083	12224	1
Jeremie15_10	2967	Response	10	2104149	147	1
Jeremie15_10	2969	Response	2	2157001	52666	1
Jeremie15_10	2970	Response	6	2172953	15665	1
Jeremie15_10	3115	Response	10	2197420	166	1
Jeremie15_10	3117	Response	4	2263653	66066	1
Jeremie15_10	3118	Response	7	2275717	11854	1
Jeremie15_10	3317	Response	10	2309157	0	2
Jeremie15_10	3319	Response	8	2351551	42062	1
Jeremie15_10	3320	Response	7	2367143	15357	1
Jeremie15_10	3556	Response	10	2406661	89	1
Jeremie15_10	3558	Response	2	2450551	43646	1
Jeremie15_10	3559	Response	7	2462267	11400	1
Jeremie15_10	3701	Response	10	2486059	56	1
Jeremie15_10	3703	Quit		2496727	10391	NA


{
   "app": "Presentation Version 22.0 Build 05.10.20",
   "device": "Dell Inc. G5 5590",
   "experiment": "{511FFCDC-2E1A-453A-8288-A45BB0DEC473}",
   "os": "Windows 10 64 bit",
   "package": "",
   "parameters": {
      "configuration": "Default configuration"
   },
   "scenario": "ExpePerceptionDeplacement.sce",
   "subject": "Jeremie15_10",
   "timestamp": "2020/10/15 13:47:10 GMT"
}
