Scenario - PerceptionDeplacement
Logfile written - 12/26/2020 19:22:12

Subject	Trial	Event Type	Code	Time	TTime	Uncertainty	Duration	Uncertainty	ReqTime	ReqDur	Stim Type	Pair Index

Maet	1	Response	1	15827	15594	1
Maet	2	Response	11	33147	16995	1
Maet	2	Response	11	37797	21644	1
Maet	2	Response	11	42244	26092	1
Maet	2	Response	11	280568	264415	1
Maet	2	Response	11	677752	661599	1
Maet	4	Response	11	695829	2435	1
Maet	1067	Response	10	906022	147	1
Maet	1491	Response	10	1012066	117	1
Maet	2005	Response	10	1133018	9	1
Maet	2177	Response	10	1197121	1	2
Maet	2438	Response	10	1276072	20	1
Maet	2623	Response	10	1342346	20	1
Maet	2625	Response	11	1477873	135313	1
Maet	2897	Response	10	1558864	60	1
Maet	3144	Response	10	1635569	165	1
Maet	3451	Response	10	1722120	125	1
Maet	3453	Response	10	1734367	12039	1
Maet	3982	Response	10	1881407	51	1
Maet	4389	Response	10	1984685	86	1
Maet	4918	Response	10	2108324	167	1
Maet	5093	Response	10	2172863	95	1
Maet	5299	Response	10	2242689	148	1
Maet	5301	Response	6	2518550	275677	1
Maet	5802	Response	10	2637539	10	1
Maet	6034	Response	10	2711646	16	1
Maet	6204	Response	10	2775537	129	1
Maet	6531	Response	10	2865434	105	1
Maet	6717	Response	10	2931858	87	1
Maet	6802	Response	10	2981531	137	1
Maet	7141	Response	10	3073441	127	1
Maet	7285	Response	10	3132793	31	1
Maet	7846	Response	10	3261731	82	1
Maet	8350	Response	10	3381167	121	1
Maet	8352	Response	7	3503011	121633	1
Maet	8606	Response	10	3580953	82	1
Maet	9112	Response	10	3700612	12	1
Maet	9407	Response	10	3785213	21	1
Maet	9772	Response	10	3881474	32	1
Maet	10557	Response	10	4047776	146	1
Maet	10747	Response	10	4114744	6	1
Maet	10874	Response	10	4171386	31	1
Maet	10876	Response	10	4176970	5283	1
Maet	11144	Response	10	4287314	61	1
Maet	11495	Response	10	4381332	160	1
Maet	11497	Response	6	4464828	83323	1
Maet	11731	Response	10	4539462	95	1
Maet	11944	Response	10	4610447	142	1
Maet	12165	Response	10	4682593	18	1
Maet	12330	Response	10	4745610	90	1
Maet	12560	Response	10	4819421	133	1
Maet	12810	Response	10	4896420	32	1
Maet	13097	Response	10	4979718	69	1
Maet	13271	Response	10	5044183	91	1
Maet	13780	Response	10	5164351	31	1
Maet	13982	Response	10	5233455	28	1
Maet	13984	Response	5	5327232	93472	1
Maet	14647	Response	10	5473354	137	1
Maet	14649	Response	10	5475499	1948	1
Maet	15047	Response	10	5610928	164	1
Maet	15202	Response	10	5672140	96	1
Maet	15610	Response	10	5775508	55	1
Maet	15785	Response	10	5840192	129	1
Maet	15993	Response	10	5910237	68	1
Maet	16187	Response	10	5978108	165	1
Maet	16538	Response	10	6071979	118	1
Maet	16802	Response	10	6151292	1	2
Maet	16804	Response	7	6208646	57021	1
Maet	17578	Response	10	6373107	9	1
Maet	17907	Response	10	6465524	7	1
Maet	18149	Response	10	6541285	1	1
Maet	18151	Response	11	7027887	486370	1
Maet	18514	Response	10	7123956	15	1
Maet	18711	Response	10	7192281	65	1
Maet	18988	Response	10	7273855	45	1
Maet	19201	Response	10	7344847	98	1
Maet	19370	Response	10	7408375	15	1
Maet	19591	Response	10	7480668	38	1
Maet	19663	Response	10	7528089	1	3
Maet	19665	Response	6	7611127	82706	1
Maet	20362	Response	10	7762774	58	1
Maet	20728	Response	10	7859194	61	1
Maet	20848	Response	10	7914686	101	1
Maet	21067	Response	10	7986763	76	1
Maet	21201	Response	10	8046965	163	1
Maet	21327	Response	10	8103397	145	1
Maet	21785	Response	10	8215025	37	1
Maet	22116	Response	10	8305724	149	1
Maet	22238	Response	10	8361508	147	1
Maet	22384	Response	10	8421198	57	1
Maet	22386	Response	5	8565035	143560	1
Maet	22809	Response	10	8673671	84	1
Maet	23309	Response	10	8792329	12	1
Maet	23515	Response	10	8862162	72	1
Maet	23812	Response	10	8949230	50	1
Maet	23974	Response	10	9011952	160	1
Maet	24455	Response	10	9127424	66	1
Maet	24581	Response	10	9183923	114	1
Maet	24790	Response	10	9254403	156	1
Maet	25665	Response	10	9435569	147	1
Maet	25797	Response	10	9492944	73	1
Maet	25799	Response	5	9543717	50513	1
Maet	26484	Response	10	9693469	106	1
Maet	26606	Response	10	9749172	24	3
Maet	26809	Response	10	9818502	81	1
Maet	27118	Response	10	9905500	155	1
Maet	27299	Response	10	9970986	32	1
Maet	27529	Response	10	10044727	5	1
Maet	27700	Response	10	10108688	21	1
Maet	27854	Response	10	10169823	43	1
Maet	28062	Response	10	10239938	53	1
Maet	28386	Response	10	10329468	160	1
Maet	28388	Response	6	10387277	57636	1
Maet	28786	Response	10	10489247	79	1
Maet	29238	Response	10	10599967	63	1
Maet	29385	Response	10	10659870	19	1
Maet	29551	Response	10	10723107	144	1
Maet	29670	Response	10	10778952	37	1
Maet	30156	Response	10	10895427	115	1
Maet	30450	Response	10	10979818	79	1
Maet	30737	Response	10	11063046	46	1
Maet	31030	Response	10	11147362	103	1
Maet	31536	Response	10	11267094	106	1
Maet	31538	Response	5	11301878	34556	1
Maet	31771	Response	10	11376249	23	1
Maet	32157	Response	10	11476065	93	1
Maet	32273	Response	10	11530826	69	1
Maet	32327	Response	10	11575229	10	1
Maet	32551	Response	10	11648100	112	1
Maet	32951	Response	10	11750228	162	1
Maet	32953	Response	11	12204129	453830	1
Maet	33455	Response	10	12323324	92	1
Maet	34318	Response	10	12502418	10	1
Maet	34493	Response	10	12567112	93	1
Maet	34558	Response	10	12613331	19	1
Maet	34764	Response	10	12683234	150	1
Maet	34887	Response	10	12739158	123	1
Maet	35106	Response	10	12811088	116	1
Maet	35305	Response	10	12879685	106	1
Maet	35491	Response	10	12946109	88	1
Maet	35639	Response	10	13006157	22	1
Maet	35964	Response	10	13098120	65	1
Maet	36208	Response	10	13174209	54	1
Maet	36282	Response	10	13224407	130	1
Maet	36583	Response	10	13309871	1	1
Maet	36585	Response	10	13312027	1825	1
Maet	36770	Response	10	13413969	24	1
Maet	37054	Response	10	13496831	124	1
Maet	37124	Response	10	13543840	8	1
Maet	37409	Response	10	13626780	20	1
Maet	37564	Response	10	13688093	54	1
Maet	37955	Response	10	13788948	163	1
Maet	38281	Response	10	13878687	148	1
Maet	38426	Response	10	13938298	144	1
Maet	38628	Response	10	14007396	135	1
Maet	38630	Response	6	14045387	37794	1
Maet	39024	Response	10	14146691	53	1
Maet	39171	Response	10	14206638	52	1
Maet	39468	Response	10	14291554	42	1
Maet	39670	Response	10	14360650	31	1
Maet	40059	Response	10	14460899	35	1
Maet	40212	Response	10	14521884	73	1
Maet	40357	Response	10	14583591	1	2
Maet	40497	Response	10	14642377	5	1
Maet	40536	Response	10	14684343	7	1
Maet	40699	Response	10	14747066	118	1
Maet	40701	Response	5	14774521	27241	1
Maet	41114	Response	10	14878964	132	1
Maet	41303	Response	10	14945820	47	1
Maet	41640	Response	10	15037516	156	1
Maet	42026	Response	10	15137112	5	1
Maet	42186	Response	10	15199331	112	1
Maet	42533	Response	10	15292555	84	1
Maet	42770	Response	10	15367449	44	1
Maet	42948	Response	10	15432636	122	1
Maet	43048	Response	10	15484714	78	1
Maet	43390	Response	10	15577207	152	1
Maet	43392	Response	5	15606751	29363	1
Maet	43885	Response	10	15726707	115	1
Maet	43915	Response	10	15767196	140	1
Maet	44036	Response	10	15822675	1	2
Maet	44063	Response	10	15862805	166	1
Maet	44311	Response	10	15939434	29	1
Maet	44503	Response	10	16006865	19	1
Maet	44636	Response	10	16064515	52	1
Maet	44805	Response	10	16128179	105	1
Maet	44945	Response	10	16186915	59	1
Maet	44947	Response	11	16489634	302545	1
Maet	45413	Response	10	16602868	43	1
Maet	45452	Response	10	16644955	166	1
Maet	45656	Response	10	16714273	45	1
Maet	45937	Response	10	16796559	69	1
Maet	46168	Response	10	16870438	13	1
Maet	46526	Response	10	16965608	99	1
Maet	46669	Response	10	17024928	137	1
Maet	47104	Response	10	17132925	63	1
Maet	47234	Response	10	17190146	166	1
Maet	47379	Response	10	17249754	160	1
Maet	47618	Response	10	17324937	75	1
Maet	47620	Response	5	17403900	78705	1
Maet	47793	Response	10	17468286	50	1
Maet	47902	Response	10	17524137	116	1
Maet	48126	Response	10	17596931	141	1
Maet	48363	Response	10	17671829	104	1
Maet	48520	Response	10	17735789	120	1
Maet	48677	Response	10	17797360	78	1
Maet	48731	Response	10	17841764	21	1
Maet	48961	Response	10	17915576	64	1
Maet	49253	Response	10	17999741	136	1
Maet	49310	Response	10	18044726	160	1
Maet	49312	Response	6	18085951	41052	1
Maet	49639	Response	10	18175988	37	1
Maet	49767	Response	10	18235021	122	1
Maet	50044	Response	10	18316657	162	1
Maet	50262	Response	10	18388297	31	1
Maet	50408	Response	10	18448062	15	1
Maet	50439	Response	10	18488918	74	1
Maet	50666	Response	10	18562226	112	1
Maet	50855	Response	10	18629882	161	1
Maet	51045	Response	10	18697108	112	1
Maet	51194	Response	10	18757306	30	1
Maet	51196	Response	5	18784899	27290	1
Maet	51366	Response	10	18851045	17	1
Maet	51474	Response	10	18904575	94	1
Maet	51652	Response	10	18969625	34	1
Maet	52206	Response	10	19097339	26	1
Maet	52363	Response	10	19159055	129	1
Maet	52513	Response	10	19219468	95	1
Maet	52615	Response	10	19271912	86	1
Maet	52907	Response	10	19356081	161	1
Maet	53060	Response	10	19416996	130	1
Maet	53467	Response	10	19520432	155	1
Maet	53469	Response	5	19548229	27619	1
Maet	53965	Response	10	19666534	52	1
Maet	54294	Response	10	19756785	49	1
Maet	54926	Response	10	19899706	94	1
Maet	55052	Response	10	19956131	69	1
Maet	55191	Response	10	20014800	123	1
Maet	55334	Response	10	20074051	92	1
Maet	55379	Response	10	20117077	155	1
Maet	55596	Response	10	20188642	116	1
Maet	55908	Response	10	20275993	44	1
Maet	56045	Response	10	20334301	69	1
Maet	56156	Response	10	20388265	81	1
Maet	56250	Response	10	20439401	95	1
Maet	56459	Response	10	20509732	153	1


{
   "app": "Presentation Version 22.0 Build 05.10.20",
   "device": "Dell Inc. G5 5590",
   "experiment": "{511FFCDC-2E1A-453A-8288-A45BB0DEC473}",
   "os": "Windows 10 64 bit",
   "package": "",
   "parameters": {
      "configuration": "Default configuration"
   },
   "scenario": "ExpePerceptionApproche.sce",
   "subject": "Maet",
   "timestamp": "2020/12/26 17:47:58 GMT"
}
