Scenario - PerceptionDeplacement
Logfile written - 10/15/2020 15:35:59

Subject	Trial	Event Type	Code	Time	TTime	Uncertainty	Duration	Uncertainty	ReqTime	ReqDur	Stim Type	Pair Index

Manu15_10	1	Response	10	27138	26972	1
Manu15_10	1	Response	10	53590	53424	1
Manu15_10	1	Response	10	81220	81054	1
Manu15_10	1	Response	10	102020	101854	1
Manu15_10	1	Response	10	112256	112089	1
Manu15_10	1	Response	10	131527	131361	1
Manu15_10	1	Response	10	148059	147893	1
Manu15_10	2	Response	10	286830	138459	1
Manu15_10	3	Response	6	337910	50827	1
Manu15_10	4	Response	7	350483	12278	1
Manu15_10	173	Response	11	378732	62	1
Manu15_10	187	Response	11	381063	61	1
Manu15_10	284	Response	11	397303	149	1
Manu15_10	331	Response	11	405084	103	1
Manu15_10	351	Response	11	408433	122	1
Manu15_10	501	Response	11	433424	134	1
Manu15_10	537	Response	11	439360	76	1
Manu15_10	544	Response	11	440533	83	1
Manu15_10	552	Response	11	441823	41	1
Manu15_10	561	Response	11	443415	135	1
Manu15_10	604	Response	11	450442	1	4
Manu15_10	618	Response	11	452908	135	1
Manu15_10	651	Response	11	458342	74	1
Manu15_10	786	Response	11	480866	118	1
Manu15_10	1188	Response	11	547717	28	1
Manu15_10	1228	Response	11	554383	33	1
Manu15_10	1273	Response	11	561912	68	1
Manu15_10	1287	Response	11	564194	19	1
Manu15_10	1299	Response	11	566212	38	1
Manu15_10	1393	Quit		581768	101	NA


{
   "app": "Presentation Version 22.0 Build 05.10.20",
   "device": "Dell Inc. G5 5590",
   "experiment": "{511FFCDC-2E1A-453A-8288-A45BB0DEC473}",
   "os": "Windows 10 64 bit",
   "package": "",
   "parameters": {
      "configuration": "Default configuration"
   },
   "scenario": "ExpePerceptionDeplacement.sce",
   "subject": "Manu15_10",
   "timestamp": "2020/10/15 13:34:57 GMT"
}
