Scenario - PerceptionDeplacement
Logfile written - 10/15/2020 15:41:43

Subject	Trial	Event Type	Code	Time	TTime	Uncertainty	Duration	Uncertainty	ReqTime	ReqDur	Stim Type	Pair Index

Manu15_10	1	Response	11	19218	19052	1
Manu15_10	1	Response	11	51826	51659	1
Manu15_10	1	Response	11	77485	77318	1
Manu15_10	1	Response	11	89787	89620	1
Manu15_10	1	Response	11	106169	106003	1
Manu15_10	1	Response	11	116994	116828	1
Manu15_10	1	Response	11	127060	126893	1
Manu15_10	2	Response	11	267004	139615	1
Manu15_10	3	Response	6	318094	50827	1
Manu15_10	4	Response	6	338643	20254	1
Manu15_10	158	Response	10	364350	1	1
Manu15_10	160	Response	2	420121	55439	1
Manu15_10	161	Response	7	435035	14568	1
Manu15_10	260	Response	10	451630	24	1
Manu15_10	262	Response	6	500485	48545	1
Manu15_10	263	Response	7	512448	11717	1
Manu15_10	495	Response	10	551231	44	1
Manu15_10	497	Response	10	553310	1790	1
Manu15_10	497	Response	8	618954	67434	1
Manu15_10	498	Response	6	634930	15636	1
Manu15_10	674	Response	10	664471	50	1
Manu15_10	676	Response	8	719108	54354	1
Manu15_10	677	Response	7	731408	12035	1
Manu15_10	792	Response	10	750781	102	1
Manu15_10	794	Response	2	807021	56009	1
Manu15_10	795	Response	7	821089	13792	1
Manu15_10	910	Response	10	840332	64	1
Manu15_10	912	Response	4	900011	59409	1
Manu15_10	913	Response	6	917957	17740	1
Manu15_10	1006	Response	10	933581	60	1
Manu15_10	1008	Response	6	981428	47574	1
Manu15_10	1009	Response	8	992610	10964	1
Manu15_10	1114	Response	10	1010362	75	1
Manu15_10	1116	Response	8	1057507	46887	1
Manu15_10	1117	Response	8	1072331	14586	1
Manu15_10	1258	Response	10	1095941	62	1
Manu15_10	1260	Response	6	1147137	50924	1
Manu15_10	1261	Response	7	1158566	11231	1
Manu15_10	1378	Response	10	1178302	161	1
Manu15_10	1380	Response	4	1246027	67553	1
Manu15_10	1381	Response	7	1257898	11649	1
Manu15_10	1490	Response	10	1276382	160	1
Manu15_10	1492	Response	6	1328115	51560	1
Manu15_10	1493	Response	7	1342310	13967	1
Manu15_10	1746	Response	10	1384721	93	1
Manu15_10	1748	Response	8	1437521	52560	1
Manu15_10	1749	Response	6	1465271	27523	1
Manu15_10	1912	Response	10	1492643	109	1
Manu15_10	1914	Response	2	1556129	63262	1
Manu15_10	1915	Response	4	1572074	15596	1
Manu15_10	2033	Response	10	1591943	162	1
Manu15_10	2035	Response	8	1643730	51616	1
Manu15_10	2036	Response	7	1657461	13392	1
Manu15_10	2167	Response	10	1679422	50	1
Manu15_10	2169	Response	4	1726899	47194	1
Manu15_10	2170	Response	7	1738120	10957	1
Manu15_10	2296	Response	10	1759282	147	1
Manu15_10	2298	Response	2	1832927	73459	1
Manu15_10	2299	Response	3	1850442	17205	1
Manu15_10	2404	Response	10	1868143	102	1
Manu15_10	2406	Response	6	1937276	68902	1
Manu15_10	2407	Response	4	1950247	12767	1
Manu15_10	2551	Response	10	1974403	121	1
Manu15_10	2553	Response	8	2031478	56863	1
Manu15_10	2554	Response	7	2045870	14138	1
Manu15_10	2759	Response	10	2080234	44	1
Manu15_10	2761	Response	2	2136799	56276	1
Manu15_10	2762	Response	4	2151753	14613	1
Manu15_10	2943	Response	10	2182072	138	1
Manu15_10	2945	Response	6	2254854	72587	1
Manu15_10	2946	Response	4	2265928	10725	1
Manu15_10	3094	Response	10	2290743	70	1
Manu15_10	3096	Response	2	2346907	55901	1
Manu15_10	3097	Response	6	2362909	15786	1
Manu15_10	3211	Response	10	2381963	37	1
Manu15_10	3213	Response	4	2473593	91333	1
Manu15_10	3214	Response	1	2483558	9712	1
Manu15_10	3316	Response	10	2500684	27	1
Manu15_10	3318	Response	6	2546897	45907	1
Manu15_10	3319	Response	8	2561505	14389	1
Manu15_10	3440	Response	10	2581795	42	1
Manu15_10	3442	Response	8	2627586	45501	1
Manu15_10	3443	Response	5	2642119	14240	1
Manu15_10	3556	Response	10	2661183	166	1
Manu15_10	3558	Response	2	2717419	56069	1
Manu15_10	3559	Response	4	2728120	10486	1
Manu15_10	3663	Response	10	2745643	33	1
Manu15_10	3665	Response	8	2797532	51589	1
Manu15_10	3666	Response	7	2823163	25432	1
Manu15_10	3782	Response	10	2842613	88	1
Manu15_10	3784	Response	4	2888819	45960	1
Manu15_10	3785	Response	7	2897161	8010	1
Manu15_10	3947	Response	10	2924305	17	1
Manu15_10	3949	Response	2	3005315	80694	1
Manu15_10	3950	Response	4	3018705	13154	1
Manu15_10	4044	Response	10	3034624	98	1
Manu15_10	4046	Quit		3082077	47218	NA


{
   "app": "Presentation Version 22.0 Build 05.10.20",
   "device": "Dell Inc. G5 5590",
   "experiment": "{511FFCDC-2E1A-453A-8288-A45BB0DEC473}",
   "os": "Windows 10 64 bit",
   "package": "",
   "parameters": {
      "configuration": "Default configuration"
   },
   "scenario": "ExpePerceptionDeplacement.sce",
   "subject": "Manu15_10",
   "timestamp": "2020/10/15 13:36:32 GMT"
}
