Scenario - PerceptionDeplacement
Logfile written - 10/13/2020 12:26:19

Subject	Trial	Event Type	Code	Time	TTime	Uncertainty	Duration	Uncertainty	ReqTime	ReqDur	Stim Type	Pair Index

Manu3	1	Response	6	50841	50675	1
Manu3	2	Response	4	70899	19778	1
Manu3	557	Response	10	163466	108	1
Manu3	559	Response	4	310271	146581	1
Manu3	560	Response	5	323684	13121	1
Manu3	748	Response	10	355117	92	1
Manu3	750	Response	6	406541	51184	1
Manu3	751	Response	8	415305	8493	1
Manu3	962	Response	10	450619	11	1
Manu3	964	Response	2	529536	78595	1
Manu3	965	Response	5	554714	24843	1
Manu3	1132	Response	10	582728	69	1
Manu3	1134	Response	6	676182	93190	1
Manu3	1135	Response	3	691659	15248	1
Manu3	1405	Response	10	736807	115	1
Manu3	1407	Response	8	828444	91419	1
Manu3	1408	Response	2	844947	16168	1
Manu3	1912	Response	10	929067	43	1
Manu3	1914	Response	2	1003102	73744	1
Manu3	1915	Response	5	1006221	2762	1
Manu3	2117	Response	10	1039939	11	1
Manu3	2119	Response	8	1103938	63677	1
Manu3	2120	Response	8	1110817	6612	1
Manu3	2487	Response	10	1172137	158	1
Manu3	2489	Response	4	1246898	74585	1
Manu3	2490	Response	8	1251996	4748	1
Manu3	3030	Response	10	1342019	20	1
Manu3	3032	Response	6	1393962	51631	1
Manu3	3033	Response	4	1410294	16007	1
Manu3	3246	Response	10	1446038	130	1
Manu3	3248	Response	8	1506680	60440	1
Manu3	3249	Response	7	1516191	9170	1
Manu3	3589	Response	10	1573119	155	1
Manu3	3591	Response	6	1670016	96719	1
Manu3	3592	Response	6	1682918	12539	1
Manu3	3996	Response	10	1750448	138	1
Manu3	3998	Response	8	1832979	82337	1
Manu3	3999	Response	6	1851806	18569	1
Manu3	4190	Response	10	1883849	156	1
Manu3	4192	Response	2	1940341	56314	1
Manu3	4193	Response	7	1953378	12734	1
Manu3	4637	Response	10	2027529	127	1
Manu3	4639	Response	8	2110052	82317	1
Manu3	4640	Response	4	2125078	14748	1
Manu3	4842	Response	10	2158909	122	1
Manu3	4844	Response	4	2218929	59808	1
Manu3	4845	Response	7	2224830	5595	1
Manu3	4974	Response	10	2246400	22	1
Manu3	4976	Response	4	2319692	72981	1
Manu3	4977	Response	4	2323674	3694	1
Manu3	5196	Response	10	2360321	42	1
Manu3	5198	Response	8	2449933	89321	1
Manu3	5199	Response	4	2472395	22194	1
Manu3	5768	Response	10	2567400	134	1
Manu3	5770	Response	8	2623964	56366	1
Manu3	5771	Response	8	2644117	19901	1
Manu3	5904	Response	10	2666440	94	1
Manu3	5906	Response	6	2767108	100429	1
Manu3	5907	Response	7	2779351	11926	1
Manu3	6255	Response	10	2837530	166	1
Manu3	6258	Response	8	2885923	48060	1
Manu3	6259	Response	8	2893893	7739	1
Manu3	6795	Response	10	2983351	114	1
Manu3	6797	Response	2	3040411	56841	1
Manu3	6798	Response	9	3043788	3102	1
Manu3	6942	Response	10	3067882	53	1
Manu3	6944	Response	6	3166902	98739	1
Manu3	6945	Response	7	3179707	12464	1
Manu3	7114	Response	10	3208061	21	1
Manu3	7116	Response	2	3306298	97925	1
Manu3	7117	Response	4	3321304	14683	1
Manu3	7389	Response	10	3366891	155	1
Manu3	7391	Response	8	3417655	50586	1
Manu3	7392	Response	9	3422463	4604	1
Manu3	8447	Response	10	3598341	139	1
Manu3	8449	Response	2	3665069	66534	1
Manu3	8450	Response	9	3677813	12504	1
Manu3	9330	Response	10	3824505	1	49
Manu3	9332	Response	6	3957329	132492	1
Manu3	9333	Response	5	3964561	7006	1
Manu3	9824	Response	10	4046502	24	1
Manu3	9826	Response	4	4134300	87489	1
Manu3	9827	Response	8	4141963	7395	1
Manu3	10185	Response	10	4201833	157	1
Manu3	10187	Response	4	4271651	69642	1
Manu3	10188	Response	5	4276033	4085	1
Manu3	10872	Response	10	4390093	81	1
Manu3	10874	Response	6	4452569	62224	1
Manu3	10875	Response	8	4462357	9566	1
Manu3	18896	Quit		5797978	18	NA


{
   "app": "Presentation Version 22.0 Build 05.10.20",
   "device": "Dell Inc. G5 5590",
   "experiment": "{511FFCDC-2E1A-453A-8288-A45BB0DEC473}",
   "os": "Windows 10 64 bit",
   "package": "",
   "parameters": {
      "configuration": "Default configuration"
   },
   "scenario": "ExpePerceptionDeplacement.sce",
   "subject": "Manu3",
   "timestamp": "2020/10/13 10:16:36 GMT"
}
