Scenario - PerceptionDeplacement
Logfile written - 11/27/2020 18:25:48

Subject	Trial	Event Type	Code	Time	TTime	Uncertainty	Duration	Uncertainty	ReqTime	ReqDur	Stim Type	Pair Index

Manu	1	Response	11	47125	47058	1
Manu	20	Response	11	239524	5351	1
Manu	21	Response	11	263910	19584	1
Manu	31	Response	11	360235	6166	1
Manu	32	Response	11	371168	6963	1
Manu	50	Response	11	549007	7739	1
Manu	51	Response	11	566598	15155	1
Manu	63	Response	11	679426	2757	1
Manu	64	Response	11	700415	13587	1
Manu	83	Response	11	887422	6849	1
Manu	84	Response	11	904337	13598	1
Manu	94	Response	11	1002800	8328	1
Manu	95	Response	11	1014637	10022	1
Manu	96	Response	11	1043076	28190	1
Manu	96	Response	11	1069619	54732	1
Manu	96	Response	11	1097216	82330	1
Manu	96	Response	11	1130074	115188	1
Manu	96	Response	11	1151974	137088	1
Manu	98	Response	11	1170256	2645	1
Manu	192	Response	10	1218879	82	1
Manu	287	Response	10	1272539	55	1
Manu	466	Response	10	1337936	94	1
Manu	562	Response	10	1391637	107	1
Manu	636	Response	10	1439399	18	1
Manu	679	Response	10	1482139	75	1
Manu	681	Response	11	1514147	31849	1
Manu	768	Response	10	1564358	96	1
Manu	835	Response	10	1611056	110	1
Manu	878	Response	10	1653758	129	1
Manu	915	Response	10	1695316	4	1
Manu	968	Response	10	1739816	154	1
Manu	1004	Response	10	1781317	140	1
Manu	1049	Response	10	1824337	143	1
Manu	1088	Response	10	1868597	53	1
Manu	1124	Response	10	1910196	136	1
Manu	1126	Response	7	1928224	17830	1
Manu	1199	Response	10	1976155	69	1
Manu	1248	Response	10	2019815	47	1
Manu	1311	Response	10	2065897	111	1
Manu	1361	Response	10	2109716	80	1
Manu	1413	Response	10	2153835	16	1
Manu	1498	Response	10	2203576	71	1
Manu	1526	Response	10	2243717	30	1
Manu	1576	Response	10	2287595	57	1
Manu	1616	Response	10	2329836	116	1
Manu	1646	Response	10	2370254	19	1
Manu	1648	Response	7	2390691	20122	1
Manu	1692	Response	10	2433695	102	1
Manu	1729	Response	10	2475356	81	1
Manu	1762	Response	10	2516355	64	1
Manu	1860	Response	10	2568236	92	1
Manu	1886	Response	10	2608075	82	1
Manu	1973	Response	10	2658115	104	1
Manu	2010	Response	10	2699776	82	1
Manu	2059	Response	10	2743416	38	1
Manu	2124	Response	10	2789736	8	1
Manu	2170	Response	10	2832956	44	1
Manu	2172	Response	6	2851749	18504	1
Manu	2225	Response	10	2896435	166	1
Manu	2411	Response	10	2962895	101	1
Manu	2444	Response	10	3003813	3	1
Manu	2488	Response	10	3046716	56	1
Manu	2538	Response	10	3090575	65	1
Manu	2582	Response	10	3133513	154	1
Manu	2632	Response	10	3177214	5	1
Manu	2657	Response	10	3216892	1	2
Manu	2750	Response	10	3268054	144	1
Manu	2783	Response	10	3308995	69	1
Manu	2785	Response	6	3325545	16286	1
Manu	2828	Response	10	3368432	150	1
Manu	2879	Response	10	3414313	13	1
Manu	2917	Response	10	3456237	88	1
Manu	2961	Response	10	3499274	109	1
Manu	3007	Response	10	3542453	105	1
Manu	3094	Response	10	3592633	100	1
Manu	3160	Response	10	3639094	42	1
Manu	3204	Response	10	3681993	92	1
Manu	3284	Response	10	3730774	21	1
Manu	3320	Response	10	3772432	163	1
Manu	3322	Response	6	3792316	19714	1
Manu	3422	Response	10	3844630	1	2
Manu	3448	Response	10	3884533	55	1
Manu	3489	Response	10	3926933	105	1
Manu	3491	Response	11	3949912	22851	1
Manu	3570	Response	10	3998772	84	1
Manu	3623	Response	10	4043154	115	1
Manu	3693	Response	10	4090311	88	1
Manu	3741	Response	10	4133813	73	1
Manu	3781	Response	10	4175991	69	1
Manu	3865	Response	10	4225591	150	1
Manu	3927	Response	10	4271351	59	1
Manu	3929	Response	7	4292913	21287	1
Manu	3983	Response	10	4337593	109	1
Manu	4032	Response	10	4381193	25	1
Manu	4070	Response	10	4423113	96	1
Manu	4111	Response	10	4465370	4	1
Manu	4173	Response	10	4511291	74	1
Manu	4207	Response	10	4552711	145	1
Manu	4252	Response	10	4595611	29	1
Manu	4339	Response	10	4645672	71	1
Manu	4454	Response	10	4700430	141	1
Manu	4492	Response	10	4742152	14	1
Manu	4494	Response	7	4758669	16197	1
Manu	4538	Response	10	4801712	51	1
Manu	4578	Response	10	4843872	29	1
Manu	4701	Response	10	4899871	7	1
Manu	4755	Response	10	4944533	151	1
Manu	4812	Response	10	4989490	91	1
Manu	4853	Response	10	5031771	23	1
Manu	4894	Response	10	5074211	113	1
Manu	4934	Response	10	5116329	48	1
Manu	4997	Response	10	5162351	53	1
Manu	5032	Response	10	5203811	164	1
Manu	5034	Response	6	5219834	15853	1
Manu	5079	Response	10	5263069	66	1
Manu	5125	Response	10	5306351	164	1
Manu	5163	Response	10	5348191	155	1
Manu	5204	Response	10	5390429	44	1
Manu	5275	Response	10	5437808	72	1
Manu	5318	Response	10	5480431	12	1
Manu	5351	Response	10	5521470	35	1
Manu	5384	Response	10	5562590	140	1
Manu	5452	Response	10	5611490	21	1
Manu	5507	Response	10	5656230	77	1
Manu	5509	Response	7	5700729	44243	1
Manu	5604	Response	10	5752349	160	1
Manu	5644	Response	10	5794470	98	1
Manu	5679	Response	10	5835729	8	1
Manu	5731	Response	10	5879970	65	1
Manu	5788	Response	10	5925049	127	1
Manu	5847	Response	10	5970570	131	1
Manu	5891	Response	10	6015749	127	1
Manu	5979	Response	10	6069367	57	1
Manu	6065	Response	10	6119187	25	1
Manu	6114	Response	10	6162929	83	1
Manu	6116	Response	7	6203074	39895	1
Manu	6160	Response	10	6246069	25	1
Manu	6251	Response	10	6296889	159	1
Manu	6288	Response	10	6338567	155	1
Manu	6332	Response	10	6381387	125	1
Manu	6365	Response	10	6422429	151	1
Manu	6401	Response	10	6463809	16	1
Manu	6403	Response	11	7251446	787419	1
Manu	6521	Response	10	7306825	44	1
Manu	6623	Response	10	7359367	66	1
Manu	6660	Response	10	7401126	143	1
Manu	6705	Response	10	7444047	47	1
Manu	6707	Response	7	7460594	16260	1
Manu	6846	Response	10	7519427	65	1
Manu	6882	Response	10	7561005	127	1
Manu	6924	Response	10	7603506	112	1
Manu	6999	Response	10	7651445	32	1
Manu	7039	Response	10	7693745	150	1
Manu	7083	Response	10	7736445	1	1
Manu	7161	Response	10	7785027	64	1
Manu	7204	Response	10	7827805	159	1
Manu	7242	Response	10	7869528	33	1
Manu	7280	Response	10	7911345	1	1
Manu	7282	Response	7	7931865	20187	1
Manu	7438	Response	10	7993684	142	1
Manu	7482	Response	10	8036524	132	1
Manu	7530	Response	10	8082244	1	1
Manu	7596	Response	10	8128846	85	1
Manu	7689	Response	10	8179946	166	1
Manu	7725	Response	10	8221326	30	1
Manu	7756	Response	10	8262044	66	1
Manu	7822	Response	10	8308525	29	1
Manu	7857	Response	10	8349965	120	1
Manu	7895	Response	10	8391787	93	1
Manu	7897	Response	6	8412345	20317	1
Manu	7954	Response	10	8457688	136	1
Manu	7993	Response	10	8499583	15	1
Manu	8051	Response	10	8544765	13	1
Manu	8146	Response	10	8596203	98	1
Manu	8175	Response	10	8636484	31	1
Manu	8213	Response	10	8678364	61	1
Manu	8262	Response	10	8722102	116	1
Manu	8304	Response	10	8764604	101	1
Manu	8349	Response	10	8807521	3	1
Manu	8388	Response	10	8849623	88	1
Manu	8390	Response	8	8865772	15904	1
Manu	8424	Response	10	8907083	26	1
Manu	8467	Response	10	8951863	122	1
Manu	8511	Response	10	8994741	151	1
Manu	8548	Response	10	9036284	12	1
Manu	8572	Response	10	9075944	156	1
Manu	8639	Response	10	9122623	151	1
Manu	8686	Response	10	9165844	22	1
Manu	8734	Response	10	9209341	3	1
Manu	8786	Response	10	9253584	62	1
Manu	8820	Response	10	9294804	99	1
Manu	8822	Response	7	9313911	18874	1
Manu	8863	Response	10	9356422	27	1
Manu	8901	Response	10	9398381	137	1
Manu	8950	Response	10	9442041	114	1
Manu	8992	Response	10	9484521	78	1
Manu	9038	Response	10	9527643	17	1
Manu	9108	Response	10	9574861	50	1
Manu	9183	Response	10	9622843	14	1
Manu	9292	Response	10	9676602	86	1
Manu	9368	Response	10	9724800	99	1
Manu	9370	Response	11	11865901	2140966	1
Manu	9550	Response	10	11931677	136	1
Manu	9552	Response	4	11974971	43097	1
Manu	9594	Response	10	12019779	37	1
Manu	9625	Response	10	12060536	112	1
Manu	9664	Response	10	12102456	16	1
Manu	9692	Response	10	12142718	96	1
Manu	9766	Response	10	12192577	103	1
Manu	9814	Response	10	12236156	166	1
Manu	9852	Response	10	12280138	130	1
Manu	9896	Response	10	12322876	19	1
Manu	9927	Response	10	12363556	17	1
Manu	9964	Response	10	12407818	95	1
Manu	9966	Response	8	12423077	15021	1
Manu	10020	Response	10	12467796	50	1
Manu	10065	Response	10	12512936	6	1
Manu	10108	Response	10	12555635	23	1
Manu	10169	Response	10	12601455	159	1
Manu	10198	Response	10	12641677	32	1
Manu	10236	Response	10	12683634	140	1
Manu	10274	Response	10	12725476	132	1
Manu	10307	Response	10	12766397	38	1
Manu	10344	Response	10	12808355	147	1
Manu	10389	Response	10	12851316	92	1
Manu	10391	Response	8	12865597	14039	1
Manu	10449	Response	10	12910995	81	1
Manu	10482	Response	10	12952096	167	1
Manu	10538	Response	10	12996876	96	1
Manu	10585	Response	10	13040296	166	1
Manu	10639	Response	10	13084654	7	1
Manu	10672	Response	10	13125714	52	1
Manu	10718	Response	10	13168955	109	1
Manu	10787	Response	10	13216015	152	1
Manu	10822	Response	10	13260856	142	1
Manu	10875	Response	10	13307136	71	1
Manu	10877	Response	8	13321922	14523	1
Manu	10956	Response	10	13370856	100	1
Manu	10998	Response	10	13413435	163	1
Manu	11049	Response	10	13457355	67	1
Manu	11093	Response	10	13500256	118	1
Manu	11132	Response	10	13542313	159	1
Manu	11201	Response	10	13589334	162	1
Manu	11237	Response	10	13630715	27	1
Manu	11259	Response	10	13669955	85	1
Manu	11289	Response	10	13710475	90	1
Manu	11325	Response	10	13752035	134	1
Manu	11327	Response	9	13770033	17799	1
Manu	11362	Response	10	13811574	150	1
Manu	11440	Response	10	13860094	153	1
Manu	11483	Response	10	13902734	110	1
Manu	11521	Response	10	13946712	71	1
Manu	11577	Response	10	13991533	41	1
Manu	11635	Response	10	14036792	116	1
Manu	11663	Response	10	14076892	34	1
Manu	11702	Response	10	14118953	79	1
Manu	11734	Response	10	14159734	12	1
Manu	11760	Response	10	14199593	22	1
Manu	11762	Response	9	14214951	15047	1
Manu	11831	Response	10	14262134	39	1
Manu	11886	Response	10	14306914	135	1
Manu	11888	Response	11	14329438	22426	1
Manu	11933	Response	10	14372734	97	1


{
   "app": "Presentation Version 22.1 Build 10.23.20",
   "device": "Dell Inc. Precision 7540",
   "experiment": "{511FFCDC-2E1A-453A-8288-A45BB0DEC473}",
   "os": "Windows 10 64 bit",
   "package": "",
   "parameters": {
      "configuration": "Default configuration"
   },
   "scenario": "ExpePerceptionApproche.sce",
   "subject": "Manu",
   "timestamp": "2020/11/27 17:01:46 GMT"
}
