Scenario - PerceptionDeplacement
Logfile written - 10/13/2020 12:10:15

Subject	Trial	Event Type	Code	Time	TTime	Uncertainty	Duration	Uncertainty	ReqTime	ReqDur	Stim Type	Pair Index

PresJeremie	1	Response	6	54963	54797	1
PresJeremie	2	Response	7	77249	21964	1
PresJeremie	397	Response	10	143354	146	1
PresJeremie	399	Response	8	210815	67274	1
PresJeremie	400	Response	4	229220	18071	1
PresJeremie	728	Response	10	283954	35	1
PresJeremie	730	Response	6	358284	74032	1
PresJeremie	731	Response	4	384835	26314	1
PresJeremie	975	Response	10	425705	75	1
PresJeremie	977	Response	8	489003	63040	1
PresJeremie	978	Response	5	507959	18719	1
PresJeremie	1110	Response	10	530075	36	1
PresJeremie	1112	Response	5	613818	83447	1
PresJeremie	1113	Response	5	638449	24317	1
PresJeremie	1325	Response	10	674035	122	1
PresJeremie	1327	Response	8	755320	81074	1
PresJeremie	1328	Response	4	771274	15599	1
PresJeremie	1477	Response	10	796264	124	1
PresJeremie	1479	Response	6	944967	148494	1
PresJeremie	1480	Response	5	980196	35019	1
PresJeremie	1575	Response	10	996195	62	1
PresJeremie	1577	Response	8	1049375	52909	1
PresJeremie	1578	Response	4	1066020	16434	1
PresJeremie	1684	Response	10	1083876	153	1
PresJeremie	1686	Quit		1140704	56648	NA


{
   "app": "Presentation Version 22.0 Build 05.10.20",
   "device": "Dell Inc. G5 5590",
   "experiment": "{511FFCDC-2E1A-453A-8288-A45BB0DEC473}",
   "os": "Windows 10 64 bit",
   "package": "",
   "parameters": {
      "configuration": "Default configuration"
   },
   "scenario": "ExpePerceptionDeplacement.sce",
   "subject": "PresJeremie",
   "timestamp": "2020/10/13 10:08:18 GMT"
}
