Scenario - PerceptionDeplacement
Logfile written - 12/07/2020 15:06:52

Subject	Trial	Event Type	Code	Time	TTime	Uncertainty	Duration	Uncertainty	ReqTime	ReqDur	Stim Type	Pair Index

Sandrine7_12	1	Response	11	107981	107815	1
Sandrine7_12	1	Response	11	159482	159316	1
Sandrine7_12	1	Response	11	207152	206985	1
Sandrine7_12	1	Response	11	437995	437829	1
Sandrine7_12	1	Response	11	527557	527391	1
Sandrine7_12	523	Response	10	665394	140	1
Sandrine7_12	842	Response	10	753945	102	1
Sandrine7_12	1050	Response	10	824084	135	1
Sandrine7_12	1400	Response	10	917751	51	1
Sandrine7_12	1607	Response	10	987684	45	1
Sandrine7_12	1834	Response	10	1060935	26	1
Sandrine7_12	1836	Response	11	1496267	435125	1
Sandrine7_12	2053	Response	10	1568110	143	1
Sandrine7_12	2282	Response	10	1641601	32	1
Sandrine7_12	2452	Response	10	1705417	70	1
Sandrine7_12	2709	Response	10	1783735	123	1
Sandrine7_12	2844	Response	10	1841621	59	1
Sandrine7_12	3079	Response	10	1916250	86	1
Sandrine7_12	3187	Response	10	1969664	48	1
Sandrine7_12	3438	Response	10	2046891	8	1
Sandrine7_12	3677	Response	10	2122250	99	1
Sandrine7_12	3816	Response	10	2180918	152	1
Sandrine7_12	3941	Response	10	2237072	22	1
Sandrine7_12	4169	Response	10	2310561	75	1
Sandrine7_12	4250	Response	10	2359562	119	1
Sandrine7_12	4351	Response	10	2411894	162	1
Sandrine7_12	4457	Response	10	2464944	92	1
Sandrine7_12	4570	Response	10	2519214	76	1
Sandrine7_12	4675	Response	10	2572124	32	1
Sandrine7_12	4770	Response	10	2623435	54	1
Sandrine7_12	4871	Response	10	2675685	17	1
Sandrine7_12	4961	Response	10	2726279	155	1
Sandrine7_12	5058	Response	10	2777820	74	1
Sandrine7_12	5153	Response	10	2829058	23	1
Sandrine7_12	5235	Response	10	2878277	119	1
Sandrine7_12	5330	Response	10	2929455	8	1
Sandrine7_12	5521	Response	10	2996861	139	1
Sandrine7_12	5699	Response	10	3061882	51	1
Sandrine7_12	5821	Response	10	3117674	58	1
Sandrine7_12	5976	Response	10	3178908	12	1
Sandrine7_12	6121	Response	10	3238569	59	1
Sandrine7_12	6223	Response	10	3291042	76	1
Sandrine7_12	6306	Response	10	3340370	114	1
Sandrine7_12	6392	Response	10	3390154	108	1
Sandrine7_12	6510	Response	10	3445304	140	1
Sandrine7_12	6641	Response	10	3502465	17	1
Sandrine7_12	6710	Response	10	3549552	145	1
Sandrine7_12	6882	Response	10	3613554	37	1
Sandrine7_12	7048	Response	10	3676780	151	1
Sandrine7_12	7141	Response	10	3727736	152	1
Sandrine7_12	7227	Response	10	3777402	27	1
Sandrine7_12	7309	Response	10	3826625	127	1
Sandrine7_12	7427	Response	10	3881775	158	1
Sandrine7_12	7560	Response	10	3939399	165	1
Sandrine7_12	7652	Response	10	3990114	91	1
Sandrine7_12	7729	Response	10	4038432	118	1
Sandrine7_12	7819	Response	10	4088785	15	1
Sandrine7_12	7948	Response	10	4145808	88	1
Sandrine7_12	8018	Response	10	4192898	52	1
Sandrine7_12	8156	Response	10	4251434	139	1
Sandrine7_12	8216	Response	10	4296910	155	1
Sandrine7_12	8307	Response	10	4347505	127	1
Sandrine7_12	8374	Response	10	4396297	128	1
Sandrine7_12	8439	Response	10	4442496	34	1
Sandrine7_12	8441	Response	5	4498427	55632	1
Sandrine7_12	8442	Response	11	5446079	947433	1
Sandrine7_12	9729	Response	10	5696171	135	1
Sandrine7_12	9824	Response	10	5747444	119	1
Sandrine7_12	9919	Response	10	5798645	32	1
Sandrine7_12	10032	Response	10	5852947	47	1
Sandrine7_12	10099	Response	10	5899590	65	1
Sandrine7_12	10178	Response	10	5948181	31	1
Sandrine7_12	10257	Response	10	5996844	70	1
Sandrine7_12	10357	Response	10	6049042	147	1
Sandrine7_12	10430	Response	10	6096547	27	1
Sandrine7_12	10496	Response	10	6143114	134	1
Sandrine7_12	10585	Response	10	6193577	141	1
Sandrine7_12	10658	Response	10	6243608	49	1
Sandrine7_12	10715	Response	10	6288586	66	1
Sandrine7_12	10776	Response	10	6334211	64	1
Sandrine7_12	10923	Response	10	6394131	37	1
Sandrine7_12	11017	Response	10	6445314	97	1
Sandrine7_12	11100	Response	10	6494548	41	1
Sandrine7_12	11178	Response	10	6545584	121	1
Sandrine7_12	11253	Response	10	6593449	28	1
Sandrine7_12	11298	Response	10	6636535	152	1
Sandrine7_12	11300	Response	10	6639075	2358	1
Sandrine7_12	11362	Response	10	6720366	56	1
Sandrine7_12	11450	Response	10	6770468	35	1
Sandrine7_12	11529	Response	10	6819122	65	1
Sandrine7_12	11598	Response	10	6866335	152	1
Sandrine7_12	11691	Response	10	6917160	21	1
Sandrine7_12	11764	Response	10	6964806	42	1
Sandrine7_12	11860	Response	10	7016279	61	1
Sandrine7_12	11945	Response	10	7065875	33	1
Sandrine7_12	12108	Response	10	7128536	81	1
Sandrine7_12	12183	Response	10	7176543	130	1
Sandrine7_12	12314	Response	10	7233790	94	1
Sandrine7_12	12380	Response	10	7280209	54	1
Sandrine7_12	12457	Response	10	7328506	59	1
Sandrine7_12	12528	Response	10	7375862	123	1
Sandrine7_12	12606	Response	10	7424231	34	1
Sandrine7_12	12675	Response	10	7471227	71	1
Sandrine7_12	12766	Response	10	7521832	54	1
Sandrine7_12	12845	Response	10	7570417	14	1
Sandrine7_12	12916	Response	10	7617773	78	1
Sandrine7_12	12969	Response	10	7662097	108	1
Sandrine7_12	13028	Response	10	7707431	148	1
Sandrine7_12	13105	Response	10	7755729	155	1
Sandrine7_12	13161	Response	10	7800489	121	1
Sandrine7_12	13269	Response	10	7853838	16	1
Sandrine7_12	13360	Response	10	7905164	53	1
Sandrine7_12	13439	Response	10	7953819	84	1
Sandrine7_12	13519	Response	10	8002620	94	1
Sandrine7_12	13602	Response	10	8051855	38	1
Sandrine7_12	13703	Response	10	8104192	88	1
Sandrine7_12	13769	Response	10	8150683	119	1
Sandrine7_12	13805	Response	10	8192054	26	1
Sandrine7_12	13853	Response	10	8235514	25	1
Sandrine7_12	13855	Response	5	8285002	49179	1
Sandrine7_12	13856	Response	11	8308432	23252	1
Sandrine7_12	14083	Response	10	8381924	62	1
Sandrine7_12	14162	Response	10	8430511	25	1
Sandrine7_12	14199	Response	10	8472241	124	1
Sandrine7_12	14322	Response	10	8528184	116	1
Sandrine7_12	14401	Response	10	8576771	79	1
Sandrine7_12	14501	Response	10	8628814	1	1
Sandrine7_12	14544	Response	10	8671478	35	1
Sandrine7_12	14581	Response	10	8713201	128	1
Sandrine7_12	14698	Response	10	8768060	34	1
Sandrine7_12	14786	Response	10	8818229	80	1
Sandrine7_12	14832	Response	10	8863776	0	1
Sandrine7_12	14870	Response	10	8905647	74	1
Sandrine7_12	14910	Response	10	8950257	57	1
Sandrine7_12	14946	Response	10	8991761	97	1
Sandrine7_12	14986	Response	10	9033915	121	1
Sandrine7_12	15155	Response	10	9097509	104	1
Sandrine7_12	15278	Response	10	9153458	101	1
Sandrine7_12	15379	Response	10	9205721	77	1
Sandrine7_12	15473	Response	10	9256906	140	1
Sandrine7_12	15551	Response	10	9305268	44	1
Sandrine7_12	15595	Response	10	9348289	103	1
Sandrine7_12	15628	Response	10	9389288	137	1
Sandrine7_12	15667	Response	10	9431155	41	1
Sandrine7_12	15769	Response	10	9483680	111	1
Sandrine7_12	15771	Response	10	9487672	3770	1
Sandrine7_12	15889	Response	10	9574588	99	1
Sandrine7_12	15937	Response	10	9618043	92	1
Sandrine7_12	16035	Response	10	9669801	62	1
Sandrine7_12	16139	Response	10	9722569	42	1
Sandrine7_12	16261	Response	10	9778438	126	1
Sandrine7_12	16337	Response	10	9828684	82	1
Sandrine7_12	16426	Response	10	9878997	106	1
Sandrine7_12	16519	Response	10	9929891	44	1
Sandrine7_12	16605	Response	10	9979697	61	1
Sandrine7_12	16662	Response	10	10024742	144	1
Sandrine7_12	16704	Response	10	10067116	56	1
Sandrine7_12	16790	Response	10	10116925	75	1
Sandrine7_12	16875	Response	10	10166519	46	1
Sandrine7_12	17007	Response	10	10224052	129	1
Sandrine7_12	17092	Response	10	10273575	28	1
Sandrine7_12	17219	Response	10	10330237	73	1
Sandrine7_12	17353	Response	10	10387990	43	1
Sandrine7_12	17417	Response	10	10434122	48	1
Sandrine7_12	17483	Response	10	10480616	83	1
Sandrine7_12	17547	Response	10	10528770	112	1
Sandrine7_12	17618	Response	10	10575989	39	1
Sandrine7_12	17651	Response	10	10617069	155	1
Sandrine7_12	17715	Response	10	10663135	94	1
Sandrine7_12	17812	Response	10	10714761	98	1
Sandrine7_12	17851	Response	10	10756707	82	1
Sandrine7_12	17889	Response	10	10798514	92	1
Sandrine7_12	17929	Response	10	10840682	129	1
Sandrine7_12	17988	Response	10	10885952	106	1
Sandrine7_12	17990	Response	5	10930633	44453	1
Sandrine7_12	17991	Response	11	11433529	502655	1
Sandrine7_12	18312	Response	10	11522633	7	1
Sandrine7_12	18377	Response	10	11568932	14	1
Sandrine7_12	18449	Response	10	11616524	147	1
Sandrine7_12	18522	Response	10	11664040	38	1
Sandrine7_12	18586	Response	10	11710187	59	1
Sandrine7_12	18657	Response	10	11757558	137	1
Sandrine7_12	18710	Response	10	11801823	108	1
Sandrine7_12	18771	Response	10	11847603	94	1
Sandrine7_12	18850	Response	10	11896273	140	1
Sandrine7_12	19133	Response	10	11978736	8	1
Sandrine7_12	19213	Response	10	12027547	29	1
Sandrine7_12	19332	Response	10	12082855	51	1
Sandrine7_12	19447	Response	10	12139749	161	1
Sandrine7_12	19661	Response	10	12210721	29	1
Sandrine7_12	19905	Response	10	12286819	26	1
Sandrine7_12	19972	Response	10	12335771	21	1
Sandrine7_12	20141	Response	10	12399448	87	1
Sandrine7_12	20242	Response	10	12451650	1	1
Sandrine7_12	20329	Response	10	12501612	6	1
Sandrine7_12	20478	Response	10	12561901	15	1
Sandrine7_12	20538	Response	10	12607389	43	1
Sandrine7_12	20597	Response	10	12652731	91	1
Sandrine7_12	20794	Response	10	12723128	49	1
Sandrine7_12	20971	Response	10	12788183	160	1
Sandrine7_12	21062	Response	10	12838724	79	1
Sandrine7_12	21129	Response	10	12885292	21	1
Sandrine7_12	21315	Response	10	12952006	126	1
Sandrine7_12	21448	Response	10	13009549	53	1
Sandrine7_12	21577	Response	10	13066585	139	1
Sandrine7_12	21644	Response	10	13113371	132	1
Sandrine7_12	21707	Response	10	13159290	91	1
Sandrine7_12	21812	Response	10	13214232	81	1
Sandrine7_12	21897	Response	10	13263905	130	1
Sandrine7_12	21975	Response	10	13312282	50	1
Sandrine7_12	22112	Response	10	13370618	103	1
Sandrine7_12	22623	Response	10	13491194	118	1
Sandrine7_12	22718	Response	10	13542385	20	1
Sandrine7_12	22788	Response	10	13589606	115	1
Sandrine7_12	22893	Response	10	13642528	84	1
Sandrine7_12	22960	Response	10	13689172	102	1
Sandrine7_12	22992	Response	10	13730186	152	1
Sandrine7_12	23037	Response	10	13773123	125	1
Sandrine7_12	23039	Response	10	13776688	3358	1
Sandrine7_12	23151	Response	10	13865204	121	1
Sandrine7_12	23267	Response	10	13919932	63	1
Sandrine7_12	23327	Response	10	13965347	17	1
Sandrine7_12	23417	Response	10	14015885	100	1
Sandrine7_12	23584	Response	10	14079203	139	1
Sandrine7_12	23758	Response	10	14143533	25	1
Sandrine7_12	23819	Response	10	14189234	99	1
Sandrine7_12	23864	Response	10	14232123	25	1
Sandrine7_12	23905	Response	10	14274433	39	1
Sandrine7_12	23968	Response	10	14320425	72	1
Sandrine7_12	24024	Response	10	14366128	148	1


{
   "app": "Presentation Version 22.0 Build 05.10.20",
   "device": "Dell Inc. G5 5590",
   "experiment": "{511FFCDC-2E1A-453A-8288-A45BB0DEC473}",
   "os": "Windows 10 64 bit",
   "package": "",
   "parameters": {
      "configuration": "Default configuration"
   },
   "scenario": "ExpePerceptionApproche.sce",
   "subject": "Sandrine7_12",
   "timestamp": "2020/12/07 13:42:52 GMT"
}
