Scenario - PerceptionDeplacement
Logfile written - 12/26/2020 12:44:48

Subject	Trial	Event Type	Code	Time	TTime	Uncertainty	Duration	Uncertainty	ReqTime	ReqDur	Stim Type	Pair Index

Sophie	1	Response	2	8810	8577	1
Sophie	2	Response	11	47168	38110	1
Sophie	18	Response	11	204171	6694	1
Sophie	19	Response	11	235023	27471	1
Sophie	25	Response	11	289535	4457	1
Sophie	26	Response	11	319249	24107	1
Sophie	42	Response	11	477109	7726	1
Sophie	43	Response	11	506811	27330	1
Sophie	49	Response	11	562436	5558	1
Sophie	50	Response	11	600052	33147	1
Sophie	67	Response	11	768284	8208	1
Sophie	68	Response	11	793559	23333	1
Sophie	74	Response	11	851237	7661	1
Sophie	75	Response	11	890095	36441	1
Sophie	76	Response	11	1385026	494638	1
Sophie	76	Response	11	1444182	553793	1
Sophie	76	Response	11	1642765	752377	1
Sophie	76	Response	11	1906677	1016289	1
Sophie	76	Response	11	2054478	1164089	1
Sophie	798	Response	10	2225518	129	1
Sophie	933	Response	10	2283366	28	1
Sophie	1134	Response	10	2352296	18	1
Sophie	1244	Response	10	2406145	81	1
Sophie	1373	Response	10	2463102	88	1
Sophie	1479	Response	10	2516219	84	1
Sophie	1481	Response	11	2712809	196442	1
Sophie	1732	Response	10	2790333	105	1
Sophie	1957	Response	10	2863234	69	1
Sophie	2069	Response	10	2917361	77	1
Sophie	2156	Response	10	2967332	92	1
Sophie	2216	Response	10	3012754	54	1
Sophie	2323	Response	10	3066002	15	1
Sophie	2441	Response	10	3121134	29	1
Sophie	2535	Response	10	3172352	125	1
Sophie	2616	Response	10	3221252	67	1
Sophie	2618	Response	8	3278920	57402	1
Sophie	2697	Response	10	3327672	80	1
Sophie	2822	Response	10	3383890	14	1
Sophie	2964	Response	10	3443082	91	1
Sophie	3104	Response	10	3501901	128	1
Sophie	3239	Response	10	3559856	133	1
Sophie	3353	Response	10	3614262	87	1
Sophie	3651	Response	10	3699274	7	1
Sophie	3793	Response	10	3758392	10	1
Sophie	3898	Response	10	3811346	16	1
Sophie	4028	Response	10	3868494	41	1
Sophie	4030	Response	7	3887935	19149	1
Sophie	4133	Response	10	3940821	98	1
Sophie	4314	Response	10	4006463	130	1
Sophie	4429	Response	10	4061075	123	1
Sophie	4519	Response	10	4111557	150	1
Sophie	4606	Response	10	4161464	100	1
Sophie	4689	Response	10	4210792	138	1
Sophie	4738	Response	10	4254390	107	1
Sophie	4829	Response	10	4304942	37	1
Sophie	4929	Response	10	4357100	74	1
Sophie	5003	Response	10	4404969	152	1
Sophie	5005	Response	7	4434116	28965	1
Sophie	5092	Response	10	4484332	84	1
Sophie	5185	Response	10	4535320	116	1
Sophie	5305	Response	10	4590738	83	1
Sophie	5388	Response	10	4639989	43	1
Sophie	5495	Response	10	4693233	1	4
Sophie	5587	Response	10	4744143	122	1
Sophie	5677	Response	10	4794559	82	1
Sophie	5764	Response	10	4844534	100	1
Sophie	5876	Response	10	4898719	166	1
Sophie	5925	Response	10	4942310	129	1
Sophie	5927	Response	8	4962968	20454	1
Sophie	6097	Response	10	5027028	88	1
Sophie	6156	Response	10	5072295	61	1
Sophie	6232	Response	10	5120376	17	1
Sophie	6302	Response	10	5167588	104	1
Sophie	6377	Response	10	5215472	30	1
Sophie	6427	Response	10	5259272	34	1
Sophie	6498	Response	10	5306629	99	1
Sophie	6624	Response	10	5363142	162	1
Sophie	6704	Response	10	5411804	33	1
Sophie	6755	Response	10	5455839	106	1
Sophie	6757	Response	8	5482369	26304	1
Sophie	6836	Response	10	5531199	32	1
Sophie	6887	Response	10	5577318	25	1
Sophie	6948	Response	10	5623017	97	1
Sophie	6950	Response	11	5661261	38108	1
Sophie	7077	Response	10	5718027	23	1
Sophie	7155	Response	10	5766479	18	1
Sophie	7236	Response	10	5815517	99	1
Sophie	7319	Response	10	5864820	112	1
Sophie	7361	Response	10	5907257	86	1
Sophie	7437	Response	10	5955341	45	1
Sophie	7502	Response	10	6001608	19	1
Sophie	7504	Response	8	6018016	16094	1
Sophie	7617	Response	10	6072407	47	1
Sophie	7700	Response	10	6121720	69	1
Sophie	7777	Response	10	6169946	5	1
Sophie	7895	Response	10	6225277	51	1
Sophie	7945	Response	10	6271486	133	1
Sophie	8051	Response	10	6324508	35	1
Sophie	8159	Response	10	6377952	25	1
Sophie	8216	Response	10	6422986	99	1
Sophie	8291	Response	10	6470997	151	1
Sophie	8365	Response	10	6518797	160	1
Sophie	8367	Response	7	6547609	28639	1
Sophie	8476	Response	10	6603870	140	1
Sophie	8618	Response	10	6662972	127	1
Sophie	8706	Response	10	6713013	46	1
Sophie	8785	Response	10	6763777	20	1
Sophie	8865	Response	10	6812741	27	1
Sophie	8950	Response	10	6862419	82	1
Sophie	8989	Response	10	6904413	113	1
Sophie	9074	Response	10	6954091	1	2
Sophie	9199	Response	10	7010515	141	1
Sophie	9277	Response	10	7058965	133	1
Sophie	9279	Response	8	7075861	16696	1
Sophie	9425	Response	10	7135765	1	3
Sophie	9501	Response	10	7183922	33	1
Sophie	9589	Response	10	7234176	164	1
Sophie	9703	Response	10	7288573	108	1
Sophie	9782	Response	10	7337175	86	1
Sophie	9974	Response	10	7404540	11	1
Sophie	10068	Response	10	7455676	25	1
Sophie	10148	Response	10	7504551	109	1
Sophie	10268	Response	10	7559895	1	1
Sophie	10386	Response	10	7615165	152	1
Sophie	10388	Response	8	7629000	13654	1
Sophie	10485	Response	10	7680789	1	3
Sophie	10613	Response	10	7737578	6	1
Sophie	10748	Response	10	7795594	73	1
Sophie	10837	Response	10	7845927	116	1
Sophie	10920	Response	10	7895102	1	3
Sophie	10998	Response	10	7943618	59	1
Sophie	11117	Response	10	7998885	41	1
Sophie	11196	Response	10	8047553	85	1
Sophie	11318	Response	10	8103253	0	1
Sophie	11402	Response	10	8152782	73	1
Sophie	11404	Response	8	8167841	14799	1
Sophie	11494	Response	10	8218564	79	1
Sophie	11534	Response	10	8260763	148	1
Sophie	11610	Response	10	8308773	33	1
Sophie	11652	Response	10	8351351	149	1
Sophie	11726	Response	10	8399152	158	1
Sophie	11799	Response	10	8446718	99	1
Sophie	11801	Response	11	8662828	215976	1
Sophie	12003	Response	10	8732112	75	1
Sophie	12090	Response	10	8782092	100	1
Sophie	12212	Response	10	8837783	5	1
Sophie	12286	Response	10	8886580	11	1
Sophie	12348	Response	10	8932494	132	1
Sophie	12528	Response	10	8997839	35	1
Sophie	12599	Response	10	9045201	105	1
Sophie	12650	Response	10	9089214	156	1
Sophie	12728	Response	10	9137590	75	1
Sophie	12778	Response	10	9181321	11	1
Sophie	12844	Response	10	9230194	93	1
Sophie	13011	Response	10	9293433	54	1
Sophie	13053	Response	10	9338391	51	1
Sophie	13127	Response	10	9386183	52	1
Sophie	13129	Response	8	9412083	25618	1
Sophie	13209	Response	10	9461091	25	1
Sophie	13263	Response	10	9505626	98	1
Sophie	13366	Response	10	9558273	125	1
Sophie	13417	Response	10	9602213	104	1
Sophie	13501	Response	10	9651607	40	1
Sophie	13564	Response	10	9697653	127	1
Sophie	13646	Response	10	9746900	83	1
Sophie	13683	Response	10	9788600	154	1
Sophie	13769	Response	10	9838345	109	1
Sophie	13836	Response	10	9884909	46	1
Sophie	13838	Response	8	9899526	14330	1
Sophie	13935	Response	10	9951340	36	1
Sophie	14042	Response	10	10004649	58	1
Sophie	14103	Response	10	10050260	42	1
Sophie	14166	Response	10	10096236	58	1
Sophie	14204	Response	10	10138079	104	1
Sophie	14266	Response	10	10183911	143	1
Sophie	14336	Response	10	10233072	14	1
Sophie	14373	Response	10	10274846	158	1
Sophie	14409	Response	10	10316185	33	1
Sophie	14597	Response	10	10383049	122	1
Sophie	14599	Response	8	10398610	15350	1
Sophie	14645	Response	10	10442009	133	1
Sophie	14720	Response	10	10489931	97	1
Sophie	14814	Response	10	10541058	102	1
Sophie	14880	Response	10	10587549	133	1
Sophie	14960	Response	10	10636350	144	1
Sophie	15044	Response	10	10685663	0	1
Sophie	15091	Response	10	10729109	150	1
Sophie	15227	Response	10	10787198	124	1
Sophie	15302	Response	10	10835194	162	1
Sophie	15386	Response	10	10884514	25	1
Sophie	15388	Response	7	10909875	25053	1
Sophie	15489	Response	10	10964424	5	1
Sophie	15590	Response	10	11016857	150	1
Sophie	15661	Response	10	11064067	68	1
Sophie	15778	Response	10	11119037	87	1
Sophie	16036	Response	10	11197498	116	1
Sophie	16098	Response	10	11243337	161	1
Sophie	16174	Response	10	11291408	108	1
Sophie	16260	Response	10	11341097	7	1
Sophie	16399	Response	10	11399757	52	1
Sophie	16401	Response	11	11626438	226499	1
Sophie	16539	Response	10	11684989	33	1
Sophie	16615	Response	10	11733143	62	1
Sophie	16820	Response	10	11802828	141	1
Sophie	17005	Response	10	11868963	1	4
Sophie	17139	Response	10	11926837	92	1
Sophie	17202	Response	10	11972743	39	1
Sophie	17283	Response	10	12021825	164	1
Sophie	17362	Response	10	12070493	40	1
Sophie	17437	Response	10	12118427	16	1
Sophie	17502	Response	10	12164834	131	1
Sophie	17577	Response	10	12212764	102	1
Sophie	17579	Response	7	12292469	79475	1
Sophie	17700	Response	10	12348304	94	1
Sophie	17763	Response	10	12396454	120	1
Sophie	17884	Response	10	12452008	56	1
Sophie	17949	Response	10	12498345	99	1
Sophie	18006	Response	10	12545845	141	1
Sophie	18053	Response	10	12589130	131	1
Sophie	18088	Response	10	12630399	102	1
Sophie	18160	Response	10	12677821	65	1
Sophie	18194	Response	10	12718937	51	1
Sophie	18251	Response	10	12763965	118	1
Sophie	18253	Response	8	12781232	17052	1
Sophie	18345	Response	10	12832273	153	1
Sophie	18382	Response	10	12875935	19	1
Sophie	18459	Response	10	12924294	87	1
Sophie	18556	Response	10	12975856	27	1
Sophie	18631	Response	10	13023857	71	1
Sophie	18710	Response	10	13072514	104	1
Sophie	18784	Response	10	13120237	35	1
Sophie	18884	Response	10	13172382	59	1
Sophie	18934	Response	10	13216315	30	1
Sophie	18977	Response	10	13258954	40	1
Sophie	18979	Response	8	13276277	17030	1
Sophie	19061	Response	10	13327699	11	1
Sophie	19109	Response	10	13371217	68	1
Sophie	19177	Response	10	13418052	110	1
Sophie	19251	Response	10	13465842	109	1
Sophie	19316	Response	10	13512034	8	1
Sophie	19384	Response	10	13558952	133	1
Sophie	19444	Response	10	13604280	1	3
Sophie	19565	Response	10	13659898	1	3
Sophie	19635	Response	10	13707172	150	1
Sophie	19677	Response	10	13749737	84	1
Sophie	19679	Response	8	13766853	16868	1
Sophie	19723	Response	10	13809929	163	1
Sophie	19788	Response	10	13856124	65	1
Sophie	19884	Response	10	13909782	103	1
Sophie	19970	Response	10	13959531	62	1
Sophie	20045	Response	10	14007591	164	1
Sophie	20149	Response	10	14060318	104	1
Sophie	20234	Response	10	14109916	79	1
Sophie	20297	Response	10	14155955	158	1
Sophie	20349	Response	10	14199988	62	1
Sophie	20414	Response	10	14246245	27	1
Sophie	20509	Response	10	14297658	151	1
Sophie	20547	Response	10	14339431	127	1
Sophie	20619	Response	10	14386852	90	1


{
   "app": "Presentation Version 22.0 Build 05.10.20",
   "device": "Dell Inc. G5 5590",
   "experiment": "{511FFCDC-2E1A-453A-8288-A45BB0DEC473}",
   "os": "Windows 10 64 bit",
   "package": "",
   "parameters": {
      "configuration": "Default configuration"
   },
   "scenario": "ExpePerceptionApproche.sce",
   "subject": "Sophie",
   "timestamp": "2020/12/26 11:20:46 GMT"
}
