Scenario - PerceptionDeplacement
Logfile written - 12/26/2020 12:19:57

Subject	Trial	Event Type	Code	Time	TTime	Uncertainty	Duration	Uncertainty	ReqTime	ReqDur	Stim Type	Pair Index

Sophie	1	Response	2	34540	34307	1
Sophie	2	Response	11	788355	753652	1
Sophie	7	Response	11	830639	1606	1
Sophie	8	Quit		940326	101160	NA


{
   "app": "Presentation Version 22.0 Build 05.10.20",
   "device": "Dell Inc. G5 5590",
   "experiment": "{511FFCDC-2E1A-453A-8288-A45BB0DEC473}",
   "os": "Windows 10 64 bit",
   "package": "",
   "parameters": {
      "configuration": "Default configuration"
   },
   "scenario": "ExpePerceptionApproche.sce",
   "subject": "Sophie",
   "timestamp": "2020/12/26 11:18:20 GMT"
}
